#
# There is insufficient memory for the Java Runtime Environment to continue.
# Native memory allocation (malloc) failed to allocate 57616 bytes for Chunk::new
# Possible reasons:
#   The system is out of physical RAM or swap space
#   The process is running with CompressedOops enabled, and the Java Heap may be blocking the growth of the native heap
# Possible solutions:
#   Reduce memory load on the system
#   Increase physical memory or swap space
#   Check if swap backing store is full
#   Decrease Java heap size (-Xmx/-Xms)
#   Decrease number of Java threads
#   Decrease Java thread stack sizes (-Xss)
#   Set larger code cache with -XX:ReservedCodeCacheSize=
#   JVM is running with Zero Based Compressed Oops mode in which the Java heap is
#     placed in the first 32GB address space. The Java Heap base address is the
#     maximum limit for the native heap growth. Please use -XX:HeapBaseMinAddress
#     to set the Java Heap base and to place the Java Heap above 32GB virtual address.
# This output file may be truncated or incomplete.
#
#  Out of Memory Error (allocation.cpp:389), pid=27684, tid=0x0000000000000e88
#
# JRE version: Java(TM) SE Runtime Environment (8.0_261-b12) (build 1.8.0_261-b12)
# Java VM: Java HotSpot(TM) 64-Bit Server VM (25.261-b12 mixed mode windows-amd64 compressed oops)
# Failed to write core dump. Minidumps are not enabled by default on client versions of Windows
#

---------------  T H R E A D  ---------------

Current thread (0x0000028a69fee000):  JavaThread "C2 CompilerThread1" daemon [_thread_in_native, id=3720, stack(0x000000ca42800000,0x000000ca42900000)]

Stack: [0x000000ca42800000,0x000000ca42900000]
Native frames: (J=compiled Java code, j=interpreted, Vv=VM code, C=native code)
V  [jvm.dll+0x33e5f9]


Current CompileTask:
C2:  68689 8735       4       jdk.internal.org.objectweb.asm.MethodWriter::<init> (268 bytes)


---------------  P R O C E S S  ---------------

Java Threads: ( => current thread )
  0x0000028a6ebd6800 JavaThread "Sound engine" daemon [_thread_blocked, id=23960, stack(0x000000ca43b00000,0x000000ca43c00000)]
  0x0000028a6dc7a000 JavaThread "Snooper Timer" daemon [_thread_blocked, id=16360, stack(0x000000ca43700000,0x000000ca43800000)]
  0x0000028a6dc7d000 JavaThread "Timer hack thread" daemon [_thread_blocked, id=17360, stack(0x000000ca43600000,0x000000ca43700000)]
  0x0000028a6dc7f000 JavaThread "Worker-Bootstrap-7" daemon [_thread_in_Java, id=15156, stack(0x000000ca43300000,0x000000ca43400000)]
  0x0000028a6dc78800 JavaThread "Worker-Bootstrap-6" daemon [_thread_in_Java, id=10744, stack(0x000000ca43200000,0x000000ca43300000)]
  0x0000028a6dc7e800 JavaThread "Worker-Bootstrap-5" daemon [_thread_blocked, id=17480, stack(0x000000ca43100000,0x000000ca43200000)]
  0x0000028a6dc7d800 JavaThread "Worker-Bootstrap-4" daemon [_thread_in_Java, id=21812, stack(0x000000ca43000000,0x000000ca43100000)]
  0x0000028a6dc7b800 JavaThread "Worker-Bootstrap-3" daemon [_thread_in_Java, id=11396, stack(0x000000ca42f00000,0x000000ca43000000)]
  0x0000028a6dc7c000 JavaThread "Worker-Bootstrap-2" daemon [_thread_in_Java, id=4584, stack(0x000000ca42e00000,0x000000ca42f00000)]
  0x0000028a6dc7a800 JavaThread "Worker-Bootstrap-1" daemon [_thread_in_Java, id=25660, stack(0x000000ca42d00000,0x000000ca42e00000)]
  0x0000028a6a05e000 JavaThread "Service Thread" daemon [_thread_blocked, id=26964, stack(0x000000ca42b00000,0x000000ca42c00000)]
  0x0000028a69ff7000 JavaThread "C1 CompilerThread3" daemon [_thread_blocked, id=26904, stack(0x000000ca42a00000,0x000000ca42b00000)]
  0x0000028a69ff6000 JavaThread "C2 CompilerThread2" daemon [_thread_in_native, id=2420, stack(0x000000ca42900000,0x000000ca42a00000)]
=>0x0000028a69fee000 JavaThread "C2 CompilerThread1" daemon [_thread_in_native, id=3720, stack(0x000000ca42800000,0x000000ca42900000)]
  0x0000028a69fed000 JavaThread "C2 CompilerThread0" daemon [_thread_in_native, id=23952, stack(0x000000ca42700000,0x000000ca42800000)]
  0x0000028a69fec800 JavaThread "Attach Listener" daemon [_thread_blocked, id=23296, stack(0x000000ca42600000,0x000000ca42700000)]
  0x0000028a69fe5800 JavaThread "Signal Dispatcher" daemon [_thread_blocked, id=17308, stack(0x000000ca42500000,0x000000ca42600000)]
  0x0000028a69fe5000 JavaThread "Surrogate Locker Thread (Concurrent GC)" daemon [_thread_blocked, id=25684, stack(0x000000ca42400000,0x000000ca42500000)]
  0x0000028a69f61000 JavaThread "Finalizer" daemon [_thread_blocked, id=19316, stack(0x000000ca42300000,0x000000ca42400000)]
  0x0000028a69f5a000 JavaThread "Reference Handler" daemon [_thread_blocked, id=10320, stack(0x000000ca42200000,0x000000ca42300000)]
  0x0000028a40de4000 JavaThread "Render thread" [_thread_blocked, id=2684, stack(0x000000ca40c00000,0x000000ca40d00000)]

Other Threads:
  0x0000028a69f57800 VMThread [stack: 0x000000ca42100000,0x000000ca42200000] [id=19084]
  0x0000028a6a07b800 WatcherThread [stack: 0x000000ca42c00000,0x000000ca42d00000] [id=28636]

VM state:synchronizing (normal execution)

VM Mutex/Monitor currently owned by a thread:  ([mutex/lock_event])
[0x0000028a40de29d0] Safepoint_lock - owner thread: 0x0000028a69f57800
[0x0000028a40de3750] Threads_lock - owner thread: 0x0000028a69f57800
[0x0000028a40de30d0] Compile_lock - owner thread: 0x0000028a40de4000

heap address: 0x00000005cd000000, size: 7984 MB, Compressed Oops mode: Zero based, Oop shift amount: 3
Narrow klass base: 0x0000000000000000, Narrow klass shift: 3
Compressed class space size: 1073741824 Address: 0x00000007c0000000

Heap:
 garbage-first heap   total 8060928K, used 366578K [0x00000005cd000000, 0x00000005ce000f60, 0x00000007c0000000)
  region size 16384K, 5 young (81920K), 1 survivors (16384K)
 Metaspace       used 61882K, capacity 67218K, committed 67328K, reserved 1105920K
  class space    used 8659K, capacity 10135K, committed 10240K, reserved 1048576K

Heap Regions: (Y=young(eden), SU=young(survivor), HS=humongous(starts), HC=humongous(continues), CS=collection set, F=free, TS=gc time stamp, PTAMS=previous top-at-mark-start, NTAMS=next top-at-mark-start)
AC   0  O    TS     7 PTAMS 0x00000005cd000000 NTAMS 0x00000005cd000000 space 16384K, 100% used [0x00000005cd000000, 0x00000005ce000000)
AC   0  O    TS     0 PTAMS 0x00000005cf000000 NTAMS 0x00000005cf000000 space 16384K, 100% used [0x00000005ce000000, 0x00000005cf000000)
AC   0  O    TS     0 PTAMS 0x00000005d0000000 NTAMS 0x00000005d0000000 space 16384K, 100% used [0x00000005cf000000, 0x00000005d0000000)
AC   0  O    TS     7 PTAMS 0x00000005d0000000 NTAMS 0x00000005d0000000 space 16384K, 100% used [0x00000005d0000000, 0x00000005d1000000)
AC   0  O    TS     0 PTAMS 0x00000005d2000000 NTAMS 0x00000005d2000000 space 16384K, 100% used [0x00000005d1000000, 0x00000005d2000000)
AC   0  O    TS    65 PTAMS 0x00000005d2000000 NTAMS 0x00000005d2000000 space 16384K, 100% used [0x00000005d2000000, 0x00000005d3000000)
AC   0  O    TS     7 PTAMS 0x00000005d3000000 NTAMS 0x00000005d3000000 space 16384K, 100% used [0x00000005d3000000, 0x00000005d4000000)
AC   0  O    TS    11 PTAMS 0x00000005d4000000 NTAMS 0x00000005d4000000 space 16384K, 100% used [0x00000005d4000000, 0x00000005d5000000)
AC   0  O    TS   195 PTAMS 0x00000005d5000000 NTAMS 0x00000005d5000000 space 16384K, 100% used [0x00000005d5000000, 0x00000005d6000000)
AC   0 HS    TS     5 PTAMS 0x00000005d6000000 NTAMS 0x00000005d6000000 space 16384K,  62% used [0x00000005d6000000, 0x00000005d7000000)
AC   0  O    TS     0 PTAMS 0x00000005d8000000 NTAMS 0x00000005d8000000 space 16384K, 100% used [0x00000005d7000000, 0x00000005d8000000)
AC   0  O    TS     0 PTAMS 0x00000005d9000000 NTAMS 0x00000005d9000000 space 16384K, 100% used [0x00000005d8000000, 0x00000005d9000000)
AC   0  O    TS   339 PTAMS 0x00000005d9000000 NTAMS 0x00000005d9000000 space 16384K,  56% used [0x00000005d9000000, 0x00000005da000000)
AC   0  F    TS     7 PTAMS 0x00000005da000000 NTAMS 0x00000005da000000 space 16384K,   0% used [0x00000005da000000, 0x00000005db000000)
AC   0  F    TS     0 PTAMS 0x00000005db000000 NTAMS 0x00000005db000000 space 16384K,   0% used [0x00000005db000000, 0x00000005dc000000)
AC   0  O    TS     0 PTAMS 0x00000005dd000000 NTAMS 0x00000005dd000000 space 16384K, 100% used [0x00000005dc000000, 0x00000005dd000000)
AC   0  F    TS     0 PTAMS 0x00000005dd000000 NTAMS 0x00000005dd000000 space 16384K,   0% used [0x00000005dd000000, 0x00000005de000000)
AC   0  F    TS     0 PTAMS 0x00000005de000000 NTAMS 0x00000005de000000 space 16384K,   0% used [0x00000005de000000, 0x00000005df000000)
AC   0  O    TS     0 PTAMS 0x00000005e0000000 NTAMS 0x00000005e0000000 space 16384K, 100% used [0x00000005df000000, 0x00000005e0000000)
AC   0  O    TS     0 PTAMS 0x00000005e1000000 NTAMS 0x00000005e1000000 space 16384K, 100% used [0x00000005e0000000, 0x00000005e1000000)
AC   0  O    TS     0 PTAMS 0x00000005e2000000 NTAMS 0x00000005e2000000 space 16384K, 100% used [0x00000005e1000000, 0x00000005e2000000)
AC   0  F    TS     0 PTAMS 0x00000005e2000000 NTAMS 0x00000005e2000000 space 16384K,   0% used [0x00000005e2000000, 0x00000005e3000000)
AC   0  O    TS     0 PTAMS 0x00000005e4000000 NTAMS 0x00000005e4000000 space 16384K, 100% used [0x00000005e3000000, 0x00000005e4000000)
AC   0  F    TS     0 PTAMS 0x00000005e4000000 NTAMS 0x00000005e4000000 space 16384K,   0% used [0x00000005e4000000, 0x00000005e5000000)
AC   0  F    TS     0 PTAMS 0x00000005e5000000 NTAMS 0x00000005e5000000 space 16384K,   0% used [0x00000005e5000000, 0x00000005e6000000)
AC   0  F    TS     0 PTAMS 0x00000005e6000000 NTAMS 0x00000005e6000000 space 16384K,   0% used [0x00000005e6000000, 0x00000005e7000000)
AC   0  F    TS     0 PTAMS 0x00000005e7000000 NTAMS 0x00000005e7000000 space 16384K,   0% used [0x00000005e7000000, 0x00000005e8000000)
AC   0  F    TS     0 PTAMS 0x00000005e8000000 NTAMS 0x00000005e8000000 space 16384K,   0% used [0x00000005e8000000, 0x00000005e9000000)
AC   0  O    TS     3 PTAMS 0x00000005e9000000 NTAMS 0x00000005e9000000 space 16384K, 100% used [0x00000005e9000000, 0x00000005ea000000)
AC   0  O    TS     5 PTAMS 0x00000005ea000000 NTAMS 0x00000005ea000000 space 16384K, 100% used [0x00000005ea000000, 0x00000005eb000000)
AC   0  F    TS     7 PTAMS 0x00000005eb000000 NTAMS 0x00000005eb000000 space 16384K,   0% used [0x00000005eb000000, 0x00000005ec000000)
AC   0  F    TS     7 PTAMS 0x00000005ec000000 NTAMS 0x00000005ec000000 space 16384K,   0% used [0x00000005ec000000, 0x00000005ed000000)
AC   0  F    TS     7 PTAMS 0x00000005ed000000 NTAMS 0x00000005ed000000 space 16384K,   0% used [0x00000005ed000000, 0x00000005ee000000)
AC   0  F    TS     7 PTAMS 0x00000005ee000000 NTAMS 0x00000005ee000000 space 16384K,   0% used [0x00000005ee000000, 0x00000005ef000000)
AC   0  F    TS     7 PTAMS 0x00000005ef000000 NTAMS 0x00000005ef000000 space 16384K,   0% used [0x00000005ef000000, 0x00000005f0000000)
AC   0  F    TS     7 PTAMS 0x00000005f0000000 NTAMS 0x00000005f0000000 space 16384K,   0% used [0x00000005f0000000, 0x00000005f1000000)
AC   0  F    TS     7 PTAMS 0x00000005f1000000 NTAMS 0x00000005f1000000 space 16384K,   0% used [0x00000005f1000000, 0x00000005f2000000)
AC   0  F    TS     7 PTAMS 0x00000005f2000000 NTAMS 0x00000005f2000000 space 16384K,   0% used [0x00000005f2000000, 0x00000005f3000000)
AC   0  F    TS     7 PTAMS 0x00000005f3000000 NTAMS 0x00000005f3000000 space 16384K,   0% used [0x00000005f3000000, 0x00000005f4000000)
AC   0  F    TS     7 PTAMS 0x00000005f4000000 NTAMS 0x00000005f4000000 space 16384K,   0% used [0x00000005f4000000, 0x00000005f5000000)
AC   0  F    TS     7 PTAMS 0x00000005f5000000 NTAMS 0x00000005f5000000 space 16384K,   0% used [0x00000005f5000000, 0x00000005f6000000)
AC   0  F    TS     7 PTAMS 0x00000005f6000000 NTAMS 0x00000005f6000000 space 16384K,   0% used [0x00000005f6000000, 0x00000005f7000000)
AC   0  F    TS     7 PTAMS 0x00000005f7000000 NTAMS 0x00000005f7000000 space 16384K,   0% used [0x00000005f7000000, 0x00000005f8000000)
AC   0  F    TS     7 PTAMS 0x00000005f8000000 NTAMS 0x00000005f8000000 space 16384K,   0% used [0x00000005f8000000, 0x00000005f9000000)
AC   0  F    TS     7 PTAMS 0x00000005f9000000 NTAMS 0x00000005f9000000 space 16384K,   0% used [0x00000005f9000000, 0x00000005fa000000)
AC   0  F    TS     7 PTAMS 0x00000005fa000000 NTAMS 0x00000005fa000000 space 16384K,   0% used [0x00000005fa000000, 0x00000005fb000000)
AC   0  F    TS     7 PTAMS 0x00000005fb000000 NTAMS 0x00000005fb000000 space 16384K,   0% used [0x00000005fb000000, 0x00000005fc000000)
AC   0  F    TS     7 PTAMS 0x00000005fc000000 NTAMS 0x00000005fc000000 space 16384K,   0% used [0x00000005fc000000, 0x00000005fd000000)
AC   0  F    TS     7 PTAMS 0x00000005fd000000 NTAMS 0x00000005fd000000 space 16384K,   0% used [0x00000005fd000000, 0x00000005fe000000)
AC   0  F    TS     7 PTAMS 0x00000005fe000000 NTAMS 0x00000005fe000000 space 16384K,   0% used [0x00000005fe000000, 0x00000005ff000000)
AC   0  F    TS     7 PTAMS 0x00000005ff000000 NTAMS 0x00000005ff000000 space 16384K,   0% used [0x00000005ff000000, 0x0000000600000000)
AC   0  F    TS     7 PTAMS 0x0000000600000000 NTAMS 0x0000000600000000 space 16384K,   0% used [0x0000000600000000, 0x0000000601000000)
AC   0  F    TS     9 PTAMS 0x0000000601000000 NTAMS 0x0000000601000000 space 16384K,   0% used [0x0000000601000000, 0x0000000602000000)
AC   0  F    TS     7 PTAMS 0x0000000602000000 NTAMS 0x0000000602000000 space 16384K,   0% used [0x0000000602000000, 0x0000000603000000)
AC   0  F    TS     7 PTAMS 0x0000000603000000 NTAMS 0x0000000603000000 space 16384K,   0% used [0x0000000603000000, 0x0000000604000000)
AC   0  F    TS     7 PTAMS 0x0000000604000000 NTAMS 0x0000000604000000 space 16384K,   0% used [0x0000000604000000, 0x0000000605000000)
AC   0  F    TS     7 PTAMS 0x0000000605000000 NTAMS 0x0000000605000000 space 16384K,   0% used [0x0000000605000000, 0x0000000606000000)
AC   0  F    TS     7 PTAMS 0x0000000606000000 NTAMS 0x0000000606000000 space 16384K,   0% used [0x0000000606000000, 0x0000000607000000)
AC   0  F    TS     7 PTAMS 0x0000000607000000 NTAMS 0x0000000607000000 space 16384K,   0% used [0x0000000607000000, 0x0000000608000000)
AC   0  F    TS     7 PTAMS 0x0000000608000000 NTAMS 0x0000000608000000 space 16384K,   0% used [0x0000000608000000, 0x0000000609000000)
AC   0  F    TS     9 PTAMS 0x0000000609000000 NTAMS 0x0000000609000000 space 16384K,   0% used [0x0000000609000000, 0x000000060a000000)
AC   0  F    TS     9 PTAMS 0x000000060a000000 NTAMS 0x000000060a000000 space 16384K,   0% used [0x000000060a000000, 0x000000060b000000)
AC   0  F    TS     9 PTAMS 0x000000060b000000 NTAMS 0x000000060b000000 space 16384K,   0% used [0x000000060b000000, 0x000000060c000000)
AC   0  F    TS     9 PTAMS 0x000000060c000000 NTAMS 0x000000060c000000 space 16384K,   0% used [0x000000060c000000, 0x000000060d000000)
AC   0  F    TS     9 PTAMS 0x000000060d000000 NTAMS 0x000000060d000000 space 16384K,   0% used [0x000000060d000000, 0x000000060e000000)
AC   0  F    TS     9 PTAMS 0x000000060e000000 NTAMS 0x000000060e000000 space 16384K,   0% used [0x000000060e000000, 0x000000060f000000)
AC   0  F    TS     9 PTAMS 0x000000060f000000 NTAMS 0x000000060f000000 space 16384K,   0% used [0x000000060f000000, 0x0000000610000000)
AC   0  F    TS     9 PTAMS 0x0000000610000000 NTAMS 0x0000000610000000 space 16384K,   0% used [0x0000000610000000, 0x0000000611000000)
AC   0  F    TS     9 PTAMS 0x0000000611000000 NTAMS 0x0000000611000000 space 16384K,   0% used [0x0000000611000000, 0x0000000612000000)
AC   0  F    TS     9 PTAMS 0x0000000612000000 NTAMS 0x0000000612000000 space 16384K,   0% used [0x0000000612000000, 0x0000000613000000)
AC   0  F    TS     9 PTAMS 0x0000000613000000 NTAMS 0x0000000613000000 space 16384K,   0% used [0x0000000613000000, 0x0000000614000000)
AC   0  F    TS     9 PTAMS 0x0000000614000000 NTAMS 0x0000000614000000 space 16384K,   0% used [0x0000000614000000, 0x0000000615000000)
AC   0  F    TS     9 PTAMS 0x0000000615000000 NTAMS 0x0000000615000000 space 16384K,   0% used [0x0000000615000000, 0x0000000616000000)
AC   0  F    TS     9 PTAMS 0x0000000616000000 NTAMS 0x0000000616000000 space 16384K,   0% used [0x0000000616000000, 0x0000000617000000)
AC   0  F    TS     9 PTAMS 0x0000000617000000 NTAMS 0x0000000617000000 space 16384K,   0% used [0x0000000617000000, 0x0000000618000000)
AC   0  F    TS     9 PTAMS 0x0000000618000000 NTAMS 0x0000000618000000 space 16384K,   0% used [0x0000000618000000, 0x0000000619000000)
AC   0  F    TS     9 PTAMS 0x0000000619000000 NTAMS 0x0000000619000000 space 16384K,   0% used [0x0000000619000000, 0x000000061a000000)
AC   0  F    TS     9 PTAMS 0x000000061a000000 NTAMS 0x000000061a000000 space 16384K,   0% used [0x000000061a000000, 0x000000061b000000)
AC   0  F    TS     9 PTAMS 0x000000061b000000 NTAMS 0x000000061b000000 space 16384K,   0% used [0x000000061b000000, 0x000000061c000000)
AC   0  F    TS     9 PTAMS 0x000000061c000000 NTAMS 0x000000061c000000 space 16384K,   0% used [0x000000061c000000, 0x000000061d000000)
AC   0  F    TS     9 PTAMS 0x000000061d000000 NTAMS 0x000000061d000000 space 16384K,   0% used [0x000000061d000000, 0x000000061e000000)
AC   0  F    TS     9 PTAMS 0x000000061e000000 NTAMS 0x000000061e000000 space 16384K,   0% used [0x000000061e000000, 0x000000061f000000)
AC   0  F    TS     9 PTAMS 0x000000061f000000 NTAMS 0x000000061f000000 space 16384K,   0% used [0x000000061f000000, 0x0000000620000000)
AC   0  F    TS     9 PTAMS 0x0000000620000000 NTAMS 0x0000000620000000 space 16384K,   0% used [0x0000000620000000, 0x0000000621000000)
AC   0  F    TS     9 PTAMS 0x0000000621000000 NTAMS 0x0000000621000000 space 16384K,   0% used [0x0000000621000000, 0x0000000622000000)
AC   0  F    TS     9 PTAMS 0x0000000622000000 NTAMS 0x0000000622000000 space 16384K,   0% used [0x0000000622000000, 0x0000000623000000)
AC   0  F    TS     9 PTAMS 0x0000000623000000 NTAMS 0x0000000623000000 space 16384K,   0% used [0x0000000623000000, 0x0000000624000000)
AC   0  F    TS     9 PTAMS 0x0000000624000000 NTAMS 0x0000000624000000 space 16384K,   0% used [0x0000000624000000, 0x0000000625000000)
AC   0  F    TS     9 PTAMS 0x0000000625000000 NTAMS 0x0000000625000000 space 16384K,   0% used [0x0000000625000000, 0x0000000626000000)
AC   0  F    TS     9 PTAMS 0x0000000626000000 NTAMS 0x0000000626000000 space 16384K,   0% used [0x0000000626000000, 0x0000000627000000)
AC   0  F    TS     9 PTAMS 0x0000000627000000 NTAMS 0x0000000627000000 space 16384K,   0% used [0x0000000627000000, 0x0000000628000000)
AC   0  F    TS     9 PTAMS 0x0000000628000000 NTAMS 0x0000000628000000 space 16384K,   0% used [0x0000000628000000, 0x0000000629000000)
AC   0  F    TS     9 PTAMS 0x0000000629000000 NTAMS 0x0000000629000000 space 16384K,   0% used [0x0000000629000000, 0x000000062a000000)
AC   0  F    TS     9 PTAMS 0x000000062a000000 NTAMS 0x000000062a000000 space 16384K,   0% used [0x000000062a000000, 0x000000062b000000)
AC   0  F    TS     9 PTAMS 0x000000062b000000 NTAMS 0x000000062b000000 space 16384K,   0% used [0x000000062b000000, 0x000000062c000000)
AC   0  F    TS     9 PTAMS 0x000000062c000000 NTAMS 0x000000062c000000 space 16384K,   0% used [0x000000062c000000, 0x000000062d000000)
AC   0  F    TS     9 PTAMS 0x000000062d000000 NTAMS 0x000000062d000000 space 16384K,   0% used [0x000000062d000000, 0x000000062e000000)
AC   0  F    TS     9 PTAMS 0x000000062e000000 NTAMS 0x000000062e000000 space 16384K,   0% used [0x000000062e000000, 0x000000062f000000)
AC   0  F    TS     9 PTAMS 0x000000062f000000 NTAMS 0x000000062f000000 space 16384K,   0% used [0x000000062f000000, 0x0000000630000000)
AC   0  F    TS     9 PTAMS 0x0000000630000000 NTAMS 0x0000000630000000 space 16384K,   0% used [0x0000000630000000, 0x0000000631000000)
AC   0  F    TS     9 PTAMS 0x0000000631000000 NTAMS 0x0000000631000000 space 16384K,   0% used [0x0000000631000000, 0x0000000632000000)
AC   0  F    TS     9 PTAMS 0x0000000632000000 NTAMS 0x0000000632000000 space 16384K,   0% used [0x0000000632000000, 0x0000000633000000)
AC   0  F    TS     9 PTAMS 0x0000000633000000 NTAMS 0x0000000633000000 space 16384K,   0% used [0x0000000633000000, 0x0000000634000000)
AC   0  F    TS     9 PTAMS 0x0000000634000000 NTAMS 0x0000000634000000 space 16384K,   0% used [0x0000000634000000, 0x0000000635000000)
AC   0  F    TS     9 PTAMS 0x0000000635000000 NTAMS 0x0000000635000000 space 16384K,   0% used [0x0000000635000000, 0x0000000636000000)
AC   0  F    TS     9 PTAMS 0x0000000636000000 NTAMS 0x0000000636000000 space 16384K,   0% used [0x0000000636000000, 0x0000000637000000)
AC   0  F    TS     9 PTAMS 0x0000000637000000 NTAMS 0x0000000637000000 space 16384K,   0% used [0x0000000637000000, 0x0000000638000000)
AC   0  F    TS     9 PTAMS 0x0000000638000000 NTAMS 0x0000000638000000 space 16384K,   0% used [0x0000000638000000, 0x0000000639000000)
AC   0  F    TS     9 PTAMS 0x0000000639000000 NTAMS 0x0000000639000000 space 16384K,   0% used [0x0000000639000000, 0x000000063a000000)
AC   0  F    TS     9 PTAMS 0x000000063a000000 NTAMS 0x000000063a000000 space 16384K,   0% used [0x000000063a000000, 0x000000063b000000)
AC   0  F    TS     9 PTAMS 0x000000063b000000 NTAMS 0x000000063b000000 space 16384K,   0% used [0x000000063b000000, 0x000000063c000000)
AC   0  F    TS     9 PTAMS 0x000000063c000000 NTAMS 0x000000063c000000 space 16384K,   0% used [0x000000063c000000, 0x000000063d000000)
AC   0  F    TS    11 PTAMS 0x000000063d000000 NTAMS 0x000000063d000000 space 16384K,   0% used [0x000000063d000000, 0x000000063e000000)
AC   0  F    TS     9 PTAMS 0x000000063e000000 NTAMS 0x000000063e000000 space 16384K,   0% used [0x000000063e000000, 0x000000063f000000)
AC   0  F    TS     9 PTAMS 0x000000063f000000 NTAMS 0x000000063f000000 space 16384K,   0% used [0x000000063f000000, 0x0000000640000000)
AC   0  F    TS     9 PTAMS 0x0000000640000000 NTAMS 0x0000000640000000 space 16384K,   0% used [0x0000000640000000, 0x0000000641000000)
AC   0  F    TS     9 PTAMS 0x0000000641000000 NTAMS 0x0000000641000000 space 16384K,   0% used [0x0000000641000000, 0x0000000642000000)
AC   0  F    TS     9 PTAMS 0x0000000642000000 NTAMS 0x0000000642000000 space 16384K,   0% used [0x0000000642000000, 0x0000000643000000)
AC   0  F    TS     9 PTAMS 0x0000000643000000 NTAMS 0x0000000643000000 space 16384K,   0% used [0x0000000643000000, 0x0000000644000000)
AC   0  F    TS     9 PTAMS 0x0000000644000000 NTAMS 0x0000000644000000 space 16384K,   0% used [0x0000000644000000, 0x0000000645000000)
AC   0  F    TS    11 PTAMS 0x0000000645000000 NTAMS 0x0000000645000000 space 16384K,   0% used [0x0000000645000000, 0x0000000646000000)
AC   0  F    TS    11 PTAMS 0x0000000646000000 NTAMS 0x0000000646000000 space 16384K,   0% used [0x0000000646000000, 0x0000000647000000)
AC   0  F    TS    11 PTAMS 0x0000000647000000 NTAMS 0x0000000647000000 space 16384K,   0% used [0x0000000647000000, 0x0000000648000000)
AC   0  F    TS    11 PTAMS 0x0000000648000000 NTAMS 0x0000000648000000 space 16384K,   0% used [0x0000000648000000, 0x0000000649000000)
AC   0  F    TS    11 PTAMS 0x0000000649000000 NTAMS 0x0000000649000000 space 16384K,   0% used [0x0000000649000000, 0x000000064a000000)
AC   0  F    TS    11 PTAMS 0x000000064a000000 NTAMS 0x000000064a000000 space 16384K,   0% used [0x000000064a000000, 0x000000064b000000)
AC   0  F    TS    11 PTAMS 0x000000064b000000 NTAMS 0x000000064b000000 space 16384K,   0% used [0x000000064b000000, 0x000000064c000000)
AC   0  F    TS    11 PTAMS 0x000000064c000000 NTAMS 0x000000064c000000 space 16384K,   0% used [0x000000064c000000, 0x000000064d000000)
AC   0  F    TS    11 PTAMS 0x000000064d000000 NTAMS 0x000000064d000000 space 16384K,   0% used [0x000000064d000000, 0x000000064e000000)
AC   0  F    TS    11 PTAMS 0x000000064e000000 NTAMS 0x000000064e000000 space 16384K,   0% used [0x000000064e000000, 0x000000064f000000)
AC   0  F    TS    11 PTAMS 0x000000064f000000 NTAMS 0x000000064f000000 space 16384K,   0% used [0x000000064f000000, 0x0000000650000000)
AC   0  F    TS    11 PTAMS 0x0000000650000000 NTAMS 0x0000000650000000 space 16384K,   0% used [0x0000000650000000, 0x0000000651000000)
AC   0  F    TS    11 PTAMS 0x0000000651000000 NTAMS 0x0000000651000000 space 16384K,   0% used [0x0000000651000000, 0x0000000652000000)
AC   0  F    TS    11 PTAMS 0x0000000652000000 NTAMS 0x0000000652000000 space 16384K,   0% used [0x0000000652000000, 0x0000000653000000)
AC   0  F    TS    11 PTAMS 0x0000000653000000 NTAMS 0x0000000653000000 space 16384K,   0% used [0x0000000653000000, 0x0000000654000000)
AC   0  F    TS    11 PTAMS 0x0000000654000000 NTAMS 0x0000000654000000 space 16384K,   0% used [0x0000000654000000, 0x0000000655000000)
AC   0  F    TS    11 PTAMS 0x0000000655000000 NTAMS 0x0000000655000000 space 16384K,   0% used [0x0000000655000000, 0x0000000656000000)
AC   0  F    TS    11 PTAMS 0x0000000656000000 NTAMS 0x0000000656000000 space 16384K,   0% used [0x0000000656000000, 0x0000000657000000)
AC   0  F    TS    11 PTAMS 0x0000000657000000 NTAMS 0x0000000657000000 space 16384K,   0% used [0x0000000657000000, 0x0000000658000000)
AC   0  F    TS    11 PTAMS 0x0000000658000000 NTAMS 0x0000000658000000 space 16384K,   0% used [0x0000000658000000, 0x0000000659000000)
AC   0  F    TS    11 PTAMS 0x0000000659000000 NTAMS 0x0000000659000000 space 16384K,   0% used [0x0000000659000000, 0x000000065a000000)
AC   0  F    TS    11 PTAMS 0x000000065a000000 NTAMS 0x000000065a000000 space 16384K,   0% used [0x000000065a000000, 0x000000065b000000)
AC   0  F    TS    11 PTAMS 0x000000065b000000 NTAMS 0x000000065b000000 space 16384K,   0% used [0x000000065b000000, 0x000000065c000000)
AC   0  F    TS    11 PTAMS 0x000000065c000000 NTAMS 0x000000065c000000 space 16384K,   0% used [0x000000065c000000, 0x000000065d000000)
AC   0  F    TS    11 PTAMS 0x000000065d000000 NTAMS 0x000000065d000000 space 16384K,   0% used [0x000000065d000000, 0x000000065e000000)
AC   0  F    TS    11 PTAMS 0x000000065e000000 NTAMS 0x000000065e000000 space 16384K,   0% used [0x000000065e000000, 0x000000065f000000)
AC   0  F    TS    11 PTAMS 0x000000065f000000 NTAMS 0x000000065f000000 space 16384K,   0% used [0x000000065f000000, 0x0000000660000000)
AC   0  F    TS    11 PTAMS 0x0000000660000000 NTAMS 0x0000000660000000 space 16384K,   0% used [0x0000000660000000, 0x0000000661000000)
AC   0  F    TS    11 PTAMS 0x0000000661000000 NTAMS 0x0000000661000000 space 16384K,   0% used [0x0000000661000000, 0x0000000662000000)
AC   0  F    TS    11 PTAMS 0x0000000662000000 NTAMS 0x0000000662000000 space 16384K,   0% used [0x0000000662000000, 0x0000000663000000)
AC   0  F    TS    11 PTAMS 0x0000000663000000 NTAMS 0x0000000663000000 space 16384K,   0% used [0x0000000663000000, 0x0000000664000000)
AC   0  F    TS    11 PTAMS 0x0000000664000000 NTAMS 0x0000000664000000 space 16384K,   0% used [0x0000000664000000, 0x0000000665000000)
AC   0  F    TS    11 PTAMS 0x0000000665000000 NTAMS 0x0000000665000000 space 16384K,   0% used [0x0000000665000000, 0x0000000666000000)
AC   0  F    TS    11 PTAMS 0x0000000666000000 NTAMS 0x0000000666000000 space 16384K,   0% used [0x0000000666000000, 0x0000000667000000)
AC   0  F    TS    11 PTAMS 0x0000000667000000 NTAMS 0x0000000667000000 space 16384K,   0% used [0x0000000667000000, 0x0000000668000000)
AC   0  F    TS    11 PTAMS 0x0000000668000000 NTAMS 0x0000000668000000 space 16384K,   0% used [0x0000000668000000, 0x0000000669000000)
AC   0  F    TS    11 PTAMS 0x0000000669000000 NTAMS 0x0000000669000000 space 16384K,   0% used [0x0000000669000000, 0x000000066a000000)
AC   0  F    TS    11 PTAMS 0x000000066a000000 NTAMS 0x000000066a000000 space 16384K,   0% used [0x000000066a000000, 0x000000066b000000)
AC   0  F    TS    11 PTAMS 0x000000066b000000 NTAMS 0x000000066b000000 space 16384K,   0% used [0x000000066b000000, 0x000000066c000000)
AC   0  F    TS    11 PTAMS 0x000000066c000000 NTAMS 0x000000066c000000 space 16384K,   0% used [0x000000066c000000, 0x000000066d000000)
AC   0  F    TS    11 PTAMS 0x000000066d000000 NTAMS 0x000000066d000000 space 16384K,   0% used [0x000000066d000000, 0x000000066e000000)
AC   0  F    TS    11 PTAMS 0x000000066e000000 NTAMS 0x000000066e000000 space 16384K,   0% used [0x000000066e000000, 0x000000066f000000)
AC   0  F    TS    11 PTAMS 0x000000066f000000 NTAMS 0x000000066f000000 space 16384K,   0% used [0x000000066f000000, 0x0000000670000000)
AC   0  F    TS    11 PTAMS 0x0000000670000000 NTAMS 0x0000000670000000 space 16384K,   0% used [0x0000000670000000, 0x0000000671000000)
AC   0  F    TS    11 PTAMS 0x0000000671000000 NTAMS 0x0000000671000000 space 16384K,   0% used [0x0000000671000000, 0x0000000672000000)
AC   0  F    TS    11 PTAMS 0x0000000672000000 NTAMS 0x0000000672000000 space 16384K,   0% used [0x0000000672000000, 0x0000000673000000)
AC   0  F    TS    11 PTAMS 0x0000000673000000 NTAMS 0x0000000673000000 space 16384K,   0% used [0x0000000673000000, 0x0000000674000000)
AC   0  F    TS    11 PTAMS 0x0000000674000000 NTAMS 0x0000000674000000 space 16384K,   0% used [0x0000000674000000, 0x0000000675000000)
AC   0  F    TS    11 PTAMS 0x0000000675000000 NTAMS 0x0000000675000000 space 16384K,   0% used [0x0000000675000000, 0x0000000676000000)
AC   0  F    TS    11 PTAMS 0x0000000676000000 NTAMS 0x0000000676000000 space 16384K,   0% used [0x0000000676000000, 0x0000000677000000)
AC   0  F    TS    11 PTAMS 0x0000000677000000 NTAMS 0x0000000677000000 space 16384K,   0% used [0x0000000677000000, 0x0000000678000000)
AC   0  F    TS    11 PTAMS 0x0000000678000000 NTAMS 0x0000000678000000 space 16384K,   0% used [0x0000000678000000, 0x0000000679000000)
AC   0  F    TS    11 PTAMS 0x0000000679000000 NTAMS 0x0000000679000000 space 16384K,   0% used [0x0000000679000000, 0x000000067a000000)
AC   0  F    TS    11 PTAMS 0x000000067a000000 NTAMS 0x000000067a000000 space 16384K,   0% used [0x000000067a000000, 0x000000067b000000)
AC   0  F    TS    11 PTAMS 0x000000067b000000 NTAMS 0x000000067b000000 space 16384K,   0% used [0x000000067b000000, 0x000000067c000000)
AC   0  F    TS    11 PTAMS 0x000000067c000000 NTAMS 0x000000067c000000 space 16384K,   0% used [0x000000067c000000, 0x000000067d000000)
AC   0  F    TS    11 PTAMS 0x000000067d000000 NTAMS 0x000000067d000000 space 16384K,   0% used [0x000000067d000000, 0x000000067e000000)
AC   0  F    TS    11 PTAMS 0x000000067e000000 NTAMS 0x000000067e000000 space 16384K,   0% used [0x000000067e000000, 0x000000067f000000)
AC   0  F    TS    11 PTAMS 0x000000067f000000 NTAMS 0x000000067f000000 space 16384K,   0% used [0x000000067f000000, 0x0000000680000000)
AC   0  F    TS    11 PTAMS 0x0000000680000000 NTAMS 0x0000000680000000 space 16384K,   0% used [0x0000000680000000, 0x0000000681000000)
AC   0  F    TS    11 PTAMS 0x0000000681000000 NTAMS 0x0000000681000000 space 16384K,   0% used [0x0000000681000000, 0x0000000682000000)
AC   0  F    TS    11 PTAMS 0x0000000682000000 NTAMS 0x0000000682000000 space 16384K,   0% used [0x0000000682000000, 0x0000000683000000)
AC   0  F    TS    11 PTAMS 0x0000000683000000 NTAMS 0x0000000683000000 space 16384K,   0% used [0x0000000683000000, 0x0000000684000000)
AC   0  F    TS    11 PTAMS 0x0000000684000000 NTAMS 0x0000000684000000 space 16384K,   0% used [0x0000000684000000, 0x0000000685000000)
AC   0  F    TS    11 PTAMS 0x0000000685000000 NTAMS 0x0000000685000000 space 16384K,   0% used [0x0000000685000000, 0x0000000686000000)
AC   0  F    TS    11 PTAMS 0x0000000686000000 NTAMS 0x0000000686000000 space 16384K,   0% used [0x0000000686000000, 0x0000000687000000)
AC   0  F    TS    11 PTAMS 0x0000000687000000 NTAMS 0x0000000687000000 space 16384K,   0% used [0x0000000687000000, 0x0000000688000000)
AC   0  F    TS    11 PTAMS 0x0000000688000000 NTAMS 0x0000000688000000 space 16384K,   0% used [0x0000000688000000, 0x0000000689000000)
AC   0  F    TS    13 PTAMS 0x0000000689000000 NTAMS 0x0000000689000000 space 16384K,   0% used [0x0000000689000000, 0x000000068a000000)
AC   0  F    TS    11 PTAMS 0x000000068a000000 NTAMS 0x000000068a000000 space 16384K,   0% used [0x000000068a000000, 0x000000068b000000)
AC   0  F    TS    11 PTAMS 0x000000068b000000 NTAMS 0x000000068b000000 space 16384K,   0% used [0x000000068b000000, 0x000000068c000000)
AC   0  F    TS    11 PTAMS 0x000000068c000000 NTAMS 0x000000068c000000 space 16384K,   0% used [0x000000068c000000, 0x000000068d000000)
AC   0  F    TS    11 PTAMS 0x000000068d000000 NTAMS 0x000000068d000000 space 16384K,   0% used [0x000000068d000000, 0x000000068e000000)
AC   0  F    TS    11 PTAMS 0x000000068e000000 NTAMS 0x000000068e000000 space 16384K,   0% used [0x000000068e000000, 0x000000068f000000)
AC   0  F    TS    11 PTAMS 0x000000068f000000 NTAMS 0x000000068f000000 space 16384K,   0% used [0x000000068f000000, 0x0000000690000000)
AC   0  F    TS    11 PTAMS 0x0000000690000000 NTAMS 0x0000000690000000 space 16384K,   0% used [0x0000000690000000, 0x0000000691000000)
AC   0  F    TS    13 PTAMS 0x0000000691000000 NTAMS 0x0000000691000000 space 16384K,   0% used [0x0000000691000000, 0x0000000692000000)
AC   0  F    TS    13 PTAMS 0x0000000692000000 NTAMS 0x0000000692000000 space 16384K,   0% used [0x0000000692000000, 0x0000000693000000)
AC   0  F    TS    13 PTAMS 0x0000000693000000 NTAMS 0x0000000693000000 space 16384K,   0% used [0x0000000693000000, 0x0000000694000000)
AC   0  F    TS    13 PTAMS 0x0000000694000000 NTAMS 0x0000000694000000 space 16384K,   0% used [0x0000000694000000, 0x0000000695000000)
AC   0  F    TS    13 PTAMS 0x0000000695000000 NTAMS 0x0000000695000000 space 16384K,   0% used [0x0000000695000000, 0x0000000696000000)
AC   0  F    TS    13 PTAMS 0x0000000696000000 NTAMS 0x0000000696000000 space 16384K,   0% used [0x0000000696000000, 0x0000000697000000)
AC   0  F    TS    13 PTAMS 0x0000000697000000 NTAMS 0x0000000697000000 space 16384K,   0% used [0x0000000697000000, 0x0000000698000000)
AC   0  F    TS    13 PTAMS 0x0000000698000000 NTAMS 0x0000000698000000 space 16384K,   0% used [0x0000000698000000, 0x0000000699000000)
AC   0  F    TS    13 PTAMS 0x0000000699000000 NTAMS 0x0000000699000000 space 16384K,   0% used [0x0000000699000000, 0x000000069a000000)
AC   0  F    TS    13 PTAMS 0x000000069a000000 NTAMS 0x000000069a000000 space 16384K,   0% used [0x000000069a000000, 0x000000069b000000)
AC   0  F    TS    13 PTAMS 0x000000069b000000 NTAMS 0x000000069b000000 space 16384K,   0% used [0x000000069b000000, 0x000000069c000000)
AC   0  F    TS    13 PTAMS 0x000000069c000000 NTAMS 0x000000069c000000 space 16384K,   0% used [0x000000069c000000, 0x000000069d000000)
AC   0  F    TS    13 PTAMS 0x000000069d000000 NTAMS 0x000000069d000000 space 16384K,   0% used [0x000000069d000000, 0x000000069e000000)
AC   0  F    TS    13 PTAMS 0x000000069e000000 NTAMS 0x000000069e000000 space 16384K,   0% used [0x000000069e000000, 0x000000069f000000)
AC   0  F    TS    13 PTAMS 0x000000069f000000 NTAMS 0x000000069f000000 space 16384K,   0% used [0x000000069f000000, 0x00000006a0000000)
AC   0  F    TS    13 PTAMS 0x00000006a0000000 NTAMS 0x00000006a0000000 space 16384K,   0% used [0x00000006a0000000, 0x00000006a1000000)
AC   0  F    TS    13 PTAMS 0x00000006a1000000 NTAMS 0x00000006a1000000 space 16384K,   0% used [0x00000006a1000000, 0x00000006a2000000)
AC   0  F    TS    13 PTAMS 0x00000006a2000000 NTAMS 0x00000006a2000000 space 16384K,   0% used [0x00000006a2000000, 0x00000006a3000000)
AC   0  F    TS    13 PTAMS 0x00000006a3000000 NTAMS 0x00000006a3000000 space 16384K,   0% used [0x00000006a3000000, 0x00000006a4000000)
AC   0  F    TS    13 PTAMS 0x00000006a4000000 NTAMS 0x00000006a4000000 space 16384K,   0% used [0x00000006a4000000, 0x00000006a5000000)
AC   0  F    TS    13 PTAMS 0x00000006a5000000 NTAMS 0x00000006a5000000 space 16384K,   0% used [0x00000006a5000000, 0x00000006a6000000)
AC   0  F    TS    13 PTAMS 0x00000006a6000000 NTAMS 0x00000006a6000000 space 16384K,   0% used [0x00000006a6000000, 0x00000006a7000000)
AC   0  F    TS    13 PTAMS 0x00000006a7000000 NTAMS 0x00000006a7000000 space 16384K,   0% used [0x00000006a7000000, 0x00000006a8000000)
AC   0  F    TS    13 PTAMS 0x00000006a8000000 NTAMS 0x00000006a8000000 space 16384K,   0% used [0x00000006a8000000, 0x00000006a9000000)
AC   0  F    TS    13 PTAMS 0x00000006a9000000 NTAMS 0x00000006a9000000 space 16384K,   0% used [0x00000006a9000000, 0x00000006aa000000)
AC   0  F    TS    13 PTAMS 0x00000006aa000000 NTAMS 0x00000006aa000000 space 16384K,   0% used [0x00000006aa000000, 0x00000006ab000000)
AC   0  F    TS    13 PTAMS 0x00000006ab000000 NTAMS 0x00000006ab000000 space 16384K,   0% used [0x00000006ab000000, 0x00000006ac000000)
AC   0  F    TS    13 PTAMS 0x00000006ac000000 NTAMS 0x00000006ac000000 space 16384K,   0% used [0x00000006ac000000, 0x00000006ad000000)
AC   0  F    TS    13 PTAMS 0x00000006ad000000 NTAMS 0x00000006ad000000 space 16384K,   0% used [0x00000006ad000000, 0x00000006ae000000)
AC   0  F    TS    13 PTAMS 0x00000006ae000000 NTAMS 0x00000006ae000000 space 16384K,   0% used [0x00000006ae000000, 0x00000006af000000)
AC   0  F    TS    13 PTAMS 0x00000006af000000 NTAMS 0x00000006af000000 space 16384K,   0% used [0x00000006af000000, 0x00000006b0000000)
AC   0  F    TS    13 PTAMS 0x00000006b0000000 NTAMS 0x00000006b0000000 space 16384K,   0% used [0x00000006b0000000, 0x00000006b1000000)
AC   0  F    TS    13 PTAMS 0x00000006b1000000 NTAMS 0x00000006b1000000 space 16384K,   0% used [0x00000006b1000000, 0x00000006b2000000)
AC   0  F    TS    13 PTAMS 0x00000006b2000000 NTAMS 0x00000006b2000000 space 16384K,   0% used [0x00000006b2000000, 0x00000006b3000000)
AC   0  F    TS    13 PTAMS 0x00000006b3000000 NTAMS 0x00000006b3000000 space 16384K,   0% used [0x00000006b3000000, 0x00000006b4000000)
AC   0  F    TS    13 PTAMS 0x00000006b4000000 NTAMS 0x00000006b4000000 space 16384K,   0% used [0x00000006b4000000, 0x00000006b5000000)
AC   0  F    TS    13 PTAMS 0x00000006b5000000 NTAMS 0x00000006b5000000 space 16384K,   0% used [0x00000006b5000000, 0x00000006b6000000)
AC   0  F    TS    13 PTAMS 0x00000006b6000000 NTAMS 0x00000006b6000000 space 16384K,   0% used [0x00000006b6000000, 0x00000006b7000000)
AC   0  F    TS    13 PTAMS 0x00000006b7000000 NTAMS 0x00000006b7000000 space 16384K,   0% used [0x00000006b7000000, 0x00000006b8000000)
AC   0  F    TS    13 PTAMS 0x00000006b8000000 NTAMS 0x00000006b8000000 space 16384K,   0% used [0x00000006b8000000, 0x00000006b9000000)
AC   0  F    TS    13 PTAMS 0x00000006b9000000 NTAMS 0x00000006b9000000 space 16384K,   0% used [0x00000006b9000000, 0x00000006ba000000)
AC   0  F    TS    13 PTAMS 0x00000006ba000000 NTAMS 0x00000006ba000000 space 16384K,   0% used [0x00000006ba000000, 0x00000006bb000000)
AC   0  F    TS    13 PTAMS 0x00000006bb000000 NTAMS 0x00000006bb000000 space 16384K,   0% used [0x00000006bb000000, 0x00000006bc000000)
AC   0  F    TS    13 PTAMS 0x00000006bc000000 NTAMS 0x00000006bc000000 space 16384K,   0% used [0x00000006bc000000, 0x00000006bd000000)
AC   0  F    TS    13 PTAMS 0x00000006bd000000 NTAMS 0x00000006bd000000 space 16384K,   0% used [0x00000006bd000000, 0x00000006be000000)
AC   0  F    TS    13 PTAMS 0x00000006be000000 NTAMS 0x00000006be000000 space 16384K,   0% used [0x00000006be000000, 0x00000006bf000000)
AC   0  F    TS    13 PTAMS 0x00000006bf000000 NTAMS 0x00000006bf000000 space 16384K,   0% used [0x00000006bf000000, 0x00000006c0000000)
AC   0  F    TS    13 PTAMS 0x00000006c0000000 NTAMS 0x00000006c0000000 space 16384K,   0% used [0x00000006c0000000, 0x00000006c1000000)
AC   0  F    TS    13 PTAMS 0x00000006c1000000 NTAMS 0x00000006c1000000 space 16384K,   0% used [0x00000006c1000000, 0x00000006c2000000)
AC   0  F    TS    13 PTAMS 0x00000006c2000000 NTAMS 0x00000006c2000000 space 16384K,   0% used [0x00000006c2000000, 0x00000006c3000000)
AC   0  F    TS    13 PTAMS 0x00000006c3000000 NTAMS 0x00000006c3000000 space 16384K,   0% used [0x00000006c3000000, 0x00000006c4000000)
AC   0  F    TS    13 PTAMS 0x00000006c4000000 NTAMS 0x00000006c4000000 space 16384K,   0% used [0x00000006c4000000, 0x00000006c5000000)
AC   0  F    TS    13 PTAMS 0x00000006c5000000 NTAMS 0x00000006c5000000 space 16384K,   0% used [0x00000006c5000000, 0x00000006c6000000)
AC   0  F    TS    15 PTAMS 0x00000006c6000000 NTAMS 0x00000006c6000000 space 16384K,   0% used [0x00000006c6000000, 0x00000006c7000000)
AC   0  F    TS    13 PTAMS 0x00000006c7000000 NTAMS 0x00000006c7000000 space 16384K,   0% used [0x00000006c7000000, 0x00000006c8000000)
AC   0  F    TS    13 PTAMS 0x00000006c8000000 NTAMS 0x00000006c8000000 space 16384K,   0% used [0x00000006c8000000, 0x00000006c9000000)
AC   0  F    TS    13 PTAMS 0x00000006c9000000 NTAMS 0x00000006c9000000 space 16384K,   0% used [0x00000006c9000000, 0x00000006ca000000)
AC   0  F    TS    13 PTAMS 0x00000006ca000000 NTAMS 0x00000006ca000000 space 16384K,   0% used [0x00000006ca000000, 0x00000006cb000000)
AC   0  F    TS    13 PTAMS 0x00000006cb000000 NTAMS 0x00000006cb000000 space 16384K,   0% used [0x00000006cb000000, 0x00000006cc000000)
AC   0  F    TS    13 PTAMS 0x00000006cc000000 NTAMS 0x00000006cc000000 space 16384K,   0% used [0x00000006cc000000, 0x00000006cd000000)
AC   0  F    TS    13 PTAMS 0x00000006cd000000 NTAMS 0x00000006cd000000 space 16384K,   0% used [0x00000006cd000000, 0x00000006ce000000)
AC   0  F    TS    15 PTAMS 0x00000006ce000000 NTAMS 0x00000006ce000000 space 16384K,   0% used [0x00000006ce000000, 0x00000006cf000000)
AC   0  F    TS    15 PTAMS 0x00000006cf000000 NTAMS 0x00000006cf000000 space 16384K,   0% used [0x00000006cf000000, 0x00000006d0000000)
AC   0  F    TS    15 PTAMS 0x00000006d0000000 NTAMS 0x00000006d0000000 space 16384K,   0% used [0x00000006d0000000, 0x00000006d1000000)
AC   0  F    TS    15 PTAMS 0x00000006d1000000 NTAMS 0x00000006d1000000 space 16384K,   0% used [0x00000006d1000000, 0x00000006d2000000)
AC   0  F    TS    15 PTAMS 0x00000006d2000000 NTAMS 0x00000006d2000000 space 16384K,   0% used [0x00000006d2000000, 0x00000006d3000000)
AC   0  F    TS    15 PTAMS 0x00000006d3000000 NTAMS 0x00000006d3000000 space 16384K,   0% used [0x00000006d3000000, 0x00000006d4000000)
AC   0  F    TS    15 PTAMS 0x00000006d4000000 NTAMS 0x00000006d4000000 space 16384K,   0% used [0x00000006d4000000, 0x00000006d5000000)
AC   0  F    TS    15 PTAMS 0x00000006d5000000 NTAMS 0x00000006d5000000 space 16384K,   0% used [0x00000006d5000000, 0x00000006d6000000)
AC   0  F    TS    15 PTAMS 0x00000006d6000000 NTAMS 0x00000006d6000000 space 16384K,   0% used [0x00000006d6000000, 0x00000006d7000000)
AC   0  F    TS    15 PTAMS 0x00000006d7000000 NTAMS 0x00000006d7000000 space 16384K,   0% used [0x00000006d7000000, 0x00000006d8000000)
AC   0  F    TS    15 PTAMS 0x00000006d8000000 NTAMS 0x00000006d8000000 space 16384K,   0% used [0x00000006d8000000, 0x00000006d9000000)
AC   0  F    TS    15 PTAMS 0x00000006d9000000 NTAMS 0x00000006d9000000 space 16384K,   0% used [0x00000006d9000000, 0x00000006da000000)
AC   0  F    TS    15 PTAMS 0x00000006da000000 NTAMS 0x00000006da000000 space 16384K,   0% used [0x00000006da000000, 0x00000006db000000)
AC   0  F    TS    15 PTAMS 0x00000006db000000 NTAMS 0x00000006db000000 space 16384K,   0% used [0x00000006db000000, 0x00000006dc000000)
AC   0  F    TS    15 PTAMS 0x00000006dc000000 NTAMS 0x00000006dc000000 space 16384K,   0% used [0x00000006dc000000, 0x00000006dd000000)
AC   0  F    TS    15 PTAMS 0x00000006dd000000 NTAMS 0x00000006dd000000 space 16384K,   0% used [0x00000006dd000000, 0x00000006de000000)
AC   0  F    TS    15 PTAMS 0x00000006de000000 NTAMS 0x00000006de000000 space 16384K,   0% used [0x00000006de000000, 0x00000006df000000)
AC   0  F    TS    15 PTAMS 0x00000006df000000 NTAMS 0x00000006df000000 space 16384K,   0% used [0x00000006df000000, 0x00000006e0000000)
AC   0  F    TS    15 PTAMS 0x00000006e0000000 NTAMS 0x00000006e0000000 space 16384K,   0% used [0x00000006e0000000, 0x00000006e1000000)
AC   0  F    TS    15 PTAMS 0x00000006e1000000 NTAMS 0x00000006e1000000 space 16384K,   0% used [0x00000006e1000000, 0x00000006e2000000)
AC   0  F    TS    15 PTAMS 0x00000006e2000000 NTAMS 0x00000006e2000000 space 16384K,   0% used [0x00000006e2000000, 0x00000006e3000000)
AC   0  F    TS    15 PTAMS 0x00000006e3000000 NTAMS 0x00000006e3000000 space 16384K,   0% used [0x00000006e3000000, 0x00000006e4000000)
AC   0  F    TS    15 PTAMS 0x00000006e4000000 NTAMS 0x00000006e4000000 space 16384K,   0% used [0x00000006e4000000, 0x00000006e5000000)
AC   0  F    TS    15 PTAMS 0x00000006e5000000 NTAMS 0x00000006e5000000 space 16384K,   0% used [0x00000006e5000000, 0x00000006e6000000)
AC   0  F    TS    15 PTAMS 0x00000006e6000000 NTAMS 0x00000006e6000000 space 16384K,   0% used [0x00000006e6000000, 0x00000006e7000000)
AC   0  F    TS    15 PTAMS 0x00000006e7000000 NTAMS 0x00000006e7000000 space 16384K,   0% used [0x00000006e7000000, 0x00000006e8000000)
AC   0  F    TS    15 PTAMS 0x00000006e8000000 NTAMS 0x00000006e8000000 space 16384K,   0% used [0x00000006e8000000, 0x00000006e9000000)
AC   0  F    TS    15 PTAMS 0x00000006e9000000 NTAMS 0x00000006e9000000 space 16384K,   0% used [0x00000006e9000000, 0x00000006ea000000)
AC   0  F    TS    15 PTAMS 0x00000006ea000000 NTAMS 0x00000006ea000000 space 16384K,   0% used [0x00000006ea000000, 0x00000006eb000000)
AC   0  F    TS    15 PTAMS 0x00000006eb000000 NTAMS 0x00000006eb000000 space 16384K,   0% used [0x00000006eb000000, 0x00000006ec000000)
AC   0  F    TS    15 PTAMS 0x00000006ec000000 NTAMS 0x00000006ec000000 space 16384K,   0% used [0x00000006ec000000, 0x00000006ed000000)
AC   0  F    TS    15 PTAMS 0x00000006ed000000 NTAMS 0x00000006ed000000 space 16384K,   0% used [0x00000006ed000000, 0x00000006ee000000)
AC   0  F    TS    15 PTAMS 0x00000006ee000000 NTAMS 0x00000006ee000000 space 16384K,   0% used [0x00000006ee000000, 0x00000006ef000000)
AC   0  F    TS    15 PTAMS 0x00000006ef000000 NTAMS 0x00000006ef000000 space 16384K,   0% used [0x00000006ef000000, 0x00000006f0000000)
AC   0  F    TS    15 PTAMS 0x00000006f0000000 NTAMS 0x00000006f0000000 space 16384K,   0% used [0x00000006f0000000, 0x00000006f1000000)
AC   0  F    TS    15 PTAMS 0x00000006f1000000 NTAMS 0x00000006f1000000 space 16384K,   0% used [0x00000006f1000000, 0x00000006f2000000)
AC   0  F    TS    15 PTAMS 0x00000006f2000000 NTAMS 0x00000006f2000000 space 16384K,   0% used [0x00000006f2000000, 0x00000006f3000000)
AC   0  F    TS    15 PTAMS 0x00000006f3000000 NTAMS 0x00000006f3000000 space 16384K,   0% used [0x00000006f3000000, 0x00000006f4000000)
AC   0  F    TS    15 PTAMS 0x00000006f4000000 NTAMS 0x00000006f4000000 space 16384K,   0% used [0x00000006f4000000, 0x00000006f5000000)
AC   0  F    TS    15 PTAMS 0x00000006f5000000 NTAMS 0x00000006f5000000 space 16384K,   0% used [0x00000006f5000000, 0x00000006f6000000)
AC   0  F    TS    15 PTAMS 0x00000006f6000000 NTAMS 0x00000006f6000000 space 16384K,   0% used [0x00000006f6000000, 0x00000006f7000000)
AC   0  F    TS    17 PTAMS 0x00000006f7000000 NTAMS 0x00000006f7000000 space 16384K,   0% used [0x00000006f7000000, 0x00000006f8000000)
AC   0  F    TS    15 PTAMS 0x00000006f8000000 NTAMS 0x00000006f8000000 space 16384K,   0% used [0x00000006f8000000, 0x00000006f9000000)
AC   0  F    TS    15 PTAMS 0x00000006f9000000 NTAMS 0x00000006f9000000 space 16384K,   0% used [0x00000006f9000000, 0x00000006fa000000)
AC   0  F    TS    15 PTAMS 0x00000006fa000000 NTAMS 0x00000006fa000000 space 16384K,   0% used [0x00000006fa000000, 0x00000006fb000000)
AC   0  F    TS    15 PTAMS 0x00000006fb000000 NTAMS 0x00000006fb000000 space 16384K,   0% used [0x00000006fb000000, 0x00000006fc000000)
AC   0  F    TS    15 PTAMS 0x00000006fc000000 NTAMS 0x00000006fc000000 space 16384K,   0% used [0x00000006fc000000, 0x00000006fd000000)
AC   0  F    TS    15 PTAMS 0x00000006fd000000 NTAMS 0x00000006fd000000 space 16384K,   0% used [0x00000006fd000000, 0x00000006fe000000)
AC   0  F    TS    15 PTAMS 0x00000006fe000000 NTAMS 0x00000006fe000000 space 16384K,   0% used [0x00000006fe000000, 0x00000006ff000000)
AC   0  F    TS    17 PTAMS 0x00000006ff000000 NTAMS 0x00000006ff000000 space 16384K,   0% used [0x00000006ff000000, 0x0000000700000000)
AC   0  F    TS    17 PTAMS 0x0000000700000000 NTAMS 0x0000000700000000 space 16384K,   0% used [0x0000000700000000, 0x0000000701000000)
AC   0  F    TS    17 PTAMS 0x0000000701000000 NTAMS 0x0000000701000000 space 16384K,   0% used [0x0000000701000000, 0x0000000702000000)
AC   0  F    TS    17 PTAMS 0x0000000702000000 NTAMS 0x0000000702000000 space 16384K,   0% used [0x0000000702000000, 0x0000000703000000)
AC   0  F    TS    17 PTAMS 0x0000000703000000 NTAMS 0x0000000703000000 space 16384K,   0% used [0x0000000703000000, 0x0000000704000000)
AC   0  F    TS    17 PTAMS 0x0000000704000000 NTAMS 0x0000000704000000 space 16384K,   0% used [0x0000000704000000, 0x0000000705000000)
AC   0  F    TS    17 PTAMS 0x0000000705000000 NTAMS 0x0000000705000000 space 16384K,   0% used [0x0000000705000000, 0x0000000706000000)
AC   0  F    TS    17 PTAMS 0x0000000706000000 NTAMS 0x0000000706000000 space 16384K,   0% used [0x0000000706000000, 0x0000000707000000)
AC   0  F    TS    17 PTAMS 0x0000000707000000 NTAMS 0x0000000707000000 space 16384K,   0% used [0x0000000707000000, 0x0000000708000000)
AC   0  F    TS    17 PTAMS 0x0000000708000000 NTAMS 0x0000000708000000 space 16384K,   0% used [0x0000000708000000, 0x0000000709000000)
AC   0  F    TS    17 PTAMS 0x0000000709000000 NTAMS 0x0000000709000000 space 16384K,   0% used [0x0000000709000000, 0x000000070a000000)
AC   0  F    TS    17 PTAMS 0x000000070a000000 NTAMS 0x000000070a000000 space 16384K,   0% used [0x000000070a000000, 0x000000070b000000)
AC   0  F    TS    17 PTAMS 0x000000070b000000 NTAMS 0x000000070b000000 space 16384K,   0% used [0x000000070b000000, 0x000000070c000000)
AC   0  F    TS    17 PTAMS 0x000000070c000000 NTAMS 0x000000070c000000 space 16384K,   0% used [0x000000070c000000, 0x000000070d000000)
AC   0  F    TS    17 PTAMS 0x000000070d000000 NTAMS 0x000000070d000000 space 16384K,   0% used [0x000000070d000000, 0x000000070e000000)
AC   0  F    TS    17 PTAMS 0x000000070e000000 NTAMS 0x000000070e000000 space 16384K,   0% used [0x000000070e000000, 0x000000070f000000)
AC   0  F    TS    17 PTAMS 0x000000070f000000 NTAMS 0x000000070f000000 space 16384K,   0% used [0x000000070f000000, 0x0000000710000000)
AC   0  F    TS    17 PTAMS 0x0000000710000000 NTAMS 0x0000000710000000 space 16384K,   0% used [0x0000000710000000, 0x0000000711000000)
AC   0  F    TS    17 PTAMS 0x0000000711000000 NTAMS 0x0000000711000000 space 16384K,   0% used [0x0000000711000000, 0x0000000712000000)
AC   0  F    TS    17 PTAMS 0x0000000712000000 NTAMS 0x0000000712000000 space 16384K,   0% used [0x0000000712000000, 0x0000000713000000)
AC   0  F    TS    17 PTAMS 0x0000000713000000 NTAMS 0x0000000713000000 space 16384K,   0% used [0x0000000713000000, 0x0000000714000000)
AC   0  F    TS    17 PTAMS 0x0000000714000000 NTAMS 0x0000000714000000 space 16384K,   0% used [0x0000000714000000, 0x0000000715000000)
AC   0  F    TS    17 PTAMS 0x0000000715000000 NTAMS 0x0000000715000000 space 16384K,   0% used [0x0000000715000000, 0x0000000716000000)
AC   0  F    TS    17 PTAMS 0x0000000716000000 NTAMS 0x0000000716000000 space 16384K,   0% used [0x0000000716000000, 0x0000000717000000)
AC   0  F    TS    17 PTAMS 0x0000000717000000 NTAMS 0x0000000717000000 space 16384K,   0% used [0x0000000717000000, 0x0000000718000000)
AC   0  F    TS    17 PTAMS 0x0000000718000000 NTAMS 0x0000000718000000 space 16384K,   0% used [0x0000000718000000, 0x0000000719000000)
AC   0  F    TS    17 PTAMS 0x0000000719000000 NTAMS 0x0000000719000000 space 16384K,   0% used [0x0000000719000000, 0x000000071a000000)
AC   0  F    TS    17 PTAMS 0x000000071a000000 NTAMS 0x000000071a000000 space 16384K,   0% used [0x000000071a000000, 0x000000071b000000)
AC   0  F    TS    17 PTAMS 0x000000071b000000 NTAMS 0x000000071b000000 space 16384K,   0% used [0x000000071b000000, 0x000000071c000000)
AC   0  F    TS    17 PTAMS 0x000000071c000000 NTAMS 0x000000071c000000 space 16384K,   0% used [0x000000071c000000, 0x000000071d000000)
AC   0  F    TS    17 PTAMS 0x000000071d000000 NTAMS 0x000000071d000000 space 16384K,   0% used [0x000000071d000000, 0x000000071e000000)
AC   0  F    TS    19 PTAMS 0x000000071e000000 NTAMS 0x000000071e000000 space 16384K,   0% used [0x000000071e000000, 0x000000071f000000)
AC   0  F    TS    17 PTAMS 0x000000071f000000 NTAMS 0x000000071f000000 space 16384K,   0% used [0x000000071f000000, 0x0000000720000000)
AC   0  F    TS    17 PTAMS 0x0000000720000000 NTAMS 0x0000000720000000 space 16384K,   0% used [0x0000000720000000, 0x0000000721000000)
AC   0  F    TS    17 PTAMS 0x0000000721000000 NTAMS 0x0000000721000000 space 16384K,   0% used [0x0000000721000000, 0x0000000722000000)
AC   0  F    TS    17 PTAMS 0x0000000722000000 NTAMS 0x0000000722000000 space 16384K,   0% used [0x0000000722000000, 0x0000000723000000)
AC   0  F    TS    17 PTAMS 0x0000000723000000 NTAMS 0x0000000723000000 space 16384K,   0% used [0x0000000723000000, 0x0000000724000000)
AC   0  F    TS    17 PTAMS 0x0000000724000000 NTAMS 0x0000000724000000 space 16384K,   0% used [0x0000000724000000, 0x0000000725000000)
AC   0  F    TS    17 PTAMS 0x0000000725000000 NTAMS 0x0000000725000000 space 16384K,   0% used [0x0000000725000000, 0x0000000726000000)
AC   0  F    TS    19 PTAMS 0x0000000726000000 NTAMS 0x0000000726000000 space 16384K,   0% used [0x0000000726000000, 0x0000000727000000)
AC   0  F    TS    19 PTAMS 0x0000000727000000 NTAMS 0x0000000727000000 space 16384K,   0% used [0x0000000727000000, 0x0000000728000000)
AC   0  F    TS    19 PTAMS 0x0000000728000000 NTAMS 0x0000000728000000 space 16384K,   0% used [0x0000000728000000, 0x0000000729000000)
AC   0  F    TS    19 PTAMS 0x0000000729000000 NTAMS 0x0000000729000000 space 16384K,   0% used [0x0000000729000000, 0x000000072a000000)
AC   0  F    TS    19 PTAMS 0x000000072a000000 NTAMS 0x000000072a000000 space 16384K,   0% used [0x000000072a000000, 0x000000072b000000)
AC   0  F    TS    19 PTAMS 0x000000072b000000 NTAMS 0x000000072b000000 space 16384K,   0% used [0x000000072b000000, 0x000000072c000000)
AC   0  F    TS    19 PTAMS 0x000000072c000000 NTAMS 0x000000072c000000 space 16384K,   0% used [0x000000072c000000, 0x000000072d000000)
AC   0  F    TS    19 PTAMS 0x000000072d000000 NTAMS 0x000000072d000000 space 16384K,   0% used [0x000000072d000000, 0x000000072e000000)
AC   0  F    TS    19 PTAMS 0x000000072e000000 NTAMS 0x000000072e000000 space 16384K,   0% used [0x000000072e000000, 0x000000072f000000)
AC   0  F    TS    19 PTAMS 0x000000072f000000 NTAMS 0x000000072f000000 space 16384K,   0% used [0x000000072f000000, 0x0000000730000000)
AC   0  F    TS    19 PTAMS 0x0000000730000000 NTAMS 0x0000000730000000 space 16384K,   0% used [0x0000000730000000, 0x0000000731000000)
AC   0  F    TS    19 PTAMS 0x0000000731000000 NTAMS 0x0000000731000000 space 16384K,   0% used [0x0000000731000000, 0x0000000732000000)
AC   0  F    TS    19 PTAMS 0x0000000732000000 NTAMS 0x0000000732000000 space 16384K,   0% used [0x0000000732000000, 0x0000000733000000)
AC   0  F    TS    19 PTAMS 0x0000000733000000 NTAMS 0x0000000733000000 space 16384K,   0% used [0x0000000733000000, 0x0000000734000000)
AC   0  F    TS    19 PTAMS 0x0000000734000000 NTAMS 0x0000000734000000 space 16384K,   0% used [0x0000000734000000, 0x0000000735000000)
AC   0  F    TS    19 PTAMS 0x0000000735000000 NTAMS 0x0000000735000000 space 16384K,   0% used [0x0000000735000000, 0x0000000736000000)
AC   0  F    TS    19 PTAMS 0x0000000736000000 NTAMS 0x0000000736000000 space 16384K,   0% used [0x0000000736000000, 0x0000000737000000)
AC   0  F    TS    19 PTAMS 0x0000000737000000 NTAMS 0x0000000737000000 space 16384K,   0% used [0x0000000737000000, 0x0000000738000000)
AC   0  F    TS    19 PTAMS 0x0000000738000000 NTAMS 0x0000000738000000 space 16384K,   0% used [0x0000000738000000, 0x0000000739000000)
AC   0  F    TS    19 PTAMS 0x0000000739000000 NTAMS 0x0000000739000000 space 16384K,   0% used [0x0000000739000000, 0x000000073a000000)
AC   0  F    TS    19 PTAMS 0x000000073a000000 NTAMS 0x000000073a000000 space 16384K,   0% used [0x000000073a000000, 0x000000073b000000)
AC   0  F    TS    19 PTAMS 0x000000073b000000 NTAMS 0x000000073b000000 space 16384K,   0% used [0x000000073b000000, 0x000000073c000000)
AC   0  F    TS    19 PTAMS 0x000000073c000000 NTAMS 0x000000073c000000 space 16384K,   0% used [0x000000073c000000, 0x000000073d000000)
AC   0  F    TS    21 PTAMS 0x000000073d000000 NTAMS 0x000000073d000000 space 16384K,   0% used [0x000000073d000000, 0x000000073e000000)
AC   0  F    TS    19 PTAMS 0x000000073e000000 NTAMS 0x000000073e000000 space 16384K,   0% used [0x000000073e000000, 0x000000073f000000)
AC   0  F    TS    19 PTAMS 0x000000073f000000 NTAMS 0x000000073f000000 space 16384K,   0% used [0x000000073f000000, 0x0000000740000000)
AC   0  F    TS    19 PTAMS 0x0000000740000000 NTAMS 0x0000000740000000 space 16384K,   0% used [0x0000000740000000, 0x0000000741000000)
AC   0  F    TS    19 PTAMS 0x0000000741000000 NTAMS 0x0000000741000000 space 16384K,   0% used [0x0000000741000000, 0x0000000742000000)
AC   0  F    TS    19 PTAMS 0x0000000742000000 NTAMS 0x0000000742000000 space 16384K,   0% used [0x0000000742000000, 0x0000000743000000)
AC   0  F    TS    19 PTAMS 0x0000000743000000 NTAMS 0x0000000743000000 space 16384K,   0% used [0x0000000743000000, 0x0000000744000000)
AC   0  F    TS    19 PTAMS 0x0000000744000000 NTAMS 0x0000000744000000 space 16384K,   0% used [0x0000000744000000, 0x0000000745000000)
AC   0  F    TS    21 PTAMS 0x0000000745000000 NTAMS 0x0000000745000000 space 16384K,   0% used [0x0000000745000000, 0x0000000746000000)
AC   0  F    TS    21 PTAMS 0x0000000746000000 NTAMS 0x0000000746000000 space 16384K,   0% used [0x0000000746000000, 0x0000000747000000)
AC   0  F    TS    21 PTAMS 0x0000000747000000 NTAMS 0x0000000747000000 space 16384K,   0% used [0x0000000747000000, 0x0000000748000000)
AC   0  F    TS    21 PTAMS 0x0000000748000000 NTAMS 0x0000000748000000 space 16384K,   0% used [0x0000000748000000, 0x0000000749000000)
AC   0  F    TS    21 PTAMS 0x0000000749000000 NTAMS 0x0000000749000000 space 16384K,   0% used [0x0000000749000000, 0x000000074a000000)
AC   0  F    TS    21 PTAMS 0x000000074a000000 NTAMS 0x000000074a000000 space 16384K,   0% used [0x000000074a000000, 0x000000074b000000)
AC   0  F    TS    21 PTAMS 0x000000074b000000 NTAMS 0x000000074b000000 space 16384K,   0% used [0x000000074b000000, 0x000000074c000000)
AC   0  F    TS    21 PTAMS 0x000000074c000000 NTAMS 0x000000074c000000 space 16384K,   0% used [0x000000074c000000, 0x000000074d000000)
AC   0  F    TS    21 PTAMS 0x000000074d000000 NTAMS 0x000000074d000000 space 16384K,   0% used [0x000000074d000000, 0x000000074e000000)
AC   0  F    TS    21 PTAMS 0x000000074e000000 NTAMS 0x000000074e000000 space 16384K,   0% used [0x000000074e000000, 0x000000074f000000)
AC   0  F    TS    21 PTAMS 0x000000074f000000 NTAMS 0x000000074f000000 space 16384K,   0% used [0x000000074f000000, 0x0000000750000000)
AC   0  F    TS    21 PTAMS 0x0000000750000000 NTAMS 0x0000000750000000 space 16384K,   0% used [0x0000000750000000, 0x0000000751000000)
AC   0  F    TS    21 PTAMS 0x0000000751000000 NTAMS 0x0000000751000000 space 16384K,   0% used [0x0000000751000000, 0x0000000752000000)
AC   0  F    TS    21 PTAMS 0x0000000752000000 NTAMS 0x0000000752000000 space 16384K,   0% used [0x0000000752000000, 0x0000000753000000)
AC   0  F    TS    21 PTAMS 0x0000000753000000 NTAMS 0x0000000753000000 space 16384K,   0% used [0x0000000753000000, 0x0000000754000000)
AC   0  F    TS    21 PTAMS 0x0000000754000000 NTAMS 0x0000000754000000 space 16384K,   0% used [0x0000000754000000, 0x0000000755000000)
AC   0  F    TS    21 PTAMS 0x0000000755000000 NTAMS 0x0000000755000000 space 16384K,   0% used [0x0000000755000000, 0x0000000756000000)
AC   0  F    TS    23 PTAMS 0x0000000756000000 NTAMS 0x0000000756000000 space 16384K,   0% used [0x0000000756000000, 0x0000000757000000)
AC   0  F    TS    21 PTAMS 0x0000000757000000 NTAMS 0x0000000757000000 space 16384K,   0% used [0x0000000757000000, 0x0000000758000000)
AC   0  F    TS    21 PTAMS 0x0000000758000000 NTAMS 0x0000000758000000 space 16384K,   0% used [0x0000000758000000, 0x0000000759000000)
AC   0  F    TS    21 PTAMS 0x0000000759000000 NTAMS 0x0000000759000000 space 16384K,   0% used [0x0000000759000000, 0x000000075a000000)
AC   0  F    TS    21 PTAMS 0x000000075a000000 NTAMS 0x000000075a000000 space 16384K,   0% used [0x000000075a000000, 0x000000075b000000)
AC   0  F    TS    21 PTAMS 0x000000075b000000 NTAMS 0x000000075b000000 space 16384K,   0% used [0x000000075b000000, 0x000000075c000000)
AC   0  F    TS    21 PTAMS 0x000000075c000000 NTAMS 0x000000075c000000 space 16384K,   0% used [0x000000075c000000, 0x000000075d000000)
AC   0  F    TS    21 PTAMS 0x000000075d000000 NTAMS 0x000000075d000000 space 16384K,   0% used [0x000000075d000000, 0x000000075e000000)
AC   0  F    TS    23 PTAMS 0x000000075e000000 NTAMS 0x000000075e000000 space 16384K,   0% used [0x000000075e000000, 0x000000075f000000)
AC   0  F    TS    23 PTAMS 0x000000075f000000 NTAMS 0x000000075f000000 space 16384K,   0% used [0x000000075f000000, 0x0000000760000000)
AC   0  F    TS    23 PTAMS 0x0000000760000000 NTAMS 0x0000000760000000 space 16384K,   0% used [0x0000000760000000, 0x0000000761000000)
AC   0  F    TS    23 PTAMS 0x0000000761000000 NTAMS 0x0000000761000000 space 16384K,   0% used [0x0000000761000000, 0x0000000762000000)
AC   0  F    TS    23 PTAMS 0x0000000762000000 NTAMS 0x0000000762000000 space 16384K,   0% used [0x0000000762000000, 0x0000000763000000)
AC   0  F    TS    23 PTAMS 0x0000000763000000 NTAMS 0x0000000763000000 space 16384K,   0% used [0x0000000763000000, 0x0000000764000000)
AC   0  F    TS    23 PTAMS 0x0000000764000000 NTAMS 0x0000000764000000 space 16384K,   0% used [0x0000000764000000, 0x0000000765000000)
AC   0  F    TS    23 PTAMS 0x0000000765000000 NTAMS 0x0000000765000000 space 16384K,   0% used [0x0000000765000000, 0x0000000766000000)
AC   0  F    TS    23 PTAMS 0x0000000766000000 NTAMS 0x0000000766000000 space 16384K,   0% used [0x0000000766000000, 0x0000000767000000)
AC   0  F    TS    23 PTAMS 0x0000000767000000 NTAMS 0x0000000767000000 space 16384K,   0% used [0x0000000767000000, 0x0000000768000000)
AC   0  F    TS    23 PTAMS 0x0000000768000000 NTAMS 0x0000000768000000 space 16384K,   0% used [0x0000000768000000, 0x0000000769000000)
AC   0  F    TS    23 PTAMS 0x0000000769000000 NTAMS 0x0000000769000000 space 16384K,   0% used [0x0000000769000000, 0x000000076a000000)
AC   0  F    TS    25 PTAMS 0x000000076a000000 NTAMS 0x000000076a000000 space 16384K,   0% used [0x000000076a000000, 0x000000076b000000)
AC   0  F    TS    23 PTAMS 0x000000076b000000 NTAMS 0x000000076b000000 space 16384K,   0% used [0x000000076b000000, 0x000000076c000000)
AC   0  F    TS    23 PTAMS 0x000000076c000000 NTAMS 0x000000076c000000 space 16384K,   0% used [0x000000076c000000, 0x000000076d000000)
AC   0  F    TS    23 PTAMS 0x000000076d000000 NTAMS 0x000000076d000000 space 16384K,   0% used [0x000000076d000000, 0x000000076e000000)
AC   0  F    TS    23 PTAMS 0x000000076e000000 NTAMS 0x000000076e000000 space 16384K,   0% used [0x000000076e000000, 0x000000076f000000)
AC   0  F    TS    23 PTAMS 0x000000076f000000 NTAMS 0x000000076f000000 space 16384K,   0% used [0x000000076f000000, 0x0000000770000000)
AC   0  F    TS    23 PTAMS 0x0000000770000000 NTAMS 0x0000000770000000 space 16384K,   0% used [0x0000000770000000, 0x0000000771000000)
AC   0  F    TS    23 PTAMS 0x0000000771000000 NTAMS 0x0000000771000000 space 16384K,   0% used [0x0000000771000000, 0x0000000772000000)
AC   0  F    TS    25 PTAMS 0x0000000772000000 NTAMS 0x0000000772000000 space 16384K,   0% used [0x0000000772000000, 0x0000000773000000)
AC   0  F    TS    25 PTAMS 0x0000000773000000 NTAMS 0x0000000773000000 space 16384K,   0% used [0x0000000773000000, 0x0000000774000000)
AC   0  F    TS    25 PTAMS 0x0000000774000000 NTAMS 0x0000000774000000 space 16384K,   0% used [0x0000000774000000, 0x0000000775000000)
AC   0  F    TS    25 PTAMS 0x0000000775000000 NTAMS 0x0000000775000000 space 16384K,   0% used [0x0000000775000000, 0x0000000776000000)
AC   0  F    TS    25 PTAMS 0x0000000776000000 NTAMS 0x0000000776000000 space 16384K,   0% used [0x0000000776000000, 0x0000000777000000)
AC   0  F    TS    25 PTAMS 0x0000000777000000 NTAMS 0x0000000777000000 space 16384K,   0% used [0x0000000777000000, 0x0000000778000000)
AC   0  F    TS    25 PTAMS 0x0000000778000000 NTAMS 0x0000000778000000 space 16384K,   0% used [0x0000000778000000, 0x0000000779000000)
AC   0  F    TS   177 PTAMS 0x0000000779000000 NTAMS 0x0000000779000000 space 16384K,   0% used [0x0000000779000000, 0x000000077a000000)
AC   0  F    TS   175 PTAMS 0x000000077a000000 NTAMS 0x000000077a000000 space 16384K,   0% used [0x000000077a000000, 0x000000077b000000)
AC   0  F    TS    25 PTAMS 0x000000077b000000 NTAMS 0x000000077b000000 space 16384K,   0% used [0x000000077b000000, 0x000000077c000000)
AC   0  F    TS    25 PTAMS 0x000000077c000000 NTAMS 0x000000077c000000 space 16384K,   0% used [0x000000077c000000, 0x000000077d000000)
AC   0  F    TS    25 PTAMS 0x000000077d000000 NTAMS 0x000000077d000000 space 16384K,   0% used [0x000000077d000000, 0x000000077e000000)
AC   0  F    TS    25 PTAMS 0x000000077e000000 NTAMS 0x000000077e000000 space 16384K,   0% used [0x000000077e000000, 0x000000077f000000)
AC   0  F    TS    25 PTAMS 0x000000077f000000 NTAMS 0x000000077f000000 space 16384K,   0% used [0x000000077f000000, 0x0000000780000000)
AC   0  F    TS    25 PTAMS 0x0000000780000000 NTAMS 0x0000000780000000 space 16384K,   0% used [0x0000000780000000, 0x0000000781000000)
AC   0  F    TS    25 PTAMS 0x0000000781000000 NTAMS 0x0000000781000000 space 16384K,   0% used [0x0000000781000000, 0x0000000782000000)
AC   0  F    TS   177 PTAMS 0x0000000782000000 NTAMS 0x0000000782000000 space 16384K,   0% used [0x0000000782000000, 0x0000000783000000)
AC   0  F    TS   177 PTAMS 0x0000000783000000 NTAMS 0x0000000783000000 space 16384K,   0% used [0x0000000783000000, 0x0000000784000000)
AC   0  F    TS   177 PTAMS 0x0000000784000000 NTAMS 0x0000000784000000 space 16384K,   0% used [0x0000000784000000, 0x0000000785000000)
AC   0  F    TS   177 PTAMS 0x0000000785000000 NTAMS 0x0000000785000000 space 16384K,   0% used [0x0000000785000000, 0x0000000786000000)
AC   0  F    TS   177 PTAMS 0x0000000786000000 NTAMS 0x0000000786000000 space 16384K,   0% used [0x0000000786000000, 0x0000000787000000)
AC   0  F    TS   179 PTAMS 0x0000000787000000 NTAMS 0x0000000787000000 space 16384K,   0% used [0x0000000787000000, 0x0000000788000000)
AC   0  F    TS   177 PTAMS 0x0000000788000000 NTAMS 0x0000000788000000 space 16384K,   0% used [0x0000000788000000, 0x0000000789000000)
AC   0  F    TS   177 PTAMS 0x0000000789000000 NTAMS 0x0000000789000000 space 16384K,   0% used [0x0000000789000000, 0x000000078a000000)
AC   0  F    TS   177 PTAMS 0x000000078a000000 NTAMS 0x000000078a000000 space 16384K,   0% used [0x000000078a000000, 0x000000078b000000)
AC   0  F    TS   177 PTAMS 0x000000078b000000 NTAMS 0x000000078b000000 space 16384K,   0% used [0x000000078b000000, 0x000000078c000000)
AC   0  F    TS   177 PTAMS 0x000000078c000000 NTAMS 0x000000078c000000 space 16384K,   0% used [0x000000078c000000, 0x000000078d000000)
AC   0  F    TS   177 PTAMS 0x000000078d000000 NTAMS 0x000000078d000000 space 16384K,   0% used [0x000000078d000000, 0x000000078e000000)
AC   0  F    TS   177 PTAMS 0x000000078e000000 NTAMS 0x000000078e000000 space 16384K,   0% used [0x000000078e000000, 0x000000078f000000)
AC   0  F    TS   179 PTAMS 0x000000078f000000 NTAMS 0x000000078f000000 space 16384K,   0% used [0x000000078f000000, 0x0000000790000000)
AC   0  F    TS   179 PTAMS 0x0000000790000000 NTAMS 0x0000000790000000 space 16384K,   0% used [0x0000000790000000, 0x0000000791000000)
AC   0  F    TS   181 PTAMS 0x0000000791000000 NTAMS 0x0000000791000000 space 16384K,   0% used [0x0000000791000000, 0x0000000792000000)
AC   0  F    TS   179 PTAMS 0x0000000792000000 NTAMS 0x0000000792000000 space 16384K,   0% used [0x0000000792000000, 0x0000000793000000)
AC   0  F    TS   179 PTAMS 0x0000000793000000 NTAMS 0x0000000793000000 space 16384K,   0% used [0x0000000793000000, 0x0000000794000000)
AC   0  F    TS   179 PTAMS 0x0000000794000000 NTAMS 0x0000000794000000 space 16384K,   0% used [0x0000000794000000, 0x0000000795000000)
AC   0  F    TS   179 PTAMS 0x0000000795000000 NTAMS 0x0000000795000000 space 16384K,   0% used [0x0000000795000000, 0x0000000796000000)
AC   0  F    TS   179 PTAMS 0x0000000796000000 NTAMS 0x0000000796000000 space 16384K,   0% used [0x0000000796000000, 0x0000000797000000)
AC   0  F    TS   179 PTAMS 0x0000000797000000 NTAMS 0x0000000797000000 space 16384K,   0% used [0x0000000797000000, 0x0000000798000000)
AC   0  F    TS   179 PTAMS 0x0000000798000000 NTAMS 0x0000000798000000 space 16384K,   0% used [0x0000000798000000, 0x0000000799000000)
AC   0  F    TS   183 PTAMS 0x0000000799000000 NTAMS 0x0000000799000000 space 16384K,   0% used [0x0000000799000000, 0x000000079a000000)
AC   0  F    TS   181 PTAMS 0x000000079a000000 NTAMS 0x000000079a000000 space 16384K,   0% used [0x000000079a000000, 0x000000079b000000)
AC   0  F    TS   181 PTAMS 0x000000079b000000 NTAMS 0x000000079b000000 space 16384K,   0% used [0x000000079b000000, 0x000000079c000000)
AC   0  F    TS   181 PTAMS 0x000000079c000000 NTAMS 0x000000079c000000 space 16384K,   0% used [0x000000079c000000, 0x000000079d000000)
AC   0  F    TS   181 PTAMS 0x000000079d000000 NTAMS 0x000000079d000000 space 16384K,   0% used [0x000000079d000000, 0x000000079e000000)
AC   0  F    TS   181 PTAMS 0x000000079e000000 NTAMS 0x000000079e000000 space 16384K,   0% used [0x000000079e000000, 0x000000079f000000)
AC   0  F    TS   181 PTAMS 0x000000079f000000 NTAMS 0x000000079f000000 space 16384K,   0% used [0x000000079f000000, 0x00000007a0000000)
AC   0  F    TS   185 PTAMS 0x00000007a0000000 NTAMS 0x00000007a0000000 space 16384K,   0% used [0x00000007a0000000, 0x00000007a1000000)
AC   0  F    TS   183 PTAMS 0x00000007a1000000 NTAMS 0x00000007a1000000 space 16384K,   0% used [0x00000007a1000000, 0x00000007a2000000)
AC   0  F    TS   183 PTAMS 0x00000007a2000000 NTAMS 0x00000007a2000000 space 16384K,   0% used [0x00000007a2000000, 0x00000007a3000000)
AC   0  F    TS   183 PTAMS 0x00000007a3000000 NTAMS 0x00000007a3000000 space 16384K,   0% used [0x00000007a3000000, 0x00000007a4000000)
AC   0  F    TS   183 PTAMS 0x00000007a4000000 NTAMS 0x00000007a4000000 space 16384K,   0% used [0x00000007a4000000, 0x00000007a5000000)
AC   0  F    TS   187 PTAMS 0x00000007a5000000 NTAMS 0x00000007a5000000 space 16384K,   0% used [0x00000007a5000000, 0x00000007a6000000)
AC   0  F    TS   183 PTAMS 0x00000007a6000000 NTAMS 0x00000007a6000000 space 16384K,   0% used [0x00000007a6000000, 0x00000007a7000000)
AC   0  F    TS   183 PTAMS 0x00000007a7000000 NTAMS 0x00000007a7000000 space 16384K,   0% used [0x00000007a7000000, 0x00000007a8000000)
AC   0  F    TS   185 PTAMS 0x00000007a8000000 NTAMS 0x00000007a8000000 space 16384K,   0% used [0x00000007a8000000, 0x00000007a9000000)
AC   0  F    TS   189 PTAMS 0x00000007a9000000 NTAMS 0x00000007a9000000 space 16384K,   0% used [0x00000007a9000000, 0x00000007aa000000)
AC   0  F    TS   185 PTAMS 0x00000007aa000000 NTAMS 0x00000007aa000000 space 16384K,   0% used [0x00000007aa000000, 0x00000007ab000000)
AC   0  F    TS   185 PTAMS 0x00000007ab000000 NTAMS 0x00000007ab000000 space 16384K,   0% used [0x00000007ab000000, 0x00000007ac000000)
AC   0  F    TS   191 PTAMS 0x00000007ac000000 NTAMS 0x00000007ac000000 space 16384K,   0% used [0x00000007ac000000, 0x00000007ad000000)
AC   0  F    TS   187 PTAMS 0x00000007ad000000 NTAMS 0x00000007ad000000 space 16384K,   0% used [0x00000007ad000000, 0x00000007ae000000)
AC   0  F    TS   187 PTAMS 0x00000007ae000000 NTAMS 0x00000007ae000000 space 16384K,   0% used [0x00000007ae000000, 0x00000007af000000)
AC   0  F    TS   251 PTAMS 0x00000007af000000 NTAMS 0x00000007af000000 space 16384K,   0% used [0x00000007af000000, 0x00000007b0000000)
AC   0  S CS TS   339 PTAMS 0x00000007b0000000 NTAMS 0x00000007b0000000 space 16384K,  18% used [0x00000007b0000000, 0x00000007b1000000)
AC   0  F    TS   337 PTAMS 0x00000007b1000000 NTAMS 0x00000007b1000000 space 16384K,   0% used [0x00000007b1000000, 0x00000007b2000000)
AC   0  F    TS   189 PTAMS 0x00000007b2000000 NTAMS 0x00000007b2000000 space 16384K,   0% used [0x00000007b2000000, 0x00000007b3000000)
AC   0  F    TS   189 PTAMS 0x00000007b3000000 NTAMS 0x00000007b3000000 space 16384K,   0% used [0x00000007b3000000, 0x00000007b4000000)
AC   0  E    TS   191 PTAMS 0x00000007b4000000 NTAMS 0x00000007b4000000 space 16384K,  47% used [0x00000007b4000000, 0x00000007b5000000)
AC   0  E CS TS   191 PTAMS 0x00000007b5000000 NTAMS 0x00000007b5000000 space 16384K, 100% used [0x00000007b5000000, 0x00000007b6000000)
AC   0  E CS TS   191 PTAMS 0x00000007b6000000 NTAMS 0x00000007b6000000 space 16384K, 100% used [0x00000007b6000000, 0x00000007b7000000)
AC   0  E CS TS   193 PTAMS 0x00000007b7000000 NTAMS 0x00000007b7000000 space 16384K, 100% used [0x00000007b7000000, 0x00000007b8000000)
AC   0  E CS TS   193 PTAMS 0x00000007b8000000 NTAMS 0x00000007b8000000 space 16384K, 100% used [0x00000007b8000000, 0x00000007b9000000)

Card table byte_map: [0x0000028a54240000,0x0000028a551e0000] byte_map_base: 0x0000028a513d8000

Marking Bits (Prev, Next): (CMBitMap*) 0x0000028a40e6f768, (CMBitMap*) 0x0000028a40e6f7c0
 Prev Bits: [0x0000028a56180000, 0x0000028a5de40000)
 Next Bits: [0x0000028a5de40000, 0x0000028a65b00000)

Polling page: 0x0000028a41040000

CodeCache: size=245760Kb used=22743Kb max_used=22743Kb free=223016Kb
 bounds [0x0000028a426b0000, 0x0000028a43d10000, 0x0000028a516b0000]
 total_blobs=8020 nmethods=6629 adapters=1303
 compilation: enabled

Compilation events (10 events):
Event: 68.664 Thread 0x0000028a69fee000 8735       4       jdk.internal.org.objectweb.asm.MethodWriter::<init> (268 bytes)
Event: 68.665 Thread 0x0000028a69ff7000 8740       3       java.util.stream.AbstractPipeline::evaluateToArrayNode (78 bytes)
Event: 68.666 Thread 0x0000028a69ff7000 nmethod 8740 0x0000028a42b771d0 code [0x0000028a42b773a0, 0x0000028a42b77aa0]
Event: 68.666 Thread 0x0000028a69ff7000 8741       3       java.util.stream.AbstractPipeline::evaluate (44 bytes)
Event: 68.667 Thread 0x0000028a69ff7000 nmethod 8741 0x0000028a4366f8d0 code [0x0000028a4366fae0, 0x0000028a43670750]
Event: 68.667 Thread 0x0000028a69ff7000 8742       3       java.util.stream.AbstractPipeline::exactOutputSizeIfKnown (26 bytes)
Event: 68.667 Thread 0x0000028a69ff7000 nmethod 8742 0x0000028a4366aed0 code [0x0000028a4366b060, 0x0000028a4366b4d0]
Event: 68.677 Thread 0x0000028a69ff7000 8744       1       org.spongepowered.asm.util.ClassSignature$TokenHandle::asToken (5 bytes)
Event: 68.677 Thread 0x0000028a69ff7000 nmethod 8744 0x0000028a4366a990 code [0x0000028a4366aae0, 0x0000028a4366abf8]
Event: 68.678 Thread 0x0000028a69ff7000 8745       3       org.objectweb.asm.Frame::execute (2318 bytes)

GC Heap History (10 events):
Event: 68.021 GC heap before
{Heap before GC invocations=189 (full 0):
 garbage-first heap   total 8060928K, used 431342K [0x00000005cd000000, 0x00000005ce000f60, 0x00000007c0000000)
  region size 16384K, 8 young (131072K), 1 survivors (16384K)
 Metaspace       used 60466K, capacity 65662K, committed 65920K, reserved 1105920K
  class space    used 8411K, capacity 9829K, committed 9856K, reserved 1048576K
Event: 68.026 GC heap after
Heap after GC invocations=190 (full 0):
 garbage-first heap   total 8060928K, used 316721K [0x00000005cd000000, 0x00000005ce000f60, 0x00000007c0000000)
  region size 16384K, 1 young (16384K), 1 survivors (16384K)
 Metaspace       used 60466K, capacity 65662K, committed 65920K, reserved 1105920K
  class space    used 8411K, capacity 9829K, committed 9856K, reserved 1048576K
}
Event: 68.144 GC heap before
{Heap before GC invocations=190 (full 0):
 garbage-first heap   total 8060928K, used 431409K [0x00000005cd000000, 0x00000005ce000f60, 0x00000007c0000000)
  region size 16384K, 8 young (131072K), 1 survivors (16384K)
 Metaspace       used 60676K, capacity 65946K, committed 66304K, reserved 1105920K
  class space    used 8443K, capacity 9883K, committed 9984K, reserved 1048576K
Event: 68.150 GC heap after
Heap after GC invocations=191 (full 0):
 garbage-first heap   total 8060928K, used 317077K [0x00000005cd000000, 0x00000005ce000f60, 0x00000007c0000000)
  region size 16384K, 1 young (16384K), 1 survivors (16384K)
 Metaspace       used 60676K, capacity 65946K, committed 66304K, reserved 1105920K
  class space    used 8443K, capacity 9883K, committed 9984K, reserved 1048576K
}
Event: 68.320 GC heap before
{Heap before GC invocations=191 (full 0):
 garbage-first heap   total 8060928K, used 431765K [0x00000005cd000000, 0x00000005ce000f60, 0x00000007c0000000)
  region size 16384K, 8 young (131072K), 1 survivors (16384K)
 Metaspace       used 60964K, capacity 66248K, committed 66304K, reserved 1105920K
  class space    used 8486K, capacity 9940K, committed 9984K, reserved 1048576K
Event: 68.325 GC heap after
Heap after GC invocations=192 (full 0):
 garbage-first heap   total 8060928K, used 317834K [0x00000005cd000000, 0x00000005ce000f60, 0x00000007c0000000)
  region size 16384K, 1 young (16384K), 1 survivors (16384K)
 Metaspace       used 60964K, capacity 66248K, committed 66304K, reserved 1105920K
  class space    used 8486K, capacity 9940K, committed 9984K, reserved 1048576K
}
Event: 68.419 GC heap before
{Heap before GC invocations=192 (full 0):
 garbage-first heap   total 8060928K, used 432522K [0x00000005cd000000, 0x00000005ce000f60, 0x00000007c0000000)
  region size 16384K, 8 young (131072K), 1 survivors (16384K)
 Metaspace       used 61160K, capacity 66432K, committed 66560K, reserved 1105920K
  class space    used 8530K, capacity 9982K, committed 9984K, reserved 1048576K
Event: 68.424 GC heap after
Heap after GC invocations=193 (full 0):
 garbage-first heap   total 8060928K, used 316813K [0x00000005cd000000, 0x00000005ce000f60, 0x00000007c0000000)
  region size 16384K, 1 young (16384K), 1 survivors (16384K)
 Metaspace       used 61160K, capacity 66432K, committed 66560K, reserved 1105920K
  class space    used 8530K, capacity 9982K, committed 9984K, reserved 1048576K
}
Event: 68.542 GC heap before
{Heap before GC invocations=193 (full 0):
 garbage-first heap   total 8060928K, used 431501K [0x00000005cd000000, 0x00000005ce000f60, 0x00000007c0000000)
  region size 16384K, 8 young (131072K), 1 survivors (16384K)
 Metaspace       used 61419K, capacity 66688K, committed 66944K, reserved 1105920K
  class space    used 8592K, capacity 10046K, committed 10112K, reserved 1048576K
Event: 68.560 GC heap after
Heap after GC invocations=194 (full 0):
 garbage-first heap   total 8060928K, used 317426K [0x00000005cd000000, 0x00000005ce000f60, 0x00000007c0000000)
  region size 16384K, 1 young (16384K), 1 survivors (16384K)
 Metaspace       used 61419K, capacity 66688K, committed 66944K, reserved 1105920K
  class space    used 8592K, capacity 10046K, committed 10112K, reserved 1048576K
}

Deoptimization events (10 events):
Event: 68.578 Thread 0x0000028a40de4000 Uncommon trap: reason=null_check action=none pc=0x0000028a437aba00 method=sun.misc.URLClassPath$Loader.findResource(Ljava/lang/String;Z)Ljava/net/URL; @ 87
Event: 68.579 Thread 0x0000028a40de4000 Uncommon trap: reason=null_check action=none pc=0x0000028a437aba00 method=sun.misc.URLClassPath$Loader.findResource(Ljava/lang/String;Z)Ljava/net/URL; @ 87
Event: 68.579 Thread 0x0000028a40de4000 Uncommon trap: reason=null_check action=none pc=0x0000028a437aba00 method=sun.misc.URLClassPath$Loader.findResource(Ljava/lang/String;Z)Ljava/net/URL; @ 87
Event: 68.579 Thread 0x0000028a40de4000 Uncommon trap: reason=null_check action=none pc=0x0000028a437aba00 method=sun.misc.URLClassPath$Loader.findResource(Ljava/lang/String;Z)Ljava/net/URL; @ 87
Event: 68.580 Thread 0x0000028a40de4000 Uncommon trap: reason=null_check action=none pc=0x0000028a437aba00 method=sun.misc.URLClassPath$Loader.findResource(Ljava/lang/String;Z)Ljava/net/URL; @ 87
Event: 68.580 Thread 0x0000028a40de4000 Uncommon trap: reason=null_check action=none pc=0x0000028a437aba00 method=sun.misc.URLClassPath$Loader.findResource(Ljava/lang/String;Z)Ljava/net/URL; @ 87
Event: 68.581 Thread 0x0000028a40de4000 Uncommon trap: reason=null_check action=none pc=0x0000028a437aba00 method=sun.misc.URLClassPath$Loader.findResource(Ljava/lang/String;Z)Ljava/net/URL; @ 87
Event: 68.582 Thread 0x0000028a40de4000 Uncommon trap: reason=null_check action=none pc=0x0000028a437aba00 method=sun.misc.URLClassPath$Loader.findResource(Ljava/lang/String;Z)Ljava/net/URL; @ 87
Event: 68.583 Thread 0x0000028a40de4000 Uncommon trap: reason=null_check action=none pc=0x0000028a437aba00 method=sun.misc.URLClassPath$Loader.findResource(Ljava/lang/String;Z)Ljava/net/URL; @ 87
Event: 68.677 Thread 0x0000028a40de4000 Uncommon trap: reason=unstable_if action=reinterpret pc=0x0000028a43a35e94 method=org.objectweb.asm.Frame.execute(IILorg/objectweb/asm/Symbol;Lorg/objectweb/asm/SymbolTable;)V @ 2191

Classes redefined (0 events):
No events

Internal exceptions (10 events):
Event: 67.363 Thread 0x0000028a40de4000 Exception <a 'java/io/FileNotFoundException'> (0x00000007b629ad10) thrown at [C:\jenkins\workspace\8-2-build-windows-amd64-cygwin\jdk8u261\295\hotspot\src\share\vm\prims\jni.cpp, line 710]
Event: 67.920 Thread 0x0000028a40de4000 Implicit null exception at 0x0000028a42b2b52c to 0x0000028a42b2b562
Event: 67.925 Thread 0x0000028a40de4000 Exception <a 'java/lang/UnsatisfiedLinkError': 
> (0x00000007b60d2f18) thrown at [C:\jenkins\workspace\8-2-build-windows-amd64-cygwin\jdk8u261\295\hotspot\src\share\vm\prims\jni.cpp, line 737]
Event: 68.210 Thread 0x0000028a40de4000 Exception <a 'sun/nio/fs/WindowsException'> (0x00000007b6d92920) thrown at [C:\jenkins\workspace\8-2-build-windows-amd64-cygwin\jdk8u261\295\hotspot\src\share\vm\prims\jni.cpp, line 710]
Event: 68.213 Thread 0x0000028a40de4000 Exception <a 'sun/nio/fs/WindowsException'> (0x00000007b6d94638) thrown at [C:\jenkins\workspace\8-2-build-windows-amd64-cygwin\jdk8u261\295\hotspot\src\share\vm\prims\jni.cpp, line 710]
Event: 68.219 Thread 0x0000028a40de4000 Exception <a 'java/lang/ArrayIndexOutOfBoundsException': 98> (0x00000007b57077e8) thrown at [C:\jenkins\workspace\8-2-build-windows-amd64-cygwin\jdk8u261\295\hotspot\src\share\vm\interpreter\interpreterRuntime.cpp, line 368]
Event: 68.271 Thread 0x0000028a40de4000 Implicit null exception at 0x0000028a430814b5 to 0x0000028a43081606
Event: 68.385 Thread 0x0000028a40de4000 Exception <a 'java/lang/NoSuchMethodError': java.lang.Object.lambda$static$1(Ljava/util/List;)Lcom/replaymod/render/hooks/Texture2DStateCallback;> (0x00000007b4e52f88) thrown at [C:\jenkins\workspace\8-2-build-windows-amd64-cygwin\jdk8u261\295\hotspot\src
Event: 68.386 Thread 0x0000028a40de4000 Exception <a 'java/lang/NoSuchMethodError': java.lang.Object.lambda$null$0(Ljava/util/List;IZ)V> (0x00000007b4e59230) thrown at [C:\jenkins\workspace\8-2-build-windows-amd64-cygwin\jdk8u261\295\hotspot\src\share\vm\interpreter\linkResolver.cpp, line 620]
Event: 68.671 Thread 0x0000028a40de4000 Exception <a 'java/lang/NoSuchMethodError': java.lang.Object.lambda$comparingDouble$8dcf42ea$1(Ljava/util/function/ToDoubleFunction;Ljava/lang/Object;Ljava/lang/Object;)I> (0x00000007b6718890) thrown at [C:\jenkins\workspace\8-2-build-windows-amd64-cygwin

Events (10 events):
Event: 68.665 loading class net/minecraft/class_5148 done
Event: 68.665 loading class net/minecraft/class_5148
Event: 68.665 loading class net/minecraft/class_5148 done
Event: 68.670 loading class net/minecraft/class_1439$class_4621
Event: 68.670 loading class net/minecraft/class_1439$class_4621 done
Event: 68.670 loading class net/minecraft/class_1439$class_4621
Event: 68.670 loading class net/minecraft/class_1439$class_4621 done
Event: 68.677 Thread 0x0000028a40de4000 Uncommon trap: trap_request=0xffffff65 fr.pc=0x0000028a43a35e94
Event: 68.677 Thread 0x0000028a40de4000 DEOPT PACKING pc=0x0000028a43a35e94 sp=0x000000ca40cfbbd0
Event: 68.677 Thread 0x0000028a40de4000 DEOPT UNPACKING pc=0x0000028a426f5843 sp=0x000000ca40cfbb68 mode 2


Dynamic libraries:
0x00007ff69b5f0000 - 0x00007ff69b637000 	C:\Program Files\Java\jre1.8.0_261\bin\java.exe
0x00007ffc9c740000 - 0x00007ffc9c930000 	C:\Windows\SYSTEM32\ntdll.dll
0x00007ffc9c2b0000 - 0x00007ffc9c362000 	C:\Windows\System32\KERNEL32.DLL
0x00007ffc998f0000 - 0x00007ffc99b95000 	C:\Windows\System32\KERNELBASE.dll
0x00007ffc9c1a0000 - 0x00007ffc9c243000 	C:\Windows\System32\ADVAPI32.dll
0x00007ffc9a850000 - 0x00007ffc9a8ee000 	C:\Windows\System32\msvcrt.dll
0x00007ffc9b4c0000 - 0x00007ffc9b557000 	C:\Windows\System32\sechost.dll
0x00007ffc9afb0000 - 0x00007ffc9b0cf000 	C:\Windows\System32\RPCRT4.dll
0x00007ffc9a8f0000 - 0x00007ffc9aa84000 	C:\Windows\System32\USER32.dll
0x00007ffc998c0000 - 0x00007ffc998e1000 	C:\Windows\System32\win32u.dll
0x00007ffc9b3c0000 - 0x00007ffc9b3e6000 	C:\Windows\System32\GDI32.dll
0x00007ffc9a5a0000 - 0x00007ffc9a738000 	C:\Windows\System32\gdi32full.dll
0x00007ffc9a500000 - 0x00007ffc9a59e000 	C:\Windows\System32\msvcp_win.dll
0x00007ffc99ba0000 - 0x00007ffc99c9a000 	C:\Windows\System32\ucrtbase.dll
0x00007ffc7cdb0000 - 0x00007ffc7d034000 	C:\Windows\WinSxS\amd64_microsoft.windows.common-controls_6595b64144ccf1df_6.0.18362.1440_none_9e7dbfb9e45e8e67\COMCTL32.dll
0x00007ffc9be60000 - 0x00007ffc9c196000 	C:\Windows\System32\combase.dll
0x00007ffc9a470000 - 0x00007ffc9a4f1000 	C:\Windows\System32\bcryptPrimitives.dll
0x00007ffc9af00000 - 0x00007ffc9af2e000 	C:\Windows\System32\IMM32.DLL
0x00007ffc8af00000 - 0x00007ffc8af15000 	C:\Program Files\Java\jre1.8.0_261\bin\vcruntime140.dll
0x00007ffc88090000 - 0x00007ffc8812b000 	C:\Program Files\Java\jre1.8.0_261\bin\msvcp140.dll
0x0000000073c40000 - 0x00000000744ac000 	C:\Program Files\Java\jre1.8.0_261\bin\server\jvm.dll
0x00007ffc9bda0000 - 0x00007ffc9bda8000 	C:\Windows\System32\PSAPI.DLL
0x00007ffc929b0000 - 0x00007ffc929b9000 	C:\Windows\SYSTEM32\WSOCK32.dll
0x00007ffc7d990000 - 0x00007ffc7d9b4000 	C:\Windows\SYSTEM32\WINMM.dll
0x00007ffc9bd30000 - 0x00007ffc9bd9f000 	C:\Windows\System32\WS2_32.dll
0x00007ffc90c00000 - 0x00007ffc90c0a000 	C:\Windows\SYSTEM32\VERSION.dll
0x00007ffc83be0000 - 0x00007ffc83c0d000 	C:\Windows\SYSTEM32\winmmbase.dll
0x00007ffc9a420000 - 0x00007ffc9a46a000 	C:\Windows\System32\cfgmgr32.dll
0x00007ffc99690000 - 0x00007ffc996a1000 	C:\Windows\System32\kernel.appcore.dll
0x00007ffc909a0000 - 0x00007ffc909b0000 	C:\Program Files\Java\jre1.8.0_261\bin\verify.dll
0x00007ffc899c0000 - 0x00007ffc899eb000 	C:\Program Files\Java\jre1.8.0_261\bin\java.dll
0x00007ffc8a180000 - 0x00007ffc8a198000 	C:\Program Files\Java\jre1.8.0_261\bin\zip.dll
0x00007ffc9b560000 - 0x00007ffc9bc48000 	C:\Windows\System32\SHELL32.dll
0x00007ffc9bdb0000 - 0x00007ffc9be57000 	C:\Windows\System32\shcore.dll
0x00007ffc99ca0000 - 0x00007ffc9a41b000 	C:\Windows\System32\windows.storage.dll
0x00007ffc99600000 - 0x00007ffc9961e000 	C:\Windows\System32\profapi.dll
0x00007ffc99620000 - 0x00007ffc9966a000 	C:\Windows\System32\powrprof.dll
0x00007ffc995f0000 - 0x00007ffc99600000 	C:\Windows\System32\UMPDC.dll
0x00007ffc9a7f0000 - 0x00007ffc9a842000 	C:\Windows\System32\shlwapi.dll
0x00007ffc9a7a0000 - 0x00007ffc9a7b7000 	C:\Windows\System32\cryptsp.dll
0x00007ffc8e9c0000 - 0x00007ffc8e9cd000 	C:\Program Files\Java\jre1.8.0_261\bin\management.dll
0x00007ffc89770000 - 0x00007ffc8978c000 	C:\Program Files\Java\jre1.8.0_261\bin\net.dll
0x00007ffc98e30000 - 0x00007ffc98e97000 	C:\Windows\system32\mswsock.dll
0x00007ffc8c030000 - 0x00007ffc8c046000 	C:\Windows\system32\napinsp.dll
0x00007ffc76870000 - 0x00007ffc7688a000 	C:\Windows\system32\pnrpnsp.dll
0x00007ffc98b90000 - 0x00007ffc98c5b000 	C:\Windows\SYSTEM32\DNSAPI.dll
0x00007ffc9bc50000 - 0x00007ffc9bc58000 	C:\Windows\System32\NSI.dll
0x00007ffc98b40000 - 0x00007ffc98b7a000 	C:\Windows\SYSTEM32\IPHLPAPI.DLL
0x00007ffc77190000 - 0x00007ffc7719e000 	C:\Windows\System32\winrnr.dll
0x00007ffc91de0000 - 0x00007ffc91dfc000 	C:\Windows\system32\NLAapi.dll
0x00007ffc91c80000 - 0x00007ffc91c95000 	C:\Windows\system32\wshbth.dll
0x00007ffc8f690000 - 0x00007ffc8f69a000 	C:\Windows\System32\rasadhlp.dll
0x00007ffc8f400000 - 0x00007ffc8f477000 	C:\Windows\System32\fwpuclnt.dll
0x00007ffc9a7c0000 - 0x00007ffc9a7e6000 	C:\Windows\System32\bcrypt.dll
0x00007ffc89660000 - 0x00007ffc89673000 	C:\Program Files\Java\jre1.8.0_261\bin\nio.dll
0x00007ffc989b0000 - 0x00007ffc989e3000 	C:\Windows\system32\rsaenh.dll
0x00007ffc994d0000 - 0x00007ffc994f5000 	C:\Windows\SYSTEM32\USERENV.dll
0x00007ffc99000000 - 0x00007ffc9900c000 	C:\Windows\SYSTEM32\CRYPTBASE.dll
0x00007ffc901a0000 - 0x00007ffc901b6000 	C:\Windows\SYSTEM32\dhcpcsvc6.DLL
0x00007ffc90b70000 - 0x00007ffc90b8c000 	C:\Windows\SYSTEM32\dhcpcsvc.DLL
0x00007ffc89080000 - 0x00007ffc890a4000 	C:\Program Files\Java\jre1.8.0_261\bin\sunec.dll
0x00007ffc5eb60000 - 0x00007ffc5ebd2000 	C:\Users\YanZY\Desktop\Minecraft 1.16.3 - Fabric\.minecraft\versions\1.16.3 Fabric\natives\lwjgl.dll
0x00007ffc867d0000 - 0x00007ffc8682e000 	C:\Users\YanZY\Desktop\Minecraft 1.16.3 - Fabric\.minecraft\versions\1.16.3 Fabric\natives\glfw.dll
0x00007ffc5b250000 - 0x00007ffc5b4a1000 	C:\Users\YanZY\Desktop\Minecraft 1.16.3 - Fabric\.minecraft\versions\1.16.3 Fabric\natives\jemalloc.dll
0x00007ffc5dcd0000 - 0x00007ffc5dd4f000 	C:\Users\YanZY\Desktop\Minecraft 1.16.3 - Fabric\.minecraft\versions\1.16.3 Fabric\natives\lwjgl_stb.dll
0x00007ffc97560000 - 0x00007ffc975f9000 	C:\Windows\system32\uxtheme.dll
0x00007ffc86600000 - 0x00007ffc86643000 	C:\Windows\SYSTEM32\dinput8.dll
0x00007ffc8af50000 - 0x00007ffc8af61000 	C:\Windows\SYSTEM32\xinput1_4.dll
0x00007ffc993d0000 - 0x00007ffc993fa000 	C:\Windows\SYSTEM32\DEVOBJ.dll
0x00007ffc97970000 - 0x00007ffc9799d000 	C:\Windows\SYSTEM32\dwmapi.dll
0x00007ffc9b1c0000 - 0x00007ffc9b2f5000 	C:\Windows\System32\MSCTF.dll
0x00007ffc9b3f0000 - 0x00007ffc9b4b5000 	C:\Windows\System32\OLEAUT32.dll
0x00007ffc980c0000 - 0x00007ffc980ce000 	C:\Windows\SYSTEM32\HID.DLL
0x00007ffc9aa90000 - 0x00007ffc9af00000 	C:\Windows\System32\SETUPAPI.DLL
0x00007ffc9a740000 - 0x00007ffc9a79c000 	C:\Windows\System32\WINTRUST.dll
0x00007ffc99670000 - 0x00007ffc99682000 	C:\Windows\System32\MSASN1.dll
0x00007ffc996b0000 - 0x00007ffc99801000 	C:\Windows\System32\CRYPT32.dll
0x00007ffc788d0000 - 0x00007ffc789ec000 	C:\Windows\SYSTEM32\inputhost.dll
0x00007ffc94050000 - 0x00007ffc94124000 	C:\Windows\SYSTEM32\CoreMessaging.dll
0x00007ffc793f0000 - 0x00007ffc7971a000 	C:\Windows\SYSTEM32\CoreUIComponents.dll
0x00007ffc92d10000 - 0x00007ffc92e00000 	C:\Windows\SYSTEM32\PROPSYS.dll
0x00007ffc91fe0000 - 0x00007ffc92132000 	C:\Windows\SYSTEM32\wintypes.dll
0x00007ffc98790000 - 0x00007ffc987c1000 	C:\Windows\SYSTEM32\ntmarta.dll
0x00007ffc667e0000 - 0x00007ffc66936000 	C:\Windows\SYSTEM32\opengl32.dll
0x00007ffc68320000 - 0x00007ffc6834c000 	C:\Windows\SYSTEM32\GLU32.dll
0x00007ffc98230000 - 0x00007ffc98250000 	C:\Windows\SYSTEM32\dxcore.dll
0x00007ffc417d0000 - 0x00007ffc4272c000 	C:\Windows\System32\DriverStore\FileRepository\iigd_dch.inf_amd64_bbd2c587f8c21bc5\ig9icd64.dll
0x00007ffc9c540000 - 0x00007ffc9c697000 	C:\Windows\System32\OLE32.DLL
0x00007ffc982c0000 - 0x00007ffc983ab000 	C:\Windows\system32\dxgi.dll
0x00007ffc72590000 - 0x00007ffc748e6000 	C:\Windows\System32\DriverStore\FileRepository\iigd_dch.inf_amd64_bbd2c587f8c21bc5\igc64.dll
0x00007ffc74ab0000 - 0x00007ffc74c02000 	C:\Windows\System32\DriverStore\FileRepository\iigd_dch.inf_amd64_bbd2c587f8c21bc5\igdgmm64.dll
0x00007ffc805f0000 - 0x00007ffc80648000 	C:\Users\YanZY\Desktop\Minecraft 1.16.3 - Fabric\.minecraft\versions\1.16.3 Fabric\natives\lwjgl_opengl.dll
0x00007ffc91a10000 - 0x00007ffc91abe000 	C:\Windows\SYSTEM32\mscms.dll
0x00007ffc919d0000 - 0x00007ffc919e7000 	C:\Windows\SYSTEM32\ColorAdapterClient.dll
0x00007ffc890b0000 - 0x00007ffc890f3000 	C:\Windows\SYSTEM32\icm32.dll
0x00007ffc79950000 - 0x00007ffc79992000 	C:\Users\YanZY\AppData\Local\Temp\jna-85191685\jna1606252784653779630.dll

VM Arguments:
jvm_args: -Dminecraft.client.jar=.minecraft\versions\1.16.3 Fabric\1.16.3 Fabric.jar -XX:+UnlockExperimentalVMOptions -XX:+UseG1GC -XX:G1NewSizePercent=20 -XX:G1ReservePercent=20 -XX:MaxGCPauseMillis=50 -XX:G1HeapRegionSize=16M -XX:-UseAdaptiveSizePolicy -XX:-OmitStackTraceInFastThrow -Xmn128m -Xmx7976m -Dfml.ignoreInvalidMinecraftCertificates=true -Dfml.ignorePatchDiscrepancies=true -XX:HeapDumpPath=MojangTricksIntelDriversForPerformance_javaw.exe_minecraft.exe.heapdump -Djava.library.path=C:\Users\YanZY\Desktop\Minecraft 1.16.3 - Fabric\.minecraft\versions\1.16.3 Fabric\natives -Dminecraft.launcher.brand=HMCL -Dminecraft.launcher.version=3.3.172 
java_command: net.fabricmc.loader.launch.knot.KnotClient --username test --version HMCL 3.3.172 --gameDir C:\Users\YanZY\Desktop\Minecraft 1.16.3 - Fabric\.minecraft --assetsDir C:\Users\YanZY\Desktop\Minecraft 1.16.3 - Fabric\.minecraft\assets --assetIndex 1.16 --uuid 530fa97a357f3c1994d30c5c65c18fe8 --accessToken e5f832999ced4d898d21de9a9aa0e815 --userType mojang --versionType HMCL 3.3.172 --width 854 --height 480
java_class_path (initial): C:\Users\YanZY\Desktop\Minecraft 1.16.3 - Fabric\.minecraft\libraries\net\fabricmc\tiny-mappings-parser\0.2.2.14\tiny-mappings-parser-0.2.2.14.jar;C:\Users\YanZY\Desktop\Minecraft 1.16.3 - Fabric\.minecraft\libraries\net\fabricmc\sponge-mixin\0.8.1+build.21\sponge-mixin-0.8.1+build.21.jar;C:\Users\YanZY\Desktop\Minecraft 1.16.3 - Fabric\.minecraft\libraries\net\fabricmc\tiny-remapper\0.3.0.70\tiny-remapper-0.3.0.70.jar;C:\Users\YanZY\Desktop\Minecraft 1.16.3 - Fabric\.minecraft\libraries\net\fabricmc\fabric-loader-sat4j\2.3.5.4\fabric-loader-sat4j-2.3.5.4.jar;C:\Users\YanZY\Desktop\Minecraft 1.16.3 - Fabric\.minecraft\libraries\com\google\jimfs\jimfs\1.2-fabric\jimfs-1.2-fabric.jar;C:\Users\YanZY\Desktop\Minecraft 1.16.3 - Fabric\.minecraft\libraries\org\ow2\asm\asm\9.0\asm-9.0.jar;C:\Users\YanZY\Desktop\Minecraft 1.16.3 - Fabric\.minecraft\libraries\org\ow2\asm\asm-analysis\9.0\asm-analysis-9.0.jar;C:\Users\YanZY\Desktop\Minecraft 1.16.3 - Fabric\.minecraft\libraries\org\ow2\asm\asm-commons\9.0\asm-commons-9.0.jar;C:\Users\YanZY\Desktop\Minecraft 1.16.3 - Fabric\.minecraft\libraries\org\ow2\asm\asm-tree\9.0\asm-tree-9.0.jar;C:\Users\YanZY\Desktop\Minecraft 1.16.3 - Fabric\.minecraft\libraries\org\ow2\asm\asm-util\9.0\asm-util-9.0.jar;C:\Users\YanZY\Desktop\Minecraft 1.16.3 - Fabric\.minecraft\libraries\com\google\guava\guava\21.0\guava-21.0.jar;C:\Users\YanZY\Desktop\Minecraft 1.16.3 - Fabric\.minecraft\libraries\net\fabricmc\intermediary\1.16.3\intermediary-1.16.3.jar;C:\Users\YanZY\Desktop\Minecraft 1.16.3 - Fabric\.minecraft\libraries\net\fabricmc\fabric-loader\0.10.0+build.208\fabric-loader-0.10.0+build.208.jar;C:\Users\YanZY\Desktop\Minecraft 1.16.3 - Fabric\.minecraft\libraries\com\mojang\patchy\1.1\patchy-1.1.jar;C:\Users\YanZY\Desktop\Minecraft 1.16.3 - Fabric\.minecraft\libraries\oshi-project\oshi-core\1.1\oshi-core-1.1.jar;C:\Users\YanZY\Desktop\Minecraft 1.16.3 - Fabric\.minecraft\libraries\net\java\dev\jna\jna\4.4.0\jna-4.4.
Launcher Type: SUN_STANDARD

Environment Variables:
PATH=C:\Program Files (x86)\Common Files\Intel\Shared Libraries\redist\intel64\compiler;C:\Program Files (x86)\Common Files\Oracle\Java\javapath;C:\Windows\system32;C:\Windows;C:\Windows\System32\Wbem;C:\Windows\System32\WindowsPowerShell\v1.0\;C:\Windows\System32\OpenSSH\;C:\Program Files (x86)\NVIDIA Corporation\PhysX\Common;C:\Program Files\NVIDIA Corporation\NVIDIA NvDLISR;C:\Users\YanZY\AppData\Local\Microsoft\WindowsApps;
USERNAME=YanZY
OS=Windows_NT
PROCESSOR_IDENTIFIER=Intel64 Family 6 Model 142 Stepping 12, GenuineIntel



---------------  S Y S T E M  ---------------

OS: Windows 10.0 , 64 bit Build 18362 (10.0.18362.1350)

CPU:total 8 (initial active 8) (4 cores per cpu, 2 threads per core) family 6 model 142 stepping 12, cmov, cx8, fxsr, mmx, sse, sse2, sse3, ssse3, sse4.1, sse4.2, popcnt, avx, avx2, aes, clmul, erms, 3dnowpref, lzcnt, ht, tsc, tscinvbit, bmi1, bmi2, adx

Memory: 4k page, physical 8167668k(669484k free), swap 33333492k(2472k free)

vm_info: Java HotSpot(TM) 64-Bit Server VM (25.261-b12) for windows-amd64 JRE (1.8.0_261-b12), built on Jun 18 2020 06:56:32 by "" with unknown MS VC++:1916

time: Mon Aug  9 10:04:26 2021
timezone: ?D1???
elapsed time: 68 seconds (0d 0h 1m 8s)

