#
# A fatal error has been detected by the Java Runtime Environment:
#
#  EXCEPTION_ACCESS_VIOLATION (0xc0000005) at pc=0x00000235a2d00000, pid=20936, tid=0x0000000000006808
#
# JRE version: Java(TM) SE Runtime Environment (8.0_261-b12) (build 1.8.0_261-b12)
# Java VM: Java HotSpot(TM) 64-Bit Server VM (25.261-b12 mixed mode windows-amd64 compressed oops)
# Problematic frame:
# C  0x00000235a2d00000
#
# Failed to write core dump. Minidumps are not enabled by default on client versions of Windows
#
# If you would like to submit a bug report, please visit:
#   http://bugreport.java.com/bugreport/crash.jsp
# The crash happened outside the Java Virtual Machine in native code.
# See problematic frame for where to report the bug.
#

---------------  T H R E A D  ---------------

Current thread (0x0000023634bc7800):  JavaThread "Server thread" [_thread_in_native, id=26632, stack(0x0000007569d00000,0x0000007569e00000)]

siginfo: ExceptionCode=0xc0000005, ExceptionInformation=0x0000000000000008 0x00000235a2d00000

Registers:
RAX=0x00000235a2d00000, RBX=0x0000000000010001, RCX=0x0000000000010001, RDX=0x0000007569dfee50
RSP=0x0000007569dfee18, RBP=0x0000007569dfef20, RSI=0x00000000000000c3, RDI=0x00000007c00ba178
R8 =0x00000000f8121005, R9 =0x00000235fd6b5900, R10=0x00007ffc5e4a1a30, R11=0x0000007569dff288
R12=0x0000000000000000, R13=0x00000005e9467d48, R14=0x0000007569dff300, R15=0x0000023634bc7800
RIP=0x00000235a2d00000, EFLAGS=0x0000000000010206

Top of Stack: (sp=0x0000007569dfee18)
0x0000007569dfee18:   00007ffc6da11f7c 00000000f0f10c55
0x0000007569dfee28:   0000023581fc2d6c 00000007879666b8
0x0000007569dfee38:   0000000787966b80 0000000787966ad0
0x0000007569dfee48:   0000000700000000 57464c4720656854
0x0000007569dfee58:   7972617262696c20 20746f6e20736920
0x0000007569dfee68:   696c616974696e69 000000070064657a
0x0000007569dfee78:   00000235807e0460 0000000787966b80
0x0000007569dfee88:   000002358145f2a0 00000000bd28cfcd
0x0000007569dfee98:   0000000281a21060 0000000787966b80
0x0000007569dfeea8:   000002358501c7ac 0000000000000000
0x0000007569dfeeb8:   000002358062fb0c 00000005ebb7a5e0
0x0000007569dfeec8:   0000000787965ec8 0000000787966b80
0x0000007569dfeed8:   0000000787966b80 0000000787966b80
0x0000007569dfeee8:   0000000787966aa8 00000007c061ebf8
0x0000007569dfeef8:   00000005e9467e68 0000000787966b80
0x0000007569dfef08:   0000000787966b00 0000000100000000 

Instructions: (pc=0x00000235a2d00000)
0x00000235a2cfffe0:   
[error occurred during error reporting (printing registers, top of stack, instructions near pc), id 0xc0000005]

Register to memory mapping:

RAX=0x00000235a2d00000 is an unknown value
RBX=0x0000000000010001 is an unknown value
RCX=0x0000000000010001 is an unknown value
RDX=0x0000007569dfee50 is pointing into the stack for thread: 0x0000023634bc7800
RSP=0x0000007569dfee18 is pointing into the stack for thread: 0x0000023634bc7800
RBP=0x0000007569dfef20 is pointing into the stack for thread: 0x0000023634bc7800
RSI=0x00000000000000c3 is an unknown value
RDI=0x00000007c00ba178 is pointing into metadata
R8 =0x00000000f8121005 is an unknown value
R9 =0x00000235fd6b5900 is an unknown value
R10=0x00007ffc5e4a1a30 is an unknown value
R11=0x0000007569dff288 is pointing into the stack for thread: 0x0000023634bc7800
R12=0x0000000000000000 is an unknown value
R13=0x00000005e9467d48 is an oop
net.minecraft.class_1132 
 - klass: 'net/minecraft/class_1132'
R14=0x0000007569dff300 is pointing into the stack for thread: 0x0000023634bc7800
R15=0x0000023634bc7800 is a thread


Stack: [0x0000007569d00000,0x0000007569e00000],  sp=0x0000007569dfee18,  free space=1019k
Native frames: (J=compiled Java code, j=interpreted, Vv=VM code, C=native code)
C  0x00000235a2d00000

Java frames: (J=compiled Java code, j=interpreted, Vv=VM code)
J 10414  org.lwjgl.system.JNI.invokeD(J)D (0 bytes) @ 0x00000235801b0983 [0x00000235801b08e0+0xa3]
J 35337 C2 net.minecraft.server.MinecraftServer.method_16208()V (15 bytes) @ 0x00000235828b61ec [0x00000235828b5960+0x88c]
j  net.minecraft.server.MinecraftServer.method_29741()V+277
j  net.minecraft.server.MinecraftServer.method_29739(Ljava/util/concurrent/atomic/AtomicReference;)V+7
j  net.minecraft.server.MinecraftServer$$Lambda$4451.run()V+4
j  java.lang.Thread.run()V+11
v  ~StubRoutines::call_stub

---------------  P R O C E S S  ---------------

Java Threads: ( => current thread )
  0x0000023634bcc000 JavaThread "AWT-Shutdown" [_thread_blocked, id=28108, stack(0x0000007569100000,0x0000007569200000)]
  0x00000235dd88a800 JavaThread "Thread-64" daemon [_thread_in_native, id=3824, stack(0x0000007569000000,0x0000007569100000)]
  0x00000235dd887000 JavaThread "Sound engine" daemon [_thread_blocked, id=30208, stack(0x0000007566c00000,0x0000007566d00000)]
  0x00000235dd890000 JavaThread "Netty Server IO #15" daemon [_thread_in_native, id=30512, stack(0x000000756b300000,0x000000756b400000)]
  0x00000235dd886000 JavaThread "Netty Local Client IO #7" daemon [_thread_blocked, id=33300, stack(0x000000756a500000,0x000000756a600000)]
  0x0000023634bd3800 JavaThread "Netty Server IO #14" daemon [_thread_in_native, id=27752, stack(0x000000756a100000,0x000000756a200000)]
=>0x0000023634bc7800 JavaThread "Server thread" [_thread_in_native, id=26632, stack(0x0000007569d00000,0x0000007569e00000)]
  0x0000023634bce000 JavaThread "Snooper Timer" daemon [_thread_blocked, id=18308, stack(0x0000007568e00000,0x0000007568f00000)]
  0x0000023634bd4800 JavaThread "Litematica Chunk Batcher 55" daemon [_thread_blocked, id=32652, stack(0x000000756d000000,0x000000756d100000)]
  0x0000023634bd5000 JavaThread "Litematica Chunk Batcher 54" daemon [_thread_blocked, id=26128, stack(0x000000756cf00000,0x000000756d000000)]
  0x0000023634bd6000 JavaThread "Litematica Chunk Batcher 53" daemon [_thread_blocked, id=31852, stack(0x000000756ce00000,0x000000756cf00000)]
  0x0000023634bd1000 JavaThread "Litematica Chunk Batcher 52" daemon [_thread_blocked, id=22752, stack(0x000000756cd00000,0x000000756ce00000)]
  0x0000023634bc9800 JavaThread "Litematica Chunk Batcher 51" daemon [_thread_blocked, id=30124, stack(0x000000756cc00000,0x000000756cd00000)]
  0x0000023634bd0800 JavaThread "Litematica Chunk Batcher 50" daemon [_thread_blocked, id=31700, stack(0x000000756cb00000,0x000000756cc00000)]
  0x0000023634bcf800 JavaThread "Litematica Chunk Batcher 49" daemon [_thread_blocked, id=31164, stack(0x000000756ca00000,0x000000756cb00000)]
  0x0000023634bcf000 JavaThread "Litematica Chunk Batcher 48" daemon [_thread_blocked, id=33840, stack(0x000000756a400000,0x000000756a500000)]
  0x0000023634bc6800 JavaThread "Netty Server IO #13" daemon [_thread_in_native, id=30740, stack(0x000000756c800000,0x000000756c900000)]
  0x0000023634bca800 JavaThread "Netty Local Client IO #6" daemon [_thread_blocked, id=18568, stack(0x000000756c400000,0x000000756c500000)]
  0x0000023634bcb000 JavaThread "Netty Server IO #12" daemon [_thread_in_native, id=15200, stack(0x000000756b800000,0x000000756b900000)]
  0x00000235a0e96000 JavaThread "Netty Server IO #11" daemon [_thread_in_native, id=30008, stack(0x000000756c700000,0x000000756c800000)]
  0x00000235a0e9b000 JavaThread "Netty Local Client IO #5" daemon [_thread_blocked, id=31184, stack(0x000000756c600000,0x000000756c700000)]
  0x00000235a0e99800 JavaThread "Netty Server IO #10" daemon [_thread_in_native, id=34404, stack(0x000000756c500000,0x000000756c600000)]
  0x000002359f031000 JavaThread "Netty Server IO #9" daemon [_thread_in_native, id=29840, stack(0x000000756c300000,0x000000756c400000)]
  0x000002359f031800 JavaThread "Netty Local Client IO #4" daemon [_thread_blocked, id=30104, stack(0x000000756c200000,0x000000756c300000)]
  0x000002359f030000 JavaThread "Netty Server IO #8" daemon [_thread_in_native, id=33548, stack(0x000000756b700000,0x000000756b800000)]
  0x00000235dd893000 JavaThread "Netty Server IO #7" daemon [_thread_in_native, id=3104, stack(0x000000756ba00000,0x000000756bb00000)]
  0x00000235dd892000 JavaThread "Netty Local Client IO #3" daemon [_thread_blocked, id=26412, stack(0x000000756b900000,0x000000756ba00000)]
  0x00000235dd884800 JavaThread "Netty Server IO #6" daemon [_thread_in_native, id=7656, stack(0x000000756a200000,0x000000756a300000)]
  0x0000023630f2c800 JavaThread "Netty Server IO #5" daemon [_thread_in_native, id=28896, stack(0x000000756b600000,0x000000756b700000)]
  0x0000023630f29800 JavaThread "Netty Local Client IO #2" daemon [_thread_blocked, id=33060, stack(0x000000756b500000,0x000000756b600000)]
  0x0000023630f30800 JavaThread "Netty Server IO #4" daemon [_thread_in_native, id=31000, stack(0x000000756b400000,0x000000756b500000)]
  0x00000235fcefa000 JavaThread "Netty Server IO #3" daemon [_thread_in_native, id=29164, stack(0x000000756b200000,0x000000756b300000)]
  0x00000235fcef1000 JavaThread "Netty Local Client IO #1" daemon [_thread_blocked, id=29472, stack(0x000000756ae00000,0x000000756af00000)]
  0x00000235fcef8000 JavaThread "Netty Server IO #2" daemon [_thread_in_native, id=30032, stack(0x000000756ad00000,0x000000756ae00000)]
  0x00000235dd885800 JavaThread "Voxelmap WorldMap Calculation Thread 4" [_thread_blocked, id=30412, stack(0x000000756bf00000,0x000000756c000000)]
  0x00000235dd88c000 JavaThread "Voxelmap WorldMap Calculation Thread 3" [_thread_blocked, id=27524, stack(0x000000756be00000,0x000000756bf00000)]
  0x00000235dd887800 JavaThread "Voxelmap WorldMap Calculation Thread 2" [_thread_blocked, id=4360, stack(0x000000756bd00000,0x000000756be00000)]
  0x00000235dd888800 JavaThread "Voxelmap WorldMap Calculation Thread 1" [_thread_blocked, id=31904, stack(0x000000756bc00000,0x000000756bd00000)]
  0x00000235fcefe000 JavaThread "Netty Server IO #1" daemon [_thread_in_native, id=24824, stack(0x000000756b100000,0x000000756b200000)]
  0x00000235fcefe800 JavaThread "Netty Local Client IO #0" daemon [_thread_blocked, id=23528, stack(0x000000756b000000,0x000000756b100000)]
  0x00000235fcef5000 JavaThread "Netty Server IO #0" daemon [_thread_in_native, id=28236, stack(0x000000756af00000,0x000000756b000000)]
  0x00000235fcef4000 JavaThread "ObjectCleanerThread" daemon [_thread_blocked, id=32168, stack(0x0000007568f00000,0x0000007569000000)]
  0x00000235fcef6800 JavaThread "Java2D Disposer" daemon [_thread_blocked, id=2328, stack(0x000000756a700000,0x000000756a800000)]
  0x00000235a0e9c000 JavaThread "Voxelmap LiveMap Calculation Thread" [_thread_blocked, id=34248, stack(0x000000756a600000,0x000000756a700000)]
  0x00000235a18b5800 JavaThread "Snooper Timer" daemon [_thread_blocked, id=16176, stack(0x0000007569600000,0x0000007569700000)]
  0x000002359f354800 JavaThread "Timer hack thread" daemon [_thread_blocked, id=29516, stack(0x0000007569500000,0x0000007569600000)]
  0x00000235fcac7000 JavaThread "Service Thread" daemon [_thread_blocked, id=30204, stack(0x0000007568c00000,0x0000007568d00000)]
  0x00000235fca2f800 JavaThread "C1 CompilerThread3" daemon [_thread_blocked, id=27700, stack(0x0000007568b00000,0x0000007568c00000)]
  0x00000235fca2f000 JavaThread "C2 CompilerThread2" daemon [_thread_blocked, id=25956, stack(0x0000007568a00000,0x0000007568b00000)]
  0x00000235fca28800 JavaThread "C2 CompilerThread1" daemon [_thread_blocked, id=11652, stack(0x0000007568900000,0x0000007568a00000)]
  0x00000235fca28000 JavaThread "C2 CompilerThread0" daemon [_thread_blocked, id=33820, stack(0x0000007568800000,0x0000007568900000)]
  0x00000235fca27800 JavaThread "Attach Listener" daemon [_thread_blocked, id=28592, stack(0x0000007568700000,0x0000007568800000)]
  0x00000235fca20800 JavaThread "Signal Dispatcher" daemon [_thread_blocked, id=34656, stack(0x0000007568600000,0x0000007568700000)]
  0x00000235fca1f800 JavaThread "Surrogate Locker Thread (Concurrent GC)" daemon [_thread_blocked, id=19116, stack(0x0000007568500000,0x0000007568600000)]
  0x00000235fc9a6000 JavaThread "Finalizer" daemon [_thread_blocked, id=11376, stack(0x0000007568400000,0x0000007568500000)]
  0x00000235fc99e000 JavaThread "Reference Handler" daemon [_thread_blocked, id=17404, stack(0x0000007568300000,0x0000007568400000)]
  0x00000235f20f2800 JavaThread "Render thread" [_thread_blocked, id=29168, stack(0x0000007566d00000,0x0000007566e00000)]

Other Threads:
  0x00000235fc99b000 VMThread [stack: 0x0000007568200000,0x0000007568300000] [id=33132]
  0x00000235fcadc800 WatcherThread [stack: 0x0000007568d00000,0x0000007568e00000] [id=30348]

VM state:not at safepoint (normal execution)

VM Mutex/Monitor currently owned by a thread: None

heap address: 0x00000005cd000000, size: 7984 MB, Compressed Oops mode: Zero based, Oop shift amount: 3
Narrow klass base: 0x0000000000000000, Narrow klass shift: 3
Compressed class space size: 1073741824 Address: 0x00000007c0000000

Heap:
 garbage-first heap   total 7290880K, used 592431K [0x00000005cd000000, 0x00000005ce000de8, 0x00000007c0000000)
  region size 16384K, 4 young (65536K), 1 survivors (16384K)
 Metaspace       used 100910K, capacity 114685K, committed 114808K, reserved 1148928K
  class space    used 13312K, capacity 16134K, committed 16248K, reserved 1048576K

Heap Regions: (Y=young(eden), SU=young(survivor), HS=humongous(starts), HC=humongous(continues), CS=collection set, F=free, TS=gc time stamp, PTAMS=previous top-at-mark-start, NTAMS=next top-at-mark-start)
AC   0  O    TS     0 PTAMS 0x00000005cd000000 NTAMS 0x00000005cd000000 space 16384K,  99% used [0x00000005cd000000, 0x00000005ce000000)
AC   0  O    TS     0 PTAMS 0x00000005ce000000 NTAMS 0x00000005ce000000 space 16384K, 100% used [0x00000005ce000000, 0x00000005cf000000)
AC   0  O    TS     0 PTAMS 0x00000005cf000000 NTAMS 0x00000005cf000000 space 16384K,  99% used [0x00000005cf000000, 0x00000005d0000000)
AC   0  O    TS     0 PTAMS 0x00000005d0000000 NTAMS 0x00000005d0000000 space 16384K, 100% used [0x00000005d0000000, 0x00000005d1000000)
AC   0  O    TS     0 PTAMS 0x00000005d1000000 NTAMS 0x00000005d1000000 space 16384K,  99% used [0x00000005d1000000, 0x00000005d2000000)
AC   0  O    TS     0 PTAMS 0x00000005d2000000 NTAMS 0x00000005d2000000 space 16384K, 100% used [0x00000005d2000000, 0x00000005d3000000)
AC   0  O    TS     0 PTAMS 0x00000005d3000000 NTAMS 0x00000005d3000000 space 16384K,  98% used [0x00000005d3000000, 0x00000005d4000000)
AC   0  O    TS     0 PTAMS 0x00000005d4000000 NTAMS 0x00000005d4000000 space 16384K,  98% used [0x00000005d4000000, 0x00000005d5000000)
AC   0  O    TS     0 PTAMS 0x00000005d5000000 NTAMS 0x00000005d5000000 space 16384K, 100% used [0x00000005d5000000, 0x00000005d6000000)
AC   0  O    TS     0 PTAMS 0x00000005d6000000 NTAMS 0x00000005d6000000 space 16384K,  99% used [0x00000005d6000000, 0x00000005d7000000)
AC   0  O    TS     0 PTAMS 0x00000005d7000000 NTAMS 0x00000005d7000000 space 16384K,  99% used [0x00000005d7000000, 0x00000005d8000000)
AC   0  O    TS     0 PTAMS 0x00000005d8000000 NTAMS 0x00000005d8000000 space 16384K, 100% used [0x00000005d8000000, 0x00000005d9000000)
AC   0 HS    TS     0 PTAMS 0x00000005d9000000 NTAMS 0x00000005d9000000 space 32768K,  53% used [0x00000005d9000000, 0x00000005db000000)
AC   0 HC    TS     0 PTAMS 0x00000005da000000 NTAMS 0x00000005da000000 space 16384K,   6% used [0x00000005da000000, 0x00000005db000000)
AC   0  O    TS     0 PTAMS 0x00000005db000000 NTAMS 0x00000005db000000 space 16384K,  99% used [0x00000005db000000, 0x00000005dc000000)
AC   0  O    TS     0 PTAMS 0x00000005dc000000 NTAMS 0x00000005dc000000 space 16384K, 100% used [0x00000005dc000000, 0x00000005dd000000)
AC   0  O    TS     0 PTAMS 0x00000005dd000000 NTAMS 0x00000005dd000000 space 16384K,  99% used [0x00000005dd000000, 0x00000005de000000)
AC   0  O    TS     0 PTAMS 0x00000005de000000 NTAMS 0x00000005de000000 space 16384K,  99% used [0x00000005de000000, 0x00000005df000000)
AC   0  O    TS     0 PTAMS 0x00000005df000000 NTAMS 0x00000005df000000 space 16384K, 100% used [0x00000005df000000, 0x00000005e0000000)
AC   0  O    TS     0 PTAMS 0x00000005e0000000 NTAMS 0x00000005e0000000 space 16384K,  99% used [0x00000005e0000000, 0x00000005e1000000)
AC   0  O    TS     0 PTAMS 0x00000005e1000000 NTAMS 0x00000005e1000000 space 16384K, 100% used [0x00000005e1000000, 0x00000005e2000000)
AC   0  O    TS     0 PTAMS 0x00000005e2000000 NTAMS 0x00000005e2000000 space 16384K,  97% used [0x00000005e2000000, 0x00000005e3000000)
AC   0  O    TS     0 PTAMS 0x00000005e3000000 NTAMS 0x00000005e3000000 space 16384K,  99% used [0x00000005e3000000, 0x00000005e4000000)
AC   0  O    TS     0 PTAMS 0x00000005e4000000 NTAMS 0x00000005e4000000 space 16384K,  99% used [0x00000005e4000000, 0x00000005e5000000)
AC   0  O    TS     0 PTAMS 0x00000005e5000000 NTAMS 0x00000005e5000000 space 16384K,  99% used [0x00000005e5000000, 0x00000005e6000000)
AC   0  O    TS     0 PTAMS 0x00000005e6000000 NTAMS 0x00000005e6000000 space 16384K,  53% used [0x00000005e6000000, 0x00000005e7000000)
AC   0  O    TS    13 PTAMS 0x00000005e7000000 NTAMS 0x00000005e7000000 space 16384K, 100% used [0x00000005e7000000, 0x00000005e8000000)
AC   0  O    TS    13 PTAMS 0x00000005e8000000 NTAMS 0x00000005e8000000 space 16384K, 100% used [0x00000005e8000000, 0x00000005e9000000)
AC   0  O    TS    15 PTAMS 0x00000005e9000000 NTAMS 0x00000005e9000000 space 16384K, 100% used [0x00000005e9000000, 0x00000005ea000000)
AC   0  O    TS    15 PTAMS 0x00000005ea000000 NTAMS 0x00000005ea000000 space 16384K, 100% used [0x00000005ea000000, 0x00000005eb000000)
AC   0  O    TS    17 PTAMS 0x00000005eb000000 NTAMS 0x00000005eb000000 space 16384K, 100% used [0x00000005eb000000, 0x00000005ec000000)
AC   0  O    TS    17 PTAMS 0x00000005ec000000 NTAMS 0x00000005ec000000 space 16384K, 100% used [0x00000005ec000000, 0x00000005ed000000)
AC   0  O    TS    19 PTAMS 0x00000005ed000000 NTAMS 0x00000005ed000000 space 16384K, 100% used [0x00000005ed000000, 0x00000005ee000000)
AC   0  O    TS    21 PTAMS 0x00000005ee000000 NTAMS 0x00000005ee000000 space 16384K, 100% used [0x00000005ee000000, 0x00000005ef000000)
AC   0  O    TS    21 PTAMS 0x00000005ef000000 NTAMS 0x00000005ef000000 space 16384K, 100% used [0x00000005ef000000, 0x00000005f0000000)
AC   0  O    TS    33 PTAMS 0x00000005f0000000 NTAMS 0x00000005f0000000 space 16384K,  22% used [0x00000005f0000000, 0x00000005f1000000)
AC   0  F    TS     0 PTAMS 0x00000005f1000000 NTAMS 0x00000005f1000000 space 16384K,   0% used [0x00000005f1000000, 0x00000005f2000000)
AC   0  F    TS     0 PTAMS 0x00000005f2000000 NTAMS 0x00000005f2000000 space 16384K,   0% used [0x00000005f2000000, 0x00000005f3000000)
AC   0  F    TS     0 PTAMS 0x00000005f3000000 NTAMS 0x00000005f3000000 space 16384K,   0% used [0x00000005f3000000, 0x00000005f4000000)
AC   0  F    TS     0 PTAMS 0x00000005f4000000 NTAMS 0x00000005f4000000 space 16384K,   0% used [0x00000005f4000000, 0x00000005f5000000)
AC   0  F    TS     0 PTAMS 0x00000005f5000000 NTAMS 0x00000005f5000000 space 16384K,   0% used [0x00000005f5000000, 0x00000005f6000000)
AC   0  F    TS     0 PTAMS 0x00000005f6000000 NTAMS 0x00000005f6000000 space 16384K,   0% used [0x00000005f6000000, 0x00000005f7000000)
AC   0  F    TS     0 PTAMS 0x00000005f7000000 NTAMS 0x00000005f7000000 space 16384K,   0% used [0x00000005f7000000, 0x00000005f8000000)
AC   0  F    TS     0 PTAMS 0x00000005f8000000 NTAMS 0x00000005f8000000 space 16384K,   0% used [0x00000005f8000000, 0x00000005f9000000)
AC   0  F    TS     0 PTAMS 0x00000005f9000000 NTAMS 0x00000005f9000000 space 16384K,   0% used [0x00000005f9000000, 0x00000005fa000000)
AC   0  F    TS     0 PTAMS 0x00000005fa000000 NTAMS 0x00000005fa000000 space 16384K,   0% used [0x00000005fa000000, 0x00000005fb000000)
AC   0  F    TS     0 PTAMS 0x00000005fb000000 NTAMS 0x00000005fb000000 space 16384K,   0% used [0x00000005fb000000, 0x00000005fc000000)
AC   0  F    TS     0 PTAMS 0x00000005fc000000 NTAMS 0x00000005fc000000 space 16384K,   0% used [0x00000005fc000000, 0x00000005fd000000)
AC   0  F    TS     0 PTAMS 0x00000005fd000000 NTAMS 0x00000005fd000000 space 16384K,   0% used [0x00000005fd000000, 0x00000005fe000000)
AC   0  F    TS     0 PTAMS 0x00000005fe000000 NTAMS 0x00000005fe000000 space 16384K,   0% used [0x00000005fe000000, 0x00000005ff000000)
AC   0  F    TS     0 PTAMS 0x00000005ff000000 NTAMS 0x00000005ff000000 space 16384K,   0% used [0x00000005ff000000, 0x0000000600000000)
AC   0  F    TS     0 PTAMS 0x0000000600000000 NTAMS 0x0000000600000000 space 16384K,   0% used [0x0000000600000000, 0x0000000601000000)
AC   0  F    TS     0 PTAMS 0x0000000601000000 NTAMS 0x0000000601000000 space 16384K,   0% used [0x0000000601000000, 0x0000000602000000)
AC   0  F    TS     0 PTAMS 0x0000000602000000 NTAMS 0x0000000602000000 space 16384K,   0% used [0x0000000602000000, 0x0000000603000000)
AC   0  F    TS     0 PTAMS 0x0000000603000000 NTAMS 0x0000000603000000 space 16384K,   0% used [0x0000000603000000, 0x0000000604000000)
AC   0  F    TS     0 PTAMS 0x0000000604000000 NTAMS 0x0000000604000000 space 16384K,   0% used [0x0000000604000000, 0x0000000605000000)
AC   0  F    TS     0 PTAMS 0x0000000605000000 NTAMS 0x0000000605000000 space 16384K,   0% used [0x0000000605000000, 0x0000000606000000)
AC   0  F    TS     0 PTAMS 0x0000000606000000 NTAMS 0x0000000606000000 space 16384K,   0% used [0x0000000606000000, 0x0000000607000000)
AC   0  F    TS     0 PTAMS 0x0000000607000000 NTAMS 0x0000000607000000 space 16384K,   0% used [0x0000000607000000, 0x0000000608000000)
AC   0  F    TS     0 PTAMS 0x0000000608000000 NTAMS 0x0000000608000000 space 16384K,   0% used [0x0000000608000000, 0x0000000609000000)
AC   0  F    TS     0 PTAMS 0x0000000609000000 NTAMS 0x0000000609000000 space 16384K,   0% used [0x0000000609000000, 0x000000060a000000)
AC   0  F    TS     0 PTAMS 0x000000060a000000 NTAMS 0x000000060a000000 space 16384K,   0% used [0x000000060a000000, 0x000000060b000000)
AC   0  F    TS     0 PTAMS 0x000000060b000000 NTAMS 0x000000060b000000 space 16384K,   0% used [0x000000060b000000, 0x000000060c000000)
AC   0  F    TS     0 PTAMS 0x000000060c000000 NTAMS 0x000000060c000000 space 16384K,   0% used [0x000000060c000000, 0x000000060d000000)
AC   0  F    TS     0 PTAMS 0x000000060d000000 NTAMS 0x000000060d000000 space 16384K,   0% used [0x000000060d000000, 0x000000060e000000)
AC   0  F    TS     0 PTAMS 0x000000060e000000 NTAMS 0x000000060e000000 space 16384K,   0% used [0x000000060e000000, 0x000000060f000000)
AC   0  F    TS     0 PTAMS 0x000000060f000000 NTAMS 0x000000060f000000 space 16384K,   0% used [0x000000060f000000, 0x0000000610000000)
AC   0  F    TS     0 PTAMS 0x0000000610000000 NTAMS 0x0000000610000000 space 16384K,   0% used [0x0000000610000000, 0x0000000611000000)
AC   0  F    TS     0 PTAMS 0x0000000611000000 NTAMS 0x0000000611000000 space 16384K,   0% used [0x0000000611000000, 0x0000000612000000)
AC   0  F    TS     0 PTAMS 0x0000000612000000 NTAMS 0x0000000612000000 space 16384K,   0% used [0x0000000612000000, 0x0000000613000000)
AC   0  F    TS     0 PTAMS 0x0000000613000000 NTAMS 0x0000000613000000 space 16384K,   0% used [0x0000000613000000, 0x0000000614000000)
AC   0  F    TS     0 PTAMS 0x0000000614000000 NTAMS 0x0000000614000000 space 16384K,   0% used [0x0000000614000000, 0x0000000615000000)
AC   0  F    TS     0 PTAMS 0x0000000615000000 NTAMS 0x0000000615000000 space 16384K,   0% used [0x0000000615000000, 0x0000000616000000)
AC   0  F    TS     1 PTAMS 0x0000000616000000 NTAMS 0x0000000616000000 space 16384K,   0% used [0x0000000616000000, 0x0000000617000000)
AC   0  F    TS     3 PTAMS 0x0000000617000000 NTAMS 0x0000000617000000 space 16384K,   0% used [0x0000000617000000, 0x0000000618000000)
AC   0  F    TS     0 PTAMS 0x0000000618000000 NTAMS 0x0000000618000000 space 16384K,   0% used [0x0000000618000000, 0x0000000619000000)
AC   0  F    TS     0 PTAMS 0x0000000619000000 NTAMS 0x0000000619000000 space 16384K,   0% used [0x0000000619000000, 0x000000061a000000)
AC   0  F    TS     0 PTAMS 0x000000061a000000 NTAMS 0x000000061a000000 space 16384K,   0% used [0x000000061a000000, 0x000000061b000000)
AC   0  F    TS     0 PTAMS 0x000000061b000000 NTAMS 0x000000061b000000 space 16384K,   0% used [0x000000061b000000, 0x000000061c000000)
AC   0  F    TS     0 PTAMS 0x000000061c000000 NTAMS 0x000000061c000000 space 16384K,   0% used [0x000000061c000000, 0x000000061d000000)
AC   0  F    TS     0 PTAMS 0x000000061d000000 NTAMS 0x000000061d000000 space 16384K,   0% used [0x000000061d000000, 0x000000061e000000)
AC   0  F    TS     0 PTAMS 0x000000061e000000 NTAMS 0x000000061e000000 space 16384K,   0% used [0x000000061e000000, 0x000000061f000000)
AC   0  F    TS     3 PTAMS 0x000000061f000000 NTAMS 0x000000061f000000 space 16384K,   0% used [0x000000061f000000, 0x0000000620000000)
AC   0  F    TS     3 PTAMS 0x0000000620000000 NTAMS 0x0000000620000000 space 16384K,   0% used [0x0000000620000000, 0x0000000621000000)
AC   0  F    TS     3 PTAMS 0x0000000621000000 NTAMS 0x0000000621000000 space 16384K,   0% used [0x0000000621000000, 0x0000000622000000)
AC   0  F    TS     3 PTAMS 0x0000000622000000 NTAMS 0x0000000622000000 space 16384K,   0% used [0x0000000622000000, 0x0000000623000000)
AC   0  F    TS     3 PTAMS 0x0000000623000000 NTAMS 0x0000000623000000 space 16384K,   0% used [0x0000000623000000, 0x0000000624000000)
AC   0  F    TS     3 PTAMS 0x0000000624000000 NTAMS 0x0000000624000000 space 16384K,   0% used [0x0000000624000000, 0x0000000625000000)
AC   0  F    TS     3 PTAMS 0x0000000625000000 NTAMS 0x0000000625000000 space 16384K,   0% used [0x0000000625000000, 0x0000000626000000)
AC   0  F    TS     3 PTAMS 0x0000000626000000 NTAMS 0x0000000626000000 space 16384K,   0% used [0x0000000626000000, 0x0000000627000000)
AC   0  F    TS     3 PTAMS 0x0000000627000000 NTAMS 0x0000000627000000 space 16384K,   0% used [0x0000000627000000, 0x0000000628000000)
AC   0  F    TS     3 PTAMS 0x0000000628000000 NTAMS 0x0000000628000000 space 16384K,   0% used [0x0000000628000000, 0x0000000629000000)
AC   0  F    TS     3 PTAMS 0x0000000629000000 NTAMS 0x0000000629000000 space 16384K,   0% used [0x0000000629000000, 0x000000062a000000)
AC   0  F    TS     3 PTAMS 0x000000062a000000 NTAMS 0x000000062a000000 space 16384K,   0% used [0x000000062a000000, 0x000000062b000000)
AC   0  F    TS     3 PTAMS 0x000000062b000000 NTAMS 0x000000062b000000 space 16384K,   0% used [0x000000062b000000, 0x000000062c000000)
AC   0  F    TS     3 PTAMS 0x000000062c000000 NTAMS 0x000000062c000000 space 16384K,   0% used [0x000000062c000000, 0x000000062d000000)
AC   0  F    TS     3 PTAMS 0x000000062d000000 NTAMS 0x000000062d000000 space 16384K,   0% used [0x000000062d000000, 0x000000062e000000)
AC   0  F    TS     3 PTAMS 0x000000062e000000 NTAMS 0x000000062e000000 space 16384K,   0% used [0x000000062e000000, 0x000000062f000000)
AC   0  F    TS     3 PTAMS 0x000000062f000000 NTAMS 0x000000062f000000 space 16384K,   0% used [0x000000062f000000, 0x0000000630000000)
AC   0  F    TS     3 PTAMS 0x0000000630000000 NTAMS 0x0000000630000000 space 16384K,   0% used [0x0000000630000000, 0x0000000631000000)
AC   0  F    TS     3 PTAMS 0x0000000631000000 NTAMS 0x0000000631000000 space 16384K,   0% used [0x0000000631000000, 0x0000000632000000)
AC   0  F    TS     3 PTAMS 0x0000000632000000 NTAMS 0x0000000632000000 space 16384K,   0% used [0x0000000632000000, 0x0000000633000000)
AC   0  F    TS     3 PTAMS 0x0000000633000000 NTAMS 0x0000000633000000 space 16384K,   0% used [0x0000000633000000, 0x0000000634000000)
AC   0  F    TS     3 PTAMS 0x0000000634000000 NTAMS 0x0000000634000000 space 16384K,   0% used [0x0000000634000000, 0x0000000635000000)
AC   0  F    TS     3 PTAMS 0x0000000635000000 NTAMS 0x0000000635000000 space 16384K,   0% used [0x0000000635000000, 0x0000000636000000)
AC   0  F    TS     3 PTAMS 0x0000000636000000 NTAMS 0x0000000636000000 space 16384K,   0% used [0x0000000636000000, 0x0000000637000000)
AC   0  F    TS     3 PTAMS 0x0000000637000000 NTAMS 0x0000000637000000 space 16384K,   0% used [0x0000000637000000, 0x0000000638000000)
AC   0  F    TS     3 PTAMS 0x0000000638000000 NTAMS 0x0000000638000000 space 16384K,   0% used [0x0000000638000000, 0x0000000639000000)
AC   0  F    TS     3 PTAMS 0x0000000639000000 NTAMS 0x0000000639000000 space 16384K,   0% used [0x0000000639000000, 0x000000063a000000)
AC   0  F    TS     3 PTAMS 0x000000063a000000 NTAMS 0x000000063a000000 space 16384K,   0% used [0x000000063a000000, 0x000000063b000000)
AC   0  F    TS     3 PTAMS 0x000000063b000000 NTAMS 0x000000063b000000 space 16384K,   0% used [0x000000063b000000, 0x000000063c000000)
AC   0  F    TS     3 PTAMS 0x000000063c000000 NTAMS 0x000000063c000000 space 16384K,   0% used [0x000000063c000000, 0x000000063d000000)
AC   0  F    TS     3 PTAMS 0x000000063d000000 NTAMS 0x000000063d000000 space 16384K,   0% used [0x000000063d000000, 0x000000063e000000)
AC   0  F    TS     3 PTAMS 0x000000063e000000 NTAMS 0x000000063e000000 space 16384K,   0% used [0x000000063e000000, 0x000000063f000000)
AC   0  F    TS     3 PTAMS 0x000000063f000000 NTAMS 0x000000063f000000 space 16384K,   0% used [0x000000063f000000, 0x0000000640000000)
AC   0  F    TS     3 PTAMS 0x0000000640000000 NTAMS 0x0000000640000000 space 16384K,   0% used [0x0000000640000000, 0x0000000641000000)
AC   0  F    TS     3 PTAMS 0x0000000641000000 NTAMS 0x0000000641000000 space 16384K,   0% used [0x0000000641000000, 0x0000000642000000)
AC   0  F    TS     3 PTAMS 0x0000000642000000 NTAMS 0x0000000642000000 space 16384K,   0% used [0x0000000642000000, 0x0000000643000000)
AC   0  F    TS     3 PTAMS 0x0000000643000000 NTAMS 0x0000000643000000 space 16384K,   0% used [0x0000000643000000, 0x0000000644000000)
AC   0  F    TS     3 PTAMS 0x0000000644000000 NTAMS 0x0000000644000000 space 16384K,   0% used [0x0000000644000000, 0x0000000645000000)
AC   0  F    TS     3 PTAMS 0x0000000645000000 NTAMS 0x0000000645000000 space 16384K,   0% used [0x0000000645000000, 0x0000000646000000)
AC   0  F    TS     3 PTAMS 0x0000000646000000 NTAMS 0x0000000646000000 space 16384K,   0% used [0x0000000646000000, 0x0000000647000000)
AC   0  F    TS     3 PTAMS 0x0000000647000000 NTAMS 0x0000000647000000 space 16384K,   0% used [0x0000000647000000, 0x0000000648000000)
AC   0  F    TS     3 PTAMS 0x0000000648000000 NTAMS 0x0000000648000000 space 16384K,   0% used [0x0000000648000000, 0x0000000649000000)
AC   0  F    TS     3 PTAMS 0x0000000649000000 NTAMS 0x0000000649000000 space 16384K,   0% used [0x0000000649000000, 0x000000064a000000)
AC   0  F    TS     3 PTAMS 0x000000064a000000 NTAMS 0x000000064a000000 space 16384K,   0% used [0x000000064a000000, 0x000000064b000000)
AC   0  F    TS     3 PTAMS 0x000000064b000000 NTAMS 0x000000064b000000 space 16384K,   0% used [0x000000064b000000, 0x000000064c000000)
AC   0  F    TS     3 PTAMS 0x000000064c000000 NTAMS 0x000000064c000000 space 16384K,   0% used [0x000000064c000000, 0x000000064d000000)
AC   0  F    TS     3 PTAMS 0x000000064d000000 NTAMS 0x000000064d000000 space 16384K,   0% used [0x000000064d000000, 0x000000064e000000)
AC   0  F    TS     3 PTAMS 0x000000064e000000 NTAMS 0x000000064e000000 space 16384K,   0% used [0x000000064e000000, 0x000000064f000000)
AC   0  F    TS     3 PTAMS 0x000000064f000000 NTAMS 0x000000064f000000 space 16384K,   0% used [0x000000064f000000, 0x0000000650000000)
AC   0  F    TS     3 PTAMS 0x0000000650000000 NTAMS 0x0000000650000000 space 16384K,   0% used [0x0000000650000000, 0x0000000651000000)
AC   0  F    TS     3 PTAMS 0x0000000651000000 NTAMS 0x0000000651000000 space 16384K,   0% used [0x0000000651000000, 0x0000000652000000)
AC   0  F    TS     3 PTAMS 0x0000000652000000 NTAMS 0x0000000652000000 space 16384K,   0% used [0x0000000652000000, 0x0000000653000000)
AC   0  F    TS     3 PTAMS 0x0000000653000000 NTAMS 0x0000000653000000 space 16384K,   0% used [0x0000000653000000, 0x0000000654000000)
AC   0  F    TS     3 PTAMS 0x0000000654000000 NTAMS 0x0000000654000000 space 16384K,   0% used [0x0000000654000000, 0x0000000655000000)
AC   0  F    TS     3 PTAMS 0x0000000655000000 NTAMS 0x0000000655000000 space 16384K,   0% used [0x0000000655000000, 0x0000000656000000)
AC   0  F    TS     3 PTAMS 0x0000000656000000 NTAMS 0x0000000656000000 space 16384K,   0% used [0x0000000656000000, 0x0000000657000000)
AC   0  F    TS     3 PTAMS 0x0000000657000000 NTAMS 0x0000000657000000 space 16384K,   0% used [0x0000000657000000, 0x0000000658000000)
AC   0  F    TS     3 PTAMS 0x0000000658000000 NTAMS 0x0000000658000000 space 16384K,   0% used [0x0000000658000000, 0x0000000659000000)
AC   0  F    TS     3 PTAMS 0x0000000659000000 NTAMS 0x0000000659000000 space 16384K,   0% used [0x0000000659000000, 0x000000065a000000)
AC   0  F    TS     3 PTAMS 0x000000065a000000 NTAMS 0x000000065a000000 space 16384K,   0% used [0x000000065a000000, 0x000000065b000000)
AC   0  F    TS     3 PTAMS 0x000000065b000000 NTAMS 0x000000065b000000 space 16384K,   0% used [0x000000065b000000, 0x000000065c000000)
AC   0  F    TS     3 PTAMS 0x000000065c000000 NTAMS 0x000000065c000000 space 16384K,   0% used [0x000000065c000000, 0x000000065d000000)
AC   0  F    TS     3 PTAMS 0x000000065d000000 NTAMS 0x000000065d000000 space 16384K,   0% used [0x000000065d000000, 0x000000065e000000)
AC   0  F    TS     3 PTAMS 0x000000065e000000 NTAMS 0x000000065e000000 space 16384K,   0% used [0x000000065e000000, 0x000000065f000000)
AC   0  F    TS     3 PTAMS 0x000000065f000000 NTAMS 0x000000065f000000 space 16384K,   0% used [0x000000065f000000, 0x0000000660000000)
AC   0  F    TS     3 PTAMS 0x0000000660000000 NTAMS 0x0000000660000000 space 16384K,   0% used [0x0000000660000000, 0x0000000661000000)
AC   0  F    TS     3 PTAMS 0x0000000661000000 NTAMS 0x0000000661000000 space 16384K,   0% used [0x0000000661000000, 0x0000000662000000)
AC   0  F    TS     3 PTAMS 0x0000000662000000 NTAMS 0x0000000662000000 space 16384K,   0% used [0x0000000662000000, 0x0000000663000000)
AC   0  F    TS     3 PTAMS 0x0000000663000000 NTAMS 0x0000000663000000 space 16384K,   0% used [0x0000000663000000, 0x0000000664000000)
AC   0  F    TS     3 PTAMS 0x0000000664000000 NTAMS 0x0000000664000000 space 16384K,   0% used [0x0000000664000000, 0x0000000665000000)
AC   0  F    TS     3 PTAMS 0x0000000665000000 NTAMS 0x0000000665000000 space 16384K,   0% used [0x0000000665000000, 0x0000000666000000)
AC   0  F    TS     3 PTAMS 0x0000000666000000 NTAMS 0x0000000666000000 space 16384K,   0% used [0x0000000666000000, 0x0000000667000000)
AC   0  F    TS     3 PTAMS 0x0000000667000000 NTAMS 0x0000000667000000 space 16384K,   0% used [0x0000000667000000, 0x0000000668000000)
AC   0  F    TS     3 PTAMS 0x0000000668000000 NTAMS 0x0000000668000000 space 16384K,   0% used [0x0000000668000000, 0x0000000669000000)
AC   0  F    TS     5 PTAMS 0x0000000669000000 NTAMS 0x0000000669000000 space 16384K,   0% used [0x0000000669000000, 0x000000066a000000)
AC   0  F    TS     3 PTAMS 0x000000066a000000 NTAMS 0x000000066a000000 space 16384K,   0% used [0x000000066a000000, 0x000000066b000000)
AC   0  F    TS     3 PTAMS 0x000000066b000000 NTAMS 0x000000066b000000 space 16384K,   0% used [0x000000066b000000, 0x000000066c000000)
AC   0  F    TS     3 PTAMS 0x000000066c000000 NTAMS 0x000000066c000000 space 16384K,   0% used [0x000000066c000000, 0x000000066d000000)
AC   0  F    TS     3 PTAMS 0x000000066d000000 NTAMS 0x000000066d000000 space 16384K,   0% used [0x000000066d000000, 0x000000066e000000)
AC   0  F    TS     3 PTAMS 0x000000066e000000 NTAMS 0x000000066e000000 space 16384K,   0% used [0x000000066e000000, 0x000000066f000000)
AC   0  F    TS     3 PTAMS 0x000000066f000000 NTAMS 0x000000066f000000 space 16384K,   0% used [0x000000066f000000, 0x0000000670000000)
AC   0  F    TS     3 PTAMS 0x0000000670000000 NTAMS 0x0000000670000000 space 16384K,   0% used [0x0000000670000000, 0x0000000671000000)
AC   0  F    TS     5 PTAMS 0x0000000671000000 NTAMS 0x0000000671000000 space 16384K,   0% used [0x0000000671000000, 0x0000000672000000)
AC   0  F    TS     5 PTAMS 0x0000000672000000 NTAMS 0x0000000672000000 space 16384K,   0% used [0x0000000672000000, 0x0000000673000000)
AC   0  F    TS     5 PTAMS 0x0000000673000000 NTAMS 0x0000000673000000 space 16384K,   0% used [0x0000000673000000, 0x0000000674000000)
AC   0  F    TS     5 PTAMS 0x0000000674000000 NTAMS 0x0000000674000000 space 16384K,   0% used [0x0000000674000000, 0x0000000675000000)
AC   0  F    TS     5 PTAMS 0x0000000675000000 NTAMS 0x0000000675000000 space 16384K,   0% used [0x0000000675000000, 0x0000000676000000)
AC   0  F    TS     5 PTAMS 0x0000000676000000 NTAMS 0x0000000676000000 space 16384K,   0% used [0x0000000676000000, 0x0000000677000000)
AC   0  F    TS     5 PTAMS 0x0000000677000000 NTAMS 0x0000000677000000 space 16384K,   0% used [0x0000000677000000, 0x0000000678000000)
AC   0  F    TS     5 PTAMS 0x0000000678000000 NTAMS 0x0000000678000000 space 16384K,   0% used [0x0000000678000000, 0x0000000679000000)
AC   0  F    TS     5 PTAMS 0x0000000679000000 NTAMS 0x0000000679000000 space 16384K,   0% used [0x0000000679000000, 0x000000067a000000)
AC   0  F    TS     5 PTAMS 0x000000067a000000 NTAMS 0x000000067a000000 space 16384K,   0% used [0x000000067a000000, 0x000000067b000000)
AC   0  F    TS     5 PTAMS 0x000000067b000000 NTAMS 0x000000067b000000 space 16384K,   0% used [0x000000067b000000, 0x000000067c000000)
AC   0  F    TS     5 PTAMS 0x000000067c000000 NTAMS 0x000000067c000000 space 16384K,   0% used [0x000000067c000000, 0x000000067d000000)
AC   0  F    TS     5 PTAMS 0x000000067d000000 NTAMS 0x000000067d000000 space 16384K,   0% used [0x000000067d000000, 0x000000067e000000)
AC   0  F    TS     5 PTAMS 0x000000067e000000 NTAMS 0x000000067e000000 space 16384K,   0% used [0x000000067e000000, 0x000000067f000000)
AC   0  F    TS     5 PTAMS 0x000000067f000000 NTAMS 0x000000067f000000 space 16384K,   0% used [0x000000067f000000, 0x0000000680000000)
AC   0  F    TS     5 PTAMS 0x0000000680000000 NTAMS 0x0000000680000000 space 16384K,   0% used [0x0000000680000000, 0x0000000681000000)
AC   0  F    TS     5 PTAMS 0x0000000681000000 NTAMS 0x0000000681000000 space 16384K,   0% used [0x0000000681000000, 0x0000000682000000)
AC   0  F    TS     5 PTAMS 0x0000000682000000 NTAMS 0x0000000682000000 space 16384K,   0% used [0x0000000682000000, 0x0000000683000000)
AC   0  F    TS     5 PTAMS 0x0000000683000000 NTAMS 0x0000000683000000 space 16384K,   0% used [0x0000000683000000, 0x0000000684000000)
AC   0  F    TS     5 PTAMS 0x0000000684000000 NTAMS 0x0000000684000000 space 16384K,   0% used [0x0000000684000000, 0x0000000685000000)
AC   0  F    TS     5 PTAMS 0x0000000685000000 NTAMS 0x0000000685000000 space 16384K,   0% used [0x0000000685000000, 0x0000000686000000)
AC   0  F    TS     5 PTAMS 0x0000000686000000 NTAMS 0x0000000686000000 space 16384K,   0% used [0x0000000686000000, 0x0000000687000000)
AC   0  F    TS     5 PTAMS 0x0000000687000000 NTAMS 0x0000000687000000 space 16384K,   0% used [0x0000000687000000, 0x0000000688000000)
AC   0  F    TS     5 PTAMS 0x0000000688000000 NTAMS 0x0000000688000000 space 16384K,   0% used [0x0000000688000000, 0x0000000689000000)
AC   0  F    TS     5 PTAMS 0x0000000689000000 NTAMS 0x0000000689000000 space 16384K,   0% used [0x0000000689000000, 0x000000068a000000)
AC   0  F    TS     5 PTAMS 0x000000068a000000 NTAMS 0x000000068a000000 space 16384K,   0% used [0x000000068a000000, 0x000000068b000000)
AC   0  F    TS     5 PTAMS 0x000000068b000000 NTAMS 0x000000068b000000 space 16384K,   0% used [0x000000068b000000, 0x000000068c000000)
AC   0  F    TS     5 PTAMS 0x000000068c000000 NTAMS 0x000000068c000000 space 16384K,   0% used [0x000000068c000000, 0x000000068d000000)
AC   0  F    TS     5 PTAMS 0x000000068d000000 NTAMS 0x000000068d000000 space 16384K,   0% used [0x000000068d000000, 0x000000068e000000)
AC   0  F    TS     5 PTAMS 0x000000068e000000 NTAMS 0x000000068e000000 space 16384K,   0% used [0x000000068e000000, 0x000000068f000000)
AC   0  F    TS     5 PTAMS 0x000000068f000000 NTAMS 0x000000068f000000 space 16384K,   0% used [0x000000068f000000, 0x0000000690000000)
AC   0  F    TS     5 PTAMS 0x0000000690000000 NTAMS 0x0000000690000000 space 16384K,   0% used [0x0000000690000000, 0x0000000691000000)
AC   0  F    TS     5 PTAMS 0x0000000691000000 NTAMS 0x0000000691000000 space 16384K,   0% used [0x0000000691000000, 0x0000000692000000)
AC   0  F    TS     5 PTAMS 0x0000000692000000 NTAMS 0x0000000692000000 space 16384K,   0% used [0x0000000692000000, 0x0000000693000000)
AC   0  F    TS     5 PTAMS 0x0000000693000000 NTAMS 0x0000000693000000 space 16384K,   0% used [0x0000000693000000, 0x0000000694000000)
AC   0  F    TS     5 PTAMS 0x0000000694000000 NTAMS 0x0000000694000000 space 16384K,   0% used [0x0000000694000000, 0x0000000695000000)
AC   0  F    TS     5 PTAMS 0x0000000695000000 NTAMS 0x0000000695000000 space 16384K,   0% used [0x0000000695000000, 0x0000000696000000)
AC   0  F    TS     5 PTAMS 0x0000000696000000 NTAMS 0x0000000696000000 space 16384K,   0% used [0x0000000696000000, 0x0000000697000000)
AC   0  F    TS     5 PTAMS 0x0000000697000000 NTAMS 0x0000000697000000 space 16384K,   0% used [0x0000000697000000, 0x0000000698000000)
AC   0  F    TS     5 PTAMS 0x0000000698000000 NTAMS 0x0000000698000000 space 16384K,   0% used [0x0000000698000000, 0x0000000699000000)
AC   0  F    TS     5 PTAMS 0x0000000699000000 NTAMS 0x0000000699000000 space 16384K,   0% used [0x0000000699000000, 0x000000069a000000)
AC   0  F    TS     5 PTAMS 0x000000069a000000 NTAMS 0x000000069a000000 space 16384K,   0% used [0x000000069a000000, 0x000000069b000000)
AC   0  F    TS     5 PTAMS 0x000000069b000000 NTAMS 0x000000069b000000 space 16384K,   0% used [0x000000069b000000, 0x000000069c000000)
AC   0  F    TS     5 PTAMS 0x000000069c000000 NTAMS 0x000000069c000000 space 16384K,   0% used [0x000000069c000000, 0x000000069d000000)
AC   0  F    TS     5 PTAMS 0x000000069d000000 NTAMS 0x000000069d000000 space 16384K,   0% used [0x000000069d000000, 0x000000069e000000)
AC   0  F    TS     5 PTAMS 0x000000069e000000 NTAMS 0x000000069e000000 space 16384K,   0% used [0x000000069e000000, 0x000000069f000000)
AC   0  F    TS     5 PTAMS 0x000000069f000000 NTAMS 0x000000069f000000 space 16384K,   0% used [0x000000069f000000, 0x00000006a0000000)
AC   0  F    TS     5 PTAMS 0x00000006a0000000 NTAMS 0x00000006a0000000 space 16384K,   0% used [0x00000006a0000000, 0x00000006a1000000)
AC   0  F    TS     5 PTAMS 0x00000006a1000000 NTAMS 0x00000006a1000000 space 16384K,   0% used [0x00000006a1000000, 0x00000006a2000000)
AC   0  F    TS     5 PTAMS 0x00000006a2000000 NTAMS 0x00000006a2000000 space 16384K,   0% used [0x00000006a2000000, 0x00000006a3000000)
AC   0  F    TS     5 PTAMS 0x00000006a3000000 NTAMS 0x00000006a3000000 space 16384K,   0% used [0x00000006a3000000, 0x00000006a4000000)
AC   0  F    TS     5 PTAMS 0x00000006a4000000 NTAMS 0x00000006a4000000 space 16384K,   0% used [0x00000006a4000000, 0x00000006a5000000)
AC   0  F    TS     5 PTAMS 0x00000006a5000000 NTAMS 0x00000006a5000000 space 16384K,   0% used [0x00000006a5000000, 0x00000006a6000000)
AC   0  F    TS     5 PTAMS 0x00000006a6000000 NTAMS 0x00000006a6000000 space 16384K,   0% used [0x00000006a6000000, 0x00000006a7000000)
AC   0  F    TS     5 PTAMS 0x00000006a7000000 NTAMS 0x00000006a7000000 space 16384K,   0% used [0x00000006a7000000, 0x00000006a8000000)
AC   0  F    TS     5 PTAMS 0x00000006a8000000 NTAMS 0x00000006a8000000 space 16384K,   0% used [0x00000006a8000000, 0x00000006a9000000)
AC   0  F    TS     5 PTAMS 0x00000006a9000000 NTAMS 0x00000006a9000000 space 16384K,   0% used [0x00000006a9000000, 0x00000006aa000000)
AC   0  F    TS     5 PTAMS 0x00000006aa000000 NTAMS 0x00000006aa000000 space 16384K,   0% used [0x00000006aa000000, 0x00000006ab000000)
AC   0  F    TS     5 PTAMS 0x00000006ab000000 NTAMS 0x00000006ab000000 space 16384K,   0% used [0x00000006ab000000, 0x00000006ac000000)
AC   0  F    TS     7 PTAMS 0x00000006ac000000 NTAMS 0x00000006ac000000 space 16384K,   0% used [0x00000006ac000000, 0x00000006ad000000)
AC   0  F    TS     5 PTAMS 0x00000006ad000000 NTAMS 0x00000006ad000000 space 16384K,   0% used [0x00000006ad000000, 0x00000006ae000000)
AC   0  F    TS     5 PTAMS 0x00000006ae000000 NTAMS 0x00000006ae000000 space 16384K,   0% used [0x00000006ae000000, 0x00000006af000000)
AC   0  F    TS     5 PTAMS 0x00000006af000000 NTAMS 0x00000006af000000 space 16384K,   0% used [0x00000006af000000, 0x00000006b0000000)
AC   0  F    TS     5 PTAMS 0x00000006b0000000 NTAMS 0x00000006b0000000 space 16384K,   0% used [0x00000006b0000000, 0x00000006b1000000)
AC   0  F    TS     5 PTAMS 0x00000006b1000000 NTAMS 0x00000006b1000000 space 16384K,   0% used [0x00000006b1000000, 0x00000006b2000000)
AC   0  F    TS     5 PTAMS 0x00000006b2000000 NTAMS 0x00000006b2000000 space 16384K,   0% used [0x00000006b2000000, 0x00000006b3000000)
AC   0  F    TS     5 PTAMS 0x00000006b3000000 NTAMS 0x00000006b3000000 space 16384K,   0% used [0x00000006b3000000, 0x00000006b4000000)
AC   0  F    TS     7 PTAMS 0x00000006b4000000 NTAMS 0x00000006b4000000 space 16384K,   0% used [0x00000006b4000000, 0x00000006b5000000)
AC   0  F    TS     7 PTAMS 0x00000006b5000000 NTAMS 0x00000006b5000000 space 16384K,   0% used [0x00000006b5000000, 0x00000006b6000000)
AC   0  F    TS     7 PTAMS 0x00000006b6000000 NTAMS 0x00000006b6000000 space 16384K,   0% used [0x00000006b6000000, 0x00000006b7000000)
AC   0  F    TS     7 PTAMS 0x00000006b7000000 NTAMS 0x00000006b7000000 space 16384K,   0% used [0x00000006b7000000, 0x00000006b8000000)
AC   0  F    TS     7 PTAMS 0x00000006b8000000 NTAMS 0x00000006b8000000 space 16384K,   0% used [0x00000006b8000000, 0x00000006b9000000)
AC   0  F    TS     7 PTAMS 0x00000006b9000000 NTAMS 0x00000006b9000000 space 16384K,   0% used [0x00000006b9000000, 0x00000006ba000000)
AC   0  F    TS     7 PTAMS 0x00000006ba000000 NTAMS 0x00000006ba000000 space 16384K,   0% used [0x00000006ba000000, 0x00000006bb000000)
AC   0  F    TS     7 PTAMS 0x00000006bb000000 NTAMS 0x00000006bb000000 space 16384K,   0% used [0x00000006bb000000, 0x00000006bc000000)
AC   0  F    TS     7 PTAMS 0x00000006bc000000 NTAMS 0x00000006bc000000 space 16384K,   0% used [0x00000006bc000000, 0x00000006bd000000)
AC   0  F    TS     7 PTAMS 0x00000006bd000000 NTAMS 0x00000006bd000000 space 16384K,   0% used [0x00000006bd000000, 0x00000006be000000)
AC   0  F    TS     7 PTAMS 0x00000006be000000 NTAMS 0x00000006be000000 space 16384K,   0% used [0x00000006be000000, 0x00000006bf000000)
AC   0  F    TS     7 PTAMS 0x00000006bf000000 NTAMS 0x00000006bf000000 space 16384K,   0% used [0x00000006bf000000, 0x00000006c0000000)
AC   0  F    TS     7 PTAMS 0x00000006c0000000 NTAMS 0x00000006c0000000 space 16384K,   0% used [0x00000006c0000000, 0x00000006c1000000)
AC   0  F    TS     7 PTAMS 0x00000006c1000000 NTAMS 0x00000006c1000000 space 16384K,   0% used [0x00000006c1000000, 0x00000006c2000000)
AC   0  F    TS     7 PTAMS 0x00000006c2000000 NTAMS 0x00000006c2000000 space 16384K,   0% used [0x00000006c2000000, 0x00000006c3000000)
AC   0  F    TS     7 PTAMS 0x00000006c3000000 NTAMS 0x00000006c3000000 space 16384K,   0% used [0x00000006c3000000, 0x00000006c4000000)
AC   0  F    TS     7 PTAMS 0x00000006c4000000 NTAMS 0x00000006c4000000 space 16384K,   0% used [0x00000006c4000000, 0x00000006c5000000)
AC   0  F    TS     7 PTAMS 0x00000006c5000000 NTAMS 0x00000006c5000000 space 16384K,   0% used [0x00000006c5000000, 0x00000006c6000000)
AC   0  F    TS     7 PTAMS 0x00000006c6000000 NTAMS 0x00000006c6000000 space 16384K,   0% used [0x00000006c6000000, 0x00000006c7000000)
AC   0  F    TS     7 PTAMS 0x00000006c7000000 NTAMS 0x00000006c7000000 space 16384K,   0% used [0x00000006c7000000, 0x00000006c8000000)
AC   0  F    TS     7 PTAMS 0x00000006c8000000 NTAMS 0x00000006c8000000 space 16384K,   0% used [0x00000006c8000000, 0x00000006c9000000)
AC   0  F    TS     7 PTAMS 0x00000006c9000000 NTAMS 0x00000006c9000000 space 16384K,   0% used [0x00000006c9000000, 0x00000006ca000000)
AC   0  F    TS     7 PTAMS 0x00000006ca000000 NTAMS 0x00000006ca000000 space 16384K,   0% used [0x00000006ca000000, 0x00000006cb000000)
AC   0  F    TS     7 PTAMS 0x00000006cb000000 NTAMS 0x00000006cb000000 space 16384K,   0% used [0x00000006cb000000, 0x00000006cc000000)
AC   0  F    TS     7 PTAMS 0x00000006cc000000 NTAMS 0x00000006cc000000 space 16384K,   0% used [0x00000006cc000000, 0x00000006cd000000)
AC   0  F    TS     7 PTAMS 0x00000006cd000000 NTAMS 0x00000006cd000000 space 16384K,   0% used [0x00000006cd000000, 0x00000006ce000000)
AC   0  F    TS     7 PTAMS 0x00000006ce000000 NTAMS 0x00000006ce000000 space 16384K,   0% used [0x00000006ce000000, 0x00000006cf000000)
AC   0  F    TS     7 PTAMS 0x00000006cf000000 NTAMS 0x00000006cf000000 space 16384K,   0% used [0x00000006cf000000, 0x00000006d0000000)
AC   0  F    TS     7 PTAMS 0x00000006d0000000 NTAMS 0x00000006d0000000 space 16384K,   0% used [0x00000006d0000000, 0x00000006d1000000)
AC   0  F    TS     7 PTAMS 0x00000006d1000000 NTAMS 0x00000006d1000000 space 16384K,   0% used [0x00000006d1000000, 0x00000006d2000000)
AC   0  F    TS     7 PTAMS 0x00000006d2000000 NTAMS 0x00000006d2000000 space 16384K,   0% used [0x00000006d2000000, 0x00000006d3000000)
AC   0  F    TS     7 PTAMS 0x00000006d3000000 NTAMS 0x00000006d3000000 space 16384K,   0% used [0x00000006d3000000, 0x00000006d4000000)
AC   0  F    TS     7 PTAMS 0x00000006d4000000 NTAMS 0x00000006d4000000 space 16384K,   0% used [0x00000006d4000000, 0x00000006d5000000)
AC   0  F    TS     7 PTAMS 0x00000006d5000000 NTAMS 0x00000006d5000000 space 16384K,   0% used [0x00000006d5000000, 0x00000006d6000000)
AC   0  F    TS     7 PTAMS 0x00000006d6000000 NTAMS 0x00000006d6000000 space 16384K,   0% used [0x00000006d6000000, 0x00000006d7000000)
AC   0  F    TS     7 PTAMS 0x00000006d7000000 NTAMS 0x00000006d7000000 space 16384K,   0% used [0x00000006d7000000, 0x00000006d8000000)
AC   0  F    TS     7 PTAMS 0x00000006d8000000 NTAMS 0x00000006d8000000 space 16384K,   0% used [0x00000006d8000000, 0x00000006d9000000)
AC   0  F    TS     7 PTAMS 0x00000006d9000000 NTAMS 0x00000006d9000000 space 16384K,   0% used [0x00000006d9000000, 0x00000006da000000)
AC   0  F    TS     7 PTAMS 0x00000006da000000 NTAMS 0x00000006da000000 space 16384K,   0% used [0x00000006da000000, 0x00000006db000000)
AC   0  F    TS     7 PTAMS 0x00000006db000000 NTAMS 0x00000006db000000 space 16384K,   0% used [0x00000006db000000, 0x00000006dc000000)
AC   0  F    TS     7 PTAMS 0x00000006dc000000 NTAMS 0x00000006dc000000 space 16384K,   0% used [0x00000006dc000000, 0x00000006dd000000)
AC   0  F    TS     7 PTAMS 0x00000006dd000000 NTAMS 0x00000006dd000000 space 16384K,   0% used [0x00000006dd000000, 0x00000006de000000)
AC   0  F    TS     7 PTAMS 0x00000006de000000 NTAMS 0x00000006de000000 space 16384K,   0% used [0x00000006de000000, 0x00000006df000000)
AC   0  F    TS     7 PTAMS 0x00000006df000000 NTAMS 0x00000006df000000 space 16384K,   0% used [0x00000006df000000, 0x00000006e0000000)
AC   0  F    TS     7 PTAMS 0x00000006e0000000 NTAMS 0x00000006e0000000 space 16384K,   0% used [0x00000006e0000000, 0x00000006e1000000)
AC   0  F    TS     7 PTAMS 0x00000006e1000000 NTAMS 0x00000006e1000000 space 16384K,   0% used [0x00000006e1000000, 0x00000006e2000000)
AC   0  F    TS     9 PTAMS 0x00000006e2000000 NTAMS 0x00000006e2000000 space 16384K,   0% used [0x00000006e2000000, 0x00000006e3000000)
AC   0  F    TS     7 PTAMS 0x00000006e3000000 NTAMS 0x00000006e3000000 space 16384K,   0% used [0x00000006e3000000, 0x00000006e4000000)
AC   0  F    TS     7 PTAMS 0x00000006e4000000 NTAMS 0x00000006e4000000 space 16384K,   0% used [0x00000006e4000000, 0x00000006e5000000)
AC   0  F    TS     7 PTAMS 0x00000006e5000000 NTAMS 0x00000006e5000000 space 16384K,   0% used [0x00000006e5000000, 0x00000006e6000000)
AC   0  F    TS     7 PTAMS 0x00000006e6000000 NTAMS 0x00000006e6000000 space 16384K,   0% used [0x00000006e6000000, 0x00000006e7000000)
AC   0  F    TS     7 PTAMS 0x00000006e7000000 NTAMS 0x00000006e7000000 space 16384K,   0% used [0x00000006e7000000, 0x00000006e8000000)
AC   0  F    TS     7 PTAMS 0x00000006e8000000 NTAMS 0x00000006e8000000 space 16384K,   0% used [0x00000006e8000000, 0x00000006e9000000)
AC   0  F    TS     7 PTAMS 0x00000006e9000000 NTAMS 0x00000006e9000000 space 16384K,   0% used [0x00000006e9000000, 0x00000006ea000000)
AC   0  F    TS     9 PTAMS 0x00000006ea000000 NTAMS 0x00000006ea000000 space 16384K,   0% used [0x00000006ea000000, 0x00000006eb000000)
AC   0  F    TS     9 PTAMS 0x00000006eb000000 NTAMS 0x00000006eb000000 space 16384K,   0% used [0x00000006eb000000, 0x00000006ec000000)
AC   0  F    TS     9 PTAMS 0x00000006ec000000 NTAMS 0x00000006ec000000 space 16384K,   0% used [0x00000006ec000000, 0x00000006ed000000)
AC   0  F    TS     9 PTAMS 0x00000006ed000000 NTAMS 0x00000006ed000000 space 16384K,   0% used [0x00000006ed000000, 0x00000006ee000000)
AC   0  F    TS     9 PTAMS 0x00000006ee000000 NTAMS 0x00000006ee000000 space 16384K,   0% used [0x00000006ee000000, 0x00000006ef000000)
AC   0  F    TS     9 PTAMS 0x00000006ef000000 NTAMS 0x00000006ef000000 space 16384K,   0% used [0x00000006ef000000, 0x00000006f0000000)
AC   0  F    TS     9 PTAMS 0x00000006f0000000 NTAMS 0x00000006f0000000 space 16384K,   0% used [0x00000006f0000000, 0x00000006f1000000)
AC   0  F    TS     9 PTAMS 0x00000006f1000000 NTAMS 0x00000006f1000000 space 16384K,   0% used [0x00000006f1000000, 0x00000006f2000000)
AC   0  F    TS     9 PTAMS 0x00000006f2000000 NTAMS 0x00000006f2000000 space 16384K,   0% used [0x00000006f2000000, 0x00000006f3000000)
AC   0  F    TS     9 PTAMS 0x00000006f3000000 NTAMS 0x00000006f3000000 space 16384K,   0% used [0x00000006f3000000, 0x00000006f4000000)
AC   0  F    TS     9 PTAMS 0x00000006f4000000 NTAMS 0x00000006f4000000 space 16384K,   0% used [0x00000006f4000000, 0x00000006f5000000)
AC   0  F    TS     9 PTAMS 0x00000006f5000000 NTAMS 0x00000006f5000000 space 16384K,   0% used [0x00000006f5000000, 0x00000006f6000000)
AC   0  F    TS     9 PTAMS 0x00000006f6000000 NTAMS 0x00000006f6000000 space 16384K,   0% used [0x00000006f6000000, 0x00000006f7000000)
AC   0  F    TS     9 PTAMS 0x00000006f7000000 NTAMS 0x00000006f7000000 space 16384K,   0% used [0x00000006f7000000, 0x00000006f8000000)
AC   0  F    TS     9 PTAMS 0x00000006f8000000 NTAMS 0x00000006f8000000 space 16384K,   0% used [0x00000006f8000000, 0x00000006f9000000)
AC   0  F    TS     9 PTAMS 0x00000006f9000000 NTAMS 0x00000006f9000000 space 16384K,   0% used [0x00000006f9000000, 0x00000006fa000000)
AC   0  F    TS     9 PTAMS 0x00000006fa000000 NTAMS 0x00000006fa000000 space 16384K,   0% used [0x00000006fa000000, 0x00000006fb000000)
AC   0  F    TS     9 PTAMS 0x00000006fb000000 NTAMS 0x00000006fb000000 space 16384K,   0% used [0x00000006fb000000, 0x00000006fc000000)
AC   0  F    TS     9 PTAMS 0x00000006fc000000 NTAMS 0x00000006fc000000 space 16384K,   0% used [0x00000006fc000000, 0x00000006fd000000)
AC   0  F    TS     9 PTAMS 0x00000006fd000000 NTAMS 0x00000006fd000000 space 16384K,   0% used [0x00000006fd000000, 0x00000006fe000000)
AC   0  F    TS     9 PTAMS 0x00000006fe000000 NTAMS 0x00000006fe000000 space 16384K,   0% used [0x00000006fe000000, 0x00000006ff000000)
AC   0  F    TS     9 PTAMS 0x00000006ff000000 NTAMS 0x00000006ff000000 space 16384K,   0% used [0x00000006ff000000, 0x0000000700000000)
AC   0  F    TS     9 PTAMS 0x0000000700000000 NTAMS 0x0000000700000000 space 16384K,   0% used [0x0000000700000000, 0x0000000701000000)
AC   0  F    TS     9 PTAMS 0x0000000701000000 NTAMS 0x0000000701000000 space 16384K,   0% used [0x0000000701000000, 0x0000000702000000)
AC   0  F    TS     9 PTAMS 0x0000000702000000 NTAMS 0x0000000702000000 space 16384K,   0% used [0x0000000702000000, 0x0000000703000000)
AC   0  F    TS     9 PTAMS 0x0000000703000000 NTAMS 0x0000000703000000 space 16384K,   0% used [0x0000000703000000, 0x0000000704000000)
AC   0  F    TS     9 PTAMS 0x0000000704000000 NTAMS 0x0000000704000000 space 16384K,   0% used [0x0000000704000000, 0x0000000705000000)
AC   0  F    TS     9 PTAMS 0x0000000705000000 NTAMS 0x0000000705000000 space 16384K,   0% used [0x0000000705000000, 0x0000000706000000)
AC   0  F    TS     9 PTAMS 0x0000000706000000 NTAMS 0x0000000706000000 space 16384K,   0% used [0x0000000706000000, 0x0000000707000000)
AC   0  F    TS     9 PTAMS 0x0000000707000000 NTAMS 0x0000000707000000 space 16384K,   0% used [0x0000000707000000, 0x0000000708000000)
AC   0  F    TS     9 PTAMS 0x0000000708000000 NTAMS 0x0000000708000000 space 16384K,   0% used [0x0000000708000000, 0x0000000709000000)
AC   0  F    TS     9 PTAMS 0x0000000709000000 NTAMS 0x0000000709000000 space 16384K,   0% used [0x0000000709000000, 0x000000070a000000)
AC   0  F    TS     9 PTAMS 0x000000070a000000 NTAMS 0x000000070a000000 space 16384K,   0% used [0x000000070a000000, 0x000000070b000000)
AC   0  F    TS     9 PTAMS 0x000000070b000000 NTAMS 0x000000070b000000 space 16384K,   0% used [0x000000070b000000, 0x000000070c000000)
AC   0  F    TS     9 PTAMS 0x000000070c000000 NTAMS 0x000000070c000000 space 16384K,   0% used [0x000000070c000000, 0x000000070d000000)
AC   0  F    TS    11 PTAMS 0x000000070d000000 NTAMS 0x000000070d000000 space 16384K,   0% used [0x000000070d000000, 0x000000070e000000)
AC   0  F    TS     9 PTAMS 0x000000070e000000 NTAMS 0x000000070e000000 space 16384K,   0% used [0x000000070e000000, 0x000000070f000000)
AC   0  F    TS     9 PTAMS 0x000000070f000000 NTAMS 0x000000070f000000 space 16384K,   0% used [0x000000070f000000, 0x0000000710000000)
AC   0  F    TS     9 PTAMS 0x0000000710000000 NTAMS 0x0000000710000000 space 16384K,   0% used [0x0000000710000000, 0x0000000711000000)
AC   0  F    TS     9 PTAMS 0x0000000711000000 NTAMS 0x0000000711000000 space 16384K,   0% used [0x0000000711000000, 0x0000000712000000)
AC   0  F    TS     9 PTAMS 0x0000000712000000 NTAMS 0x0000000712000000 space 16384K,   0% used [0x0000000712000000, 0x0000000713000000)
AC   0  F    TS     9 PTAMS 0x0000000713000000 NTAMS 0x0000000713000000 space 16384K,   0% used [0x0000000713000000, 0x0000000714000000)
AC   0  F    TS     9 PTAMS 0x0000000714000000 NTAMS 0x0000000714000000 space 16384K,   0% used [0x0000000714000000, 0x0000000715000000)
AC   0  F    TS    11 PTAMS 0x0000000715000000 NTAMS 0x0000000715000000 space 16384K,   0% used [0x0000000715000000, 0x0000000716000000)
AC   0  F    TS    11 PTAMS 0x0000000716000000 NTAMS 0x0000000716000000 space 16384K,   0% used [0x0000000716000000, 0x0000000717000000)
AC   0  F    TS    11 PTAMS 0x0000000717000000 NTAMS 0x0000000717000000 space 16384K,   0% used [0x0000000717000000, 0x0000000718000000)
AC   0  F    TS    11 PTAMS 0x0000000718000000 NTAMS 0x0000000718000000 space 16384K,   0% used [0x0000000718000000, 0x0000000719000000)
AC   0  F    TS    11 PTAMS 0x0000000719000000 NTAMS 0x0000000719000000 space 16384K,   0% used [0x0000000719000000, 0x000000071a000000)
AC   0  F    TS    11 PTAMS 0x000000071a000000 NTAMS 0x000000071a000000 space 16384K,   0% used [0x000000071a000000, 0x000000071b000000)
AC   0  F    TS    11 PTAMS 0x000000071b000000 NTAMS 0x000000071b000000 space 16384K,   0% used [0x000000071b000000, 0x000000071c000000)
AC   0  F    TS    11 PTAMS 0x000000071c000000 NTAMS 0x000000071c000000 space 16384K,   0% used [0x000000071c000000, 0x000000071d000000)
AC   0  F    TS    11 PTAMS 0x000000071d000000 NTAMS 0x000000071d000000 space 16384K,   0% used [0x000000071d000000, 0x000000071e000000)
AC   0  F    TS    11 PTAMS 0x000000071e000000 NTAMS 0x000000071e000000 space 16384K,   0% used [0x000000071e000000, 0x000000071f000000)
AC   0  F    TS    11 PTAMS 0x000000071f000000 NTAMS 0x000000071f000000 space 16384K,   0% used [0x000000071f000000, 0x0000000720000000)
AC   0  F    TS    11 PTAMS 0x0000000720000000 NTAMS 0x0000000720000000 space 16384K,   0% used [0x0000000720000000, 0x0000000721000000)
AC   0  F    TS    11 PTAMS 0x0000000721000000 NTAMS 0x0000000721000000 space 16384K,   0% used [0x0000000721000000, 0x0000000722000000)
AC   0  F    TS    11 PTAMS 0x0000000722000000 NTAMS 0x0000000722000000 space 16384K,   0% used [0x0000000722000000, 0x0000000723000000)
AC   0  F    TS    11 PTAMS 0x0000000723000000 NTAMS 0x0000000723000000 space 16384K,   0% used [0x0000000723000000, 0x0000000724000000)
AC   0  F    TS    11 PTAMS 0x0000000724000000 NTAMS 0x0000000724000000 space 16384K,   0% used [0x0000000724000000, 0x0000000725000000)
AC   0  F    TS    11 PTAMS 0x0000000725000000 NTAMS 0x0000000725000000 space 16384K,   0% used [0x0000000725000000, 0x0000000726000000)
AC   0  F    TS    11 PTAMS 0x0000000726000000 NTAMS 0x0000000726000000 space 16384K,   0% used [0x0000000726000000, 0x0000000727000000)
AC   0  F    TS    11 PTAMS 0x0000000727000000 NTAMS 0x0000000727000000 space 16384K,   0% used [0x0000000727000000, 0x0000000728000000)
AC   0  F    TS    11 PTAMS 0x0000000728000000 NTAMS 0x0000000728000000 space 16384K,   0% used [0x0000000728000000, 0x0000000729000000)
AC   0  F    TS    11 PTAMS 0x0000000729000000 NTAMS 0x0000000729000000 space 16384K,   0% used [0x0000000729000000, 0x000000072a000000)
AC   0  F    TS    11 PTAMS 0x000000072a000000 NTAMS 0x000000072a000000 space 16384K,   0% used [0x000000072a000000, 0x000000072b000000)
AC   0  F    TS    11 PTAMS 0x000000072b000000 NTAMS 0x000000072b000000 space 16384K,   0% used [0x000000072b000000, 0x000000072c000000)
AC   0  F    TS    11 PTAMS 0x000000072c000000 NTAMS 0x000000072c000000 space 16384K,   0% used [0x000000072c000000, 0x000000072d000000)
AC   0  F    TS    11 PTAMS 0x000000072d000000 NTAMS 0x000000072d000000 space 16384K,   0% used [0x000000072d000000, 0x000000072e000000)
AC   0  F    TS    11 PTAMS 0x000000072e000000 NTAMS 0x000000072e000000 space 16384K,   0% used [0x000000072e000000, 0x000000072f000000)
AC   0  F    TS    11 PTAMS 0x000000072f000000 NTAMS 0x000000072f000000 space 16384K,   0% used [0x000000072f000000, 0x0000000730000000)
AC   0  F    TS    13 PTAMS 0x0000000730000000 NTAMS 0x0000000730000000 space 16384K,   0% used [0x0000000730000000, 0x0000000731000000)
AC   0  F    TS    11 PTAMS 0x0000000731000000 NTAMS 0x0000000731000000 space 16384K,   0% used [0x0000000731000000, 0x0000000732000000)
AC   0  F    TS    11 PTAMS 0x0000000732000000 NTAMS 0x0000000732000000 space 16384K,   0% used [0x0000000732000000, 0x0000000733000000)
AC   0  F    TS    11 PTAMS 0x0000000733000000 NTAMS 0x0000000733000000 space 16384K,   0% used [0x0000000733000000, 0x0000000734000000)
AC   0  F    TS    11 PTAMS 0x0000000734000000 NTAMS 0x0000000734000000 space 16384K,   0% used [0x0000000734000000, 0x0000000735000000)
AC   0  F    TS    11 PTAMS 0x0000000735000000 NTAMS 0x0000000735000000 space 16384K,   0% used [0x0000000735000000, 0x0000000736000000)
AC   0  F    TS    11 PTAMS 0x0000000736000000 NTAMS 0x0000000736000000 space 16384K,   0% used [0x0000000736000000, 0x0000000737000000)
AC   0  F    TS    11 PTAMS 0x0000000737000000 NTAMS 0x0000000737000000 space 16384K,   0% used [0x0000000737000000, 0x0000000738000000)
AC   0  F    TS    13 PTAMS 0x0000000738000000 NTAMS 0x0000000738000000 space 16384K,   0% used [0x0000000738000000, 0x0000000739000000)
AC   0  F    TS    13 PTAMS 0x0000000739000000 NTAMS 0x0000000739000000 space 16384K,   0% used [0x0000000739000000, 0x000000073a000000)
AC   0  F    TS    13 PTAMS 0x000000073a000000 NTAMS 0x000000073a000000 space 16384K,   0% used [0x000000073a000000, 0x000000073b000000)
AC   0  F    TS    13 PTAMS 0x000000073b000000 NTAMS 0x000000073b000000 space 16384K,   0% used [0x000000073b000000, 0x000000073c000000)
AC   0  F    TS    13 PTAMS 0x000000073c000000 NTAMS 0x000000073c000000 space 16384K,   0% used [0x000000073c000000, 0x000000073d000000)
AC   0  F    TS    13 PTAMS 0x000000073d000000 NTAMS 0x000000073d000000 space 16384K,   0% used [0x000000073d000000, 0x000000073e000000)
AC   0  F    TS    13 PTAMS 0x000000073e000000 NTAMS 0x000000073e000000 space 16384K,   0% used [0x000000073e000000, 0x000000073f000000)
AC   0  F    TS    13 PTAMS 0x000000073f000000 NTAMS 0x000000073f000000 space 16384K,   0% used [0x000000073f000000, 0x0000000740000000)
AC   0  F    TS    13 PTAMS 0x0000000740000000 NTAMS 0x0000000740000000 space 16384K,   0% used [0x0000000740000000, 0x0000000741000000)
AC   0  F    TS    13 PTAMS 0x0000000741000000 NTAMS 0x0000000741000000 space 16384K,   0% used [0x0000000741000000, 0x0000000742000000)
AC   0  F    TS    13 PTAMS 0x0000000742000000 NTAMS 0x0000000742000000 space 16384K,   0% used [0x0000000742000000, 0x0000000743000000)
AC   0  F    TS    13 PTAMS 0x0000000743000000 NTAMS 0x0000000743000000 space 16384K,   0% used [0x0000000743000000, 0x0000000744000000)
AC   0  F    TS    13 PTAMS 0x0000000744000000 NTAMS 0x0000000744000000 space 16384K,   0% used [0x0000000744000000, 0x0000000745000000)
AC   0  F    TS    13 PTAMS 0x0000000745000000 NTAMS 0x0000000745000000 space 16384K,   0% used [0x0000000745000000, 0x0000000746000000)
AC   0  F    TS    13 PTAMS 0x0000000746000000 NTAMS 0x0000000746000000 space 16384K,   0% used [0x0000000746000000, 0x0000000747000000)
AC   0  F    TS    13 PTAMS 0x0000000747000000 NTAMS 0x0000000747000000 space 16384K,   0% used [0x0000000747000000, 0x0000000748000000)
AC   0  F    TS    13 PTAMS 0x0000000748000000 NTAMS 0x0000000748000000 space 16384K,   0% used [0x0000000748000000, 0x0000000749000000)
AC   0  F    TS    13 PTAMS 0x0000000749000000 NTAMS 0x0000000749000000 space 16384K,   0% used [0x0000000749000000, 0x000000074a000000)
AC   0  F    TS    13 PTAMS 0x000000074a000000 NTAMS 0x000000074a000000 space 16384K,   0% used [0x000000074a000000, 0x000000074b000000)
AC   0  F    TS    13 PTAMS 0x000000074b000000 NTAMS 0x000000074b000000 space 16384K,   0% used [0x000000074b000000, 0x000000074c000000)
AC   0  F    TS    15 PTAMS 0x000000074c000000 NTAMS 0x000000074c000000 space 16384K,   0% used [0x000000074c000000, 0x000000074d000000)
AC   0  F    TS    13 PTAMS 0x000000074d000000 NTAMS 0x000000074d000000 space 16384K,   0% used [0x000000074d000000, 0x000000074e000000)
AC   0  F    TS    13 PTAMS 0x000000074e000000 NTAMS 0x000000074e000000 space 16384K,   0% used [0x000000074e000000, 0x000000074f000000)
AC   0  F    TS    13 PTAMS 0x000000074f000000 NTAMS 0x000000074f000000 space 16384K,   0% used [0x000000074f000000, 0x0000000750000000)
AC   0  F    TS    13 PTAMS 0x0000000750000000 NTAMS 0x0000000750000000 space 16384K,   0% used [0x0000000750000000, 0x0000000751000000)
AC   0  F    TS    13 PTAMS 0x0000000751000000 NTAMS 0x0000000751000000 space 16384K,   0% used [0x0000000751000000, 0x0000000752000000)
AC   0  F    TS    13 PTAMS 0x0000000752000000 NTAMS 0x0000000752000000 space 16384K,   0% used [0x0000000752000000, 0x0000000753000000)
AC   0  F    TS    13 PTAMS 0x0000000753000000 NTAMS 0x0000000753000000 space 16384K,   0% used [0x0000000753000000, 0x0000000754000000)
AC   0  F    TS    15 PTAMS 0x0000000754000000 NTAMS 0x0000000754000000 space 16384K,   0% used [0x0000000754000000, 0x0000000755000000)
AC   0  F    TS    15 PTAMS 0x0000000755000000 NTAMS 0x0000000755000000 space 16384K,   0% used [0x0000000755000000, 0x0000000756000000)
AC   0  F    TS    15 PTAMS 0x0000000756000000 NTAMS 0x0000000756000000 space 16384K,   0% used [0x0000000756000000, 0x0000000757000000)
AC   0  F    TS    15 PTAMS 0x0000000757000000 NTAMS 0x0000000757000000 space 16384K,   0% used [0x0000000757000000, 0x0000000758000000)
AC   0  F    TS    15 PTAMS 0x0000000758000000 NTAMS 0x0000000758000000 space 16384K,   0% used [0x0000000758000000, 0x0000000759000000)
AC   0  F    TS    15 PTAMS 0x0000000759000000 NTAMS 0x0000000759000000 space 16384K,   0% used [0x0000000759000000, 0x000000075a000000)
AC   0  F    TS    15 PTAMS 0x000000075a000000 NTAMS 0x000000075a000000 space 16384K,   0% used [0x000000075a000000, 0x000000075b000000)
AC   0  F    TS    15 PTAMS 0x000000075b000000 NTAMS 0x000000075b000000 space 16384K,   0% used [0x000000075b000000, 0x000000075c000000)
AC   0  F    TS    15 PTAMS 0x000000075c000000 NTAMS 0x000000075c000000 space 16384K,   0% used [0x000000075c000000, 0x000000075d000000)
AC   0  F    TS    15 PTAMS 0x000000075d000000 NTAMS 0x000000075d000000 space 16384K,   0% used [0x000000075d000000, 0x000000075e000000)
AC   0  F    TS    15 PTAMS 0x000000075e000000 NTAMS 0x000000075e000000 space 16384K,   0% used [0x000000075e000000, 0x000000075f000000)
AC   0  F    TS    15 PTAMS 0x000000075f000000 NTAMS 0x000000075f000000 space 16384K,   0% used [0x000000075f000000, 0x0000000760000000)
AC   0  F    TS    15 PTAMS 0x0000000760000000 NTAMS 0x0000000760000000 space 16384K,   0% used [0x0000000760000000, 0x0000000761000000)
AC   0  F    TS    17 PTAMS 0x0000000761000000 NTAMS 0x0000000761000000 space 16384K,   0% used [0x0000000761000000, 0x0000000762000000)
AC   0  F    TS    15 PTAMS 0x0000000762000000 NTAMS 0x0000000762000000 space 16384K,   0% used [0x0000000762000000, 0x0000000763000000)
AC   0  F    TS    15 PTAMS 0x0000000763000000 NTAMS 0x0000000763000000 space 16384K,   0% used [0x0000000763000000, 0x0000000764000000)
AC   0  F    TS    15 PTAMS 0x0000000764000000 NTAMS 0x0000000764000000 space 16384K,   0% used [0x0000000764000000, 0x0000000765000000)
AC   0  F    TS    15 PTAMS 0x0000000765000000 NTAMS 0x0000000765000000 space 16384K,   0% used [0x0000000765000000, 0x0000000766000000)
AC   0  F    TS    15 PTAMS 0x0000000766000000 NTAMS 0x0000000766000000 space 16384K,   0% used [0x0000000766000000, 0x0000000767000000)
AC   0  F    TS    15 PTAMS 0x0000000767000000 NTAMS 0x0000000767000000 space 16384K,   0% used [0x0000000767000000, 0x0000000768000000)
AC   0  F    TS    15 PTAMS 0x0000000768000000 NTAMS 0x0000000768000000 space 16384K,   0% used [0x0000000768000000, 0x0000000769000000)
AC   0  F    TS    15 PTAMS 0x0000000769000000 NTAMS 0x0000000769000000 space 16384K,   0% used [0x0000000769000000, 0x000000076a000000)
AC   0  F    TS    17 PTAMS 0x000000076a000000 NTAMS 0x000000076a000000 space 16384K,   0% used [0x000000076a000000, 0x000000076b000000)
AC   0  F    TS    17 PTAMS 0x000000076b000000 NTAMS 0x000000076b000000 space 16384K,   0% used [0x000000076b000000, 0x000000076c000000)
AC   0  F    TS    17 PTAMS 0x000000076c000000 NTAMS 0x000000076c000000 space 16384K,   0% used [0x000000076c000000, 0x000000076d000000)
AC   0  F    TS    17 PTAMS 0x000000076d000000 NTAMS 0x000000076d000000 space 16384K,   0% used [0x000000076d000000, 0x000000076e000000)
AC   0  F    TS    17 PTAMS 0x000000076e000000 NTAMS 0x000000076e000000 space 16384K,   0% used [0x000000076e000000, 0x000000076f000000)
AC   0  F    TS    17 PTAMS 0x000000076f000000 NTAMS 0x000000076f000000 space 16384K,   0% used [0x000000076f000000, 0x0000000770000000)
AC   0  F    TS    17 PTAMS 0x0000000770000000 NTAMS 0x0000000770000000 space 16384K,   0% used [0x0000000770000000, 0x0000000771000000)
AC   0  F    TS    17 PTAMS 0x0000000771000000 NTAMS 0x0000000771000000 space 16384K,   0% used [0x0000000771000000, 0x0000000772000000)
AC   0  F    TS    17 PTAMS 0x0000000772000000 NTAMS 0x0000000772000000 space 16384K,   0% used [0x0000000772000000, 0x0000000773000000)
AC   0  F    TS    19 PTAMS 0x0000000773000000 NTAMS 0x0000000773000000 space 16384K,   0% used [0x0000000773000000, 0x0000000774000000)
AC   0  F    TS    17 PTAMS 0x0000000774000000 NTAMS 0x0000000774000000 space 16384K,   0% used [0x0000000774000000, 0x0000000775000000)
AC   0  F    TS    17 PTAMS 0x0000000775000000 NTAMS 0x0000000775000000 space 16384K,   0% used [0x0000000775000000, 0x0000000776000000)
AC   0  F    TS    17 PTAMS 0x0000000776000000 NTAMS 0x0000000776000000 space 16384K,   0% used [0x0000000776000000, 0x0000000777000000)
AC   0  F    TS    17 PTAMS 0x0000000777000000 NTAMS 0x0000000777000000 space 16384K,   0% used [0x0000000777000000, 0x0000000778000000)
AC   0  F    TS    17 PTAMS 0x0000000778000000 NTAMS 0x0000000778000000 space 16384K,   0% used [0x0000000778000000, 0x0000000779000000)
AC   0  F    TS    17 PTAMS 0x0000000779000000 NTAMS 0x0000000779000000 space 16384K,   0% used [0x0000000779000000, 0x000000077a000000)
AC   0  F    TS    17 PTAMS 0x000000077a000000 NTAMS 0x000000077a000000 space 16384K,   0% used [0x000000077a000000, 0x000000077b000000)
AC   0  F    TS    17 PTAMS 0x000000077b000000 NTAMS 0x000000077b000000 space 16384K,   0% used [0x000000077b000000, 0x000000077c000000)
AC   0  F    TS    19 PTAMS 0x000000077c000000 NTAMS 0x000000077c000000 space 16384K,   0% used [0x000000077c000000, 0x000000077d000000)
AC   0  F    TS    19 PTAMS 0x000000077d000000 NTAMS 0x000000077d000000 space 16384K,   0% used [0x000000077d000000, 0x000000077e000000)
AC   0  F    TS    19 PTAMS 0x000000077e000000 NTAMS 0x000000077e000000 space 16384K,   0% used [0x000000077e000000, 0x000000077f000000)
AC   0  F    TS    19 PTAMS 0x000000077f000000 NTAMS 0x000000077f000000 space 16384K,   0% used [0x000000077f000000, 0x0000000780000000)
AC   0  S CS TS    33 PTAMS 0x0000000780000000 NTAMS 0x0000000780000000 space 16384K,  38% used [0x0000000780000000, 0x0000000781000000)
AC   0  F    TS    31 PTAMS 0x0000000781000000 NTAMS 0x0000000781000000 space 16384K,   0% used [0x0000000781000000, 0x0000000782000000)
AC   0  F    TS    29 PTAMS 0x0000000782000000 NTAMS 0x0000000782000000 space 16384K,   0% used [0x0000000782000000, 0x0000000783000000)
AC   0  F    TS    19 PTAMS 0x0000000783000000 NTAMS 0x0000000783000000 space 16384K,   0% used [0x0000000783000000, 0x0000000784000000)
AC   0  F    TS    19 PTAMS 0x0000000784000000 NTAMS 0x0000000784000000 space 16384K,   0% used [0x0000000784000000, 0x0000000785000000)
AC   0  F    TS    19 PTAMS 0x0000000785000000 NTAMS 0x0000000785000000 space 16384K,   0% used [0x0000000785000000, 0x0000000786000000)
AC   0  F    TS    19 PTAMS 0x0000000786000000 NTAMS 0x0000000786000000 space 16384K,   0% used [0x0000000786000000, 0x0000000787000000)
AC   0  E    TS    19 PTAMS 0x0000000787000000 NTAMS 0x0000000787000000 space 16384K,  63% used [0x0000000787000000, 0x0000000788000000)
AC   0  E CS TS    19 PTAMS 0x0000000788000000 NTAMS 0x0000000788000000 space 16384K, 100% used [0x0000000788000000, 0x0000000789000000)
AC   0  E CS TS    19 PTAMS 0x0000000789000000 NTAMS 0x0000000789000000 space 16384K, 100% used [0x0000000789000000, 0x000000078a000000)

Card table byte_map: [0x00000235f65f0000,0x00000235f7590000] byte_map_base: 0x00000235f3788000

Marking Bits (Prev, Next): (CMBitMap*) 0x00000235f217c318, (CMBitMap*) 0x00000235f217c370
 Prev Bits: [0x000002358f000000, 0x0000023596cc0000)
 Next Bits: [0x0000023596cc0000, 0x000002359e980000)

Polling page: 0x00000235f2210000

CodeCache: size=245760Kb used=90529Kb max_used=90570Kb free=155230Kb
 bounds [0x0000023580000000, 0x0000023585910000, 0x000002358f000000]
 total_blobs=25819 nmethods=23955 adapters=1768
 compilation: enabled

Compilation events (10 events):
Event: 2717.101 Thread 0x00000235fca2f800 39704       3       net.minecraft.class_1044::method_4528 (52 bytes)
Event: 2717.102 Thread 0x00000235fca2f800 nmethod 39704 0x00000235858f9c50 code [0x00000235858f9ea0, 0x00000235858fac90]
Event: 2717.104 Thread 0x00000235fca2f800 39705   !   3       net.minecraft.class_1060::method_30299 (32 bytes)
Event: 2717.105 Thread 0x00000235fca2f800 nmethod 39705 0x00000235858f8f10 code [0x00000235858f90e0, 0x00000235858f9830]
Event: 2717.107 Thread 0x00000235fca2f800 39707       3       java.util.concurrent.ForkJoinPool$WorkQueue::cancelAll (53 bytes)
Event: 2717.108 Thread 0x00000235fca2f800 nmethod 39707 0x00000235858f7dd0 code [0x00000235858f7fe0, 0x00000235858f8ba0]
Event: 2717.111 Thread 0x00000235fca2f800 39708   !   3       java.util.concurrent.ForkJoinPool::tryTerminate (559 bytes)
Event: 2717.112 Thread 0x00000235fca2f800 nmethod 39708 0x00000235857801d0 code [0x00000235857804a0, 0x0000023585781b30]
Event: 2717.112 Thread 0x00000235fca2f800 39706       3       java.util.concurrent.ForkJoinPool$WorkQueue::poll (107 bytes)
Event: 2717.112 Thread 0x00000235fca2f800 nmethod 39706 0x000002358480dcd0 code [0x000002358480de60, 0x000002358480e378]

GC Heap History (10 events):
Event: 2704.510 GC heap before
{Heap before GC invocations=1726 (full 3):
 garbage-first heap   total 7290880K, used 673350K [0x00000005cd000000, 0x00000005ce000de8, 0x00000007c0000000)
  region size 16384K, 8 young (131072K), 1 survivors (16384K)
 Metaspace       used 100876K, capacity 114649K, committed 114680K, reserved 1148928K
  class space    used 13303K, capacity 16120K, committed 16120K, reserved 1048576K
Event: 2704.518 GC heap after
Heap after GC invocations=1727 (full 3):
 garbage-first heap   total 7290880K, used 558884K [0x00000005cd000000, 0x00000005ce000de8, 0x00000007c0000000)
  region size 16384K, 1 young (16384K), 1 survivors (16384K)
 Metaspace       used 100876K, capacity 114649K, committed 114680K, reserved 1148928K
  class space    used 13303K, capacity 16120K, committed 16120K, reserved 1048576K
}
Event: 2707.519 GC heap before
{Heap before GC invocations=1727 (full 3):
 garbage-first heap   total 7290880K, used 673572K [0x00000005cd000000, 0x00000005ce000de8, 0x00000007c0000000)
  region size 16384K, 8 young (131072K), 1 survivors (16384K)
 Metaspace       used 100876K, capacity 114649K, committed 114680K, reserved 1148928K
  class space    used 13303K, capacity 16120K, committed 16120K, reserved 1048576K
Event: 2707.526 GC heap after
Heap after GC invocations=1728 (full 3):
 garbage-first heap   total 7290880K, used 559581K [0x00000005cd000000, 0x00000005ce000de8, 0x00000007c0000000)
  region size 16384K, 1 young (16384K), 1 survivors (16384K)
 Metaspace       used 100876K, capacity 114649K, committed 114680K, reserved 1148928K
  class space    used 13303K, capacity 16120K, committed 16120K, reserved 1048576K
}
Event: 2710.600 GC heap before
{Heap before GC invocations=1728 (full 3):
 garbage-first heap   total 7290880K, used 674269K [0x00000005cd000000, 0x00000005ce000de8, 0x00000007c0000000)
  region size 16384K, 8 young (131072K), 1 survivors (16384K)
 Metaspace       used 100877K, capacity 114649K, committed 114680K, reserved 1148928K
  class space    used 13303K, capacity 16120K, committed 16120K, reserved 1048576K
Event: 2710.609 GC heap after
Heap after GC invocations=1729 (full 3):
 garbage-first heap   total 7290880K, used 560218K [0x00000005cd000000, 0x00000005ce000de8, 0x00000007c0000000)
  region size 16384K, 1 young (16384K), 1 survivors (16384K)
 Metaspace       used 100877K, capacity 114649K, committed 114680K, reserved 1148928K
  class space    used 13303K, capacity 16120K, committed 16120K, reserved 1048576K
}
Event: 2713.698 GC heap before
{Heap before GC invocations=1729 (full 3):
 garbage-first heap   total 7290880K, used 674906K [0x00000005cd000000, 0x00000005ce000de8, 0x00000007c0000000)
  region size 16384K, 8 young (131072K), 1 survivors (16384K)
 Metaspace       used 100877K, capacity 114649K, committed 114680K, reserved 1148928K
  class space    used 13303K, capacity 16120K, committed 16120K, reserved 1048576K
Event: 2713.706 GC heap after
Heap after GC invocations=1730 (full 3):
 garbage-first heap   total 7290880K, used 558767K [0x00000005cd000000, 0x00000005ce000de8, 0x00000007c0000000)
  region size 16384K, 1 young (16384K), 1 survivors (16384K)
 Metaspace       used 100877K, capacity 114649K, committed 114680K, reserved 1148928K
  class space    used 13303K, capacity 16120K, committed 16120K, reserved 1048576K
}
Event: 2716.859 GC heap before
{Heap before GC invocations=1730 (full 3):
 garbage-first heap   total 7290880K, used 673455K [0x00000005cd000000, 0x00000005ce000de8, 0x00000007c0000000)
  region size 16384K, 9 young (147456K), 1 survivors (16384K)
 Metaspace       used 100877K, capacity 114649K, committed 114680K, reserved 1148928K
  class space    used 13303K, capacity 16120K, committed 16120K, reserved 1048576K
Event: 2716.875 GC heap after
Heap after GC invocations=1731 (full 3):
 garbage-first heap   total 7290880K, used 559663K [0x00000005cd000000, 0x00000005ce000de8, 0x00000007c0000000)
  region size 16384K, 1 young (16384K), 1 survivors (16384K)
 Metaspace       used 100877K, capacity 114649K, committed 114680K, reserved 1148928K
  class space    used 13303K, capacity 16120K, committed 16120K, reserved 1048576K
}

Deoptimization events (10 events):
Event: 2717.107 Thread 0x0000023634bd2000 Uncommon trap: reason=unstable_if action=reinterpret pc=0x0000023584f2fc5c method=java.util.concurrent.SynchronousQueue$TransferStack.awaitFulfill(Ljava/util/concurrent/SynchronousQueue$TransferStack$SNode;ZJ)Ljava/util/concurrent/SynchronousQueue$Transfe
Event: 2717.107 Thread 0x0000023634bcc000 Uncommon trap: reason=unstable_if action=reinterpret pc=0x0000023584f2fc5c method=java.util.concurrent.SynchronousQueue$TransferStack.awaitFulfill(Ljava/util/concurrent/SynchronousQueue$TransferStack$SNode;ZJ)Ljava/util/concurrent/SynchronousQueue$Transfe
Event: 2717.107 Thread 0x0000023634bc8000 Uncommon trap: reason=unstable_if action=reinterpret pc=0x0000023584f2fc5c method=java.util.concurrent.SynchronousQueue$TransferStack.awaitFulfill(Ljava/util/concurrent/SynchronousQueue$TransferStack$SNode;ZJ)Ljava/util/concurrent/SynchronousQueue$Transfe
Event: 2717.107 Thread 0x0000023634bcc000 Uncommon trap: reason=unloaded action=reinterpret pc=0x00000235830d3980 method=java.util.concurrent.SynchronousQueue.poll(JLjava/util/concurrent/TimeUnit;)Ljava/lang/Object; @ 30
Event: 2717.107 Thread 0x0000023634bc9000 Uncommon trap: reason=unloaded action=reinterpret pc=0x00000235830d3980 method=java.util.concurrent.SynchronousQueue.poll(JLjava/util/concurrent/TimeUnit;)Ljava/lang/Object; @ 30
Event: 2717.107 Thread 0x0000023634bd2000 Uncommon trap: reason=unloaded action=reinterpret pc=0x00000235830d3980 method=java.util.concurrent.SynchronousQueue.poll(JLjava/util/concurrent/TimeUnit;)Ljava/lang/Object; @ 30
Event: 2717.107 Thread 0x0000023634bc8000 Uncommon trap: reason=unloaded action=reinterpret pc=0x00000235830d3980 method=java.util.concurrent.SynchronousQueue.poll(JLjava/util/concurrent/TimeUnit;)Ljava/lang/Object; @ 30
Event: 2717.108 Thread 0x0000023634bc9000 Uncommon trap: reason=unstable_if action=reinterpret pc=0x0000023583808c34 method=java.util.concurrent.locks.AbstractQueuedSynchronizer.acquireQueued(Ljava/util/concurrent/locks/AbstractQueuedSynchronizer$Node;I)Z @ 70
Event: 2717.108 Thread 0x0000023634bcc000 Uncommon trap: reason=unstable_if action=reinterpret pc=0x00000235831de270 method=java.util.concurrent.ThreadPoolExecutor.runStateAtLeast(II)Z @ 2
Event: 2717.108 Thread 0x00000235f20f2800 Uncommon trap: reason=unstable_if action=reinterpret pc=0x00000235831de270 method=java.util.concurrent.ThreadPoolExecutor.runStateAtLeast(II)Z @ 2

Classes redefined (0 events):
No events

Internal exceptions (10 events):
Event: 2695.981 Thread 0x0000023634bc7800 Exception <a 'java/lang/NullPointerException'> (0x0000000764e306c8) thrown at [C:\jenkins\workspace\8-2-build-windows-amd64-cygwin\jdk8u261\295\hotspot\src\share\vm\runtime\sharedRuntime.cpp, line 1088]
Event: 2695.982 Thread 0x0000023634bc7800 Exception <a 'java/io/IOException'> (0x0000000764f9c170) thrown at [C:\jenkins\workspace\8-2-build-windows-amd64-cygwin\jdk8u261\295\hotspot\src\share\vm\prims\jni.cpp, line 710]
Event: 2695.982 Thread 0x0000023634bc7800 Exception <a 'java/lang/NullPointerException'> (0x0000000764fcdb70) thrown at [C:\jenkins\workspace\8-2-build-windows-amd64-cygwin\jdk8u261\295\hotspot\src\share\vm\runtime\sharedRuntime.cpp, line 1088]
Event: 2695.982 Thread 0x0000023634bc7800 Exception <a 'java/lang/NullPointerException'> (0x0000000764fd9dc0) thrown at [C:\jenkins\workspace\8-2-build-windows-amd64-cygwin\jdk8u261\295\hotspot\src\share\vm\runtime\sharedRuntime.cpp, line 1088]
Event: 2695.983 Thread 0x0000023634bc7800 Exception <a 'java/io/IOException'> (0x0000000764fe02c8) thrown at [C:\jenkins\workspace\8-2-build-windows-amd64-cygwin\jdk8u261\295\hotspot\src\share\vm\prims\jni.cpp, line 710]
Event: 2696.004 Thread 0x0000023634bc7800 Exception <a 'java/lang/NullPointerException'> (0x000000076365c520) thrown at [C:\jenkins\workspace\8-2-build-windows-amd64-cygwin\jdk8u261\295\hotspot\src\share\vm\runtime\sharedRuntime.cpp, line 1088]
Event: 2696.004 Thread 0x0000023634bc7800 Exception <a 'java/lang/NullPointerException'> (0x0000000763668bf8) thrown at [C:\jenkins\workspace\8-2-build-windows-amd64-cygwin\jdk8u261\295\hotspot\src\share\vm\runtime\sharedRuntime.cpp, line 1088]
Event: 2696.006 Thread 0x0000023634bc7800 Exception <a 'java/io/IOException'> (0x000000076366f240) thrown at [C:\jenkins\workspace\8-2-build-windows-amd64-cygwin\jdk8u261\295\hotspot\src\share\vm\prims\jni.cpp, line 710]
Event: 2717.108 Thread 0x00000235f20f2800 Exception <a 'java/lang/NullPointerException'> (0x000000078754b390) thrown at [C:\jenkins\workspace\8-2-build-windows-amd64-cygwin\jdk8u261\295\hotspot\src\share\vm\runtime\sharedRuntime.cpp, line 1088]
Event: 2717.109 Thread 0x00000235f20f2800 Exception <a 'java/lang/NullPointerException'> (0x0000000787551880) thrown at [C:\jenkins\workspace\8-2-build-windows-amd64-cygwin\jdk8u261\295\hotspot\src\share\vm\runtime\sharedRuntime.cpp, line 1088]

Events (10 events):
Event: 2717.109 loading class org/lwjgl/glfw/Callbacks
Event: 2717.109 loading class org/lwjgl/glfw/Callbacks done
Event: 2717.110 Thread 0x00000235fca2f800 flushing nmethod 0x0000023585773690
Event: 2717.198 Thread 0x00000235dd88a800 Thread added: 0x00000235dd88a800
Event: 2717.198 Thread 0x00000235dd889000 Thread added: 0x00000235dd889000
Event: 2717.198 Thread 0x00000235dd890800 Thread added: 0x00000235dd890800
Event: 2717.198 Thread 0x00000235dd891800 Thread added: 0x00000235dd891800
Event: 2717.198 Thread 0x0000023634bc8000 Thread added: 0x0000023634bc8000
Event: 2717.198 Thread 0x0000023634bcc800 Thread added: 0x0000023634bcc800
Event: 2717.198 Thread 0x00000235dd890800 Thread exited: 0x00000235dd890800


Dynamic libraries:
0x00007ff76a8e0000 - 0x00007ff76a927000 	C:\Program Files\Java\jre1.8.0_261\bin\java.exe
0x00007ffc9c740000 - 0x00007ffc9c930000 	C:\Windows\SYSTEM32\ntdll.dll
0x00007ffc9c2b0000 - 0x00007ffc9c362000 	C:\Windows\System32\KERNEL32.DLL
0x00007ffc998f0000 - 0x00007ffc99b95000 	C:\Windows\System32\KERNELBASE.dll
0x00007ffc9c1a0000 - 0x00007ffc9c243000 	C:\Windows\System32\ADVAPI32.dll
0x00007ffc9a850000 - 0x00007ffc9a8ee000 	C:\Windows\System32\msvcrt.dll
0x00007ffc9b4c0000 - 0x00007ffc9b557000 	C:\Windows\System32\sechost.dll
0x00007ffc9afb0000 - 0x00007ffc9b0cf000 	C:\Windows\System32\RPCRT4.dll
0x00007ffc9a8f0000 - 0x00007ffc9aa84000 	C:\Windows\System32\USER32.dll
0x00007ffc998c0000 - 0x00007ffc998e1000 	C:\Windows\System32\win32u.dll
0x00007ffc9b3c0000 - 0x00007ffc9b3e6000 	C:\Windows\System32\GDI32.dll
0x00007ffc9a5a0000 - 0x00007ffc9a738000 	C:\Windows\System32\gdi32full.dll
0x00007ffc9a500000 - 0x00007ffc9a59e000 	C:\Windows\System32\msvcp_win.dll
0x00007ffc99ba0000 - 0x00007ffc99c9a000 	C:\Windows\System32\ucrtbase.dll
0x00007ffc7cdb0000 - 0x00007ffc7d034000 	C:\Windows\WinSxS\amd64_microsoft.windows.common-controls_6595b64144ccf1df_6.0.18362.1440_none_9e7dbfb9e45e8e67\COMCTL32.dll
0x00007ffc9be60000 - 0x00007ffc9c196000 	C:\Windows\System32\combase.dll
0x00007ffc9a470000 - 0x00007ffc9a4f1000 	C:\Windows\System32\bcryptPrimitives.dll
0x00007ffc9af00000 - 0x00007ffc9af2e000 	C:\Windows\System32\IMM32.DLL
0x00007ffc89770000 - 0x00007ffc89785000 	C:\Program Files\Java\jre1.8.0_261\bin\vcruntime140.dll
0x00007ffc5df10000 - 0x00007ffc5dfab000 	C:\Program Files\Java\jre1.8.0_261\bin\msvcp140.dll
0x0000000073c40000 - 0x00000000744ac000 	C:\Program Files\Java\jre1.8.0_261\bin\server\jvm.dll
0x00007ffc9bda0000 - 0x00007ffc9bda8000 	C:\Windows\System32\PSAPI.DLL
0x00007ffc8b060000 - 0x00007ffc8b069000 	C:\Windows\SYSTEM32\WSOCK32.dll
0x00007ffc90c00000 - 0x00007ffc90c0a000 	C:\Windows\SYSTEM32\VERSION.dll
0x00007ffc7d990000 - 0x00007ffc7d9b4000 	C:\Windows\SYSTEM32\WINMM.dll
0x00007ffc9bd30000 - 0x00007ffc9bd9f000 	C:\Windows\System32\WS2_32.dll
0x00007ffc83be0000 - 0x00007ffc83c0d000 	C:\Windows\SYSTEM32\winmmbase.dll
0x00007ffc9a420000 - 0x00007ffc9a46a000 	C:\Windows\System32\cfgmgr32.dll
0x00007ffc99690000 - 0x00007ffc996a1000 	C:\Windows\System32\kernel.appcore.dll
0x00007ffc8a7d0000 - 0x00007ffc8a7e0000 	C:\Program Files\Java\jre1.8.0_261\bin\verify.dll
0x00007ffc87250000 - 0x00007ffc8727b000 	C:\Program Files\Java\jre1.8.0_261\bin\java.dll
0x00007ffc89660000 - 0x00007ffc89678000 	C:\Program Files\Java\jre1.8.0_261\bin\zip.dll
0x00007ffc9b560000 - 0x00007ffc9bc48000 	C:\Windows\System32\SHELL32.dll
0x00007ffc9bdb0000 - 0x00007ffc9be57000 	C:\Windows\System32\shcore.dll
0x00007ffc99ca0000 - 0x00007ffc9a41b000 	C:\Windows\System32\windows.storage.dll
0x00007ffc99600000 - 0x00007ffc9961e000 	C:\Windows\System32\profapi.dll
0x00007ffc99620000 - 0x00007ffc9966a000 	C:\Windows\System32\powrprof.dll
0x00007ffc995f0000 - 0x00007ffc99600000 	C:\Windows\System32\UMPDC.dll
0x00007ffc9a7f0000 - 0x00007ffc9a842000 	C:\Windows\System32\shlwapi.dll
0x00007ffc9a7a0000 - 0x00007ffc9a7b7000 	C:\Windows\System32\cryptsp.dll
0x00007ffc8a120000 - 0x00007ffc8a12d000 	C:\Program Files\Java\jre1.8.0_261\bin\management.dll
0x00007ffc893f0000 - 0x00007ffc8940c000 	C:\Program Files\Java\jre1.8.0_261\bin\net.dll
0x00007ffc98e30000 - 0x00007ffc98e97000 	C:\Windows\system32\mswsock.dll
0x00007ffc8c030000 - 0x00007ffc8c046000 	C:\Windows\system32\napinsp.dll
0x00007ffc76870000 - 0x00007ffc7688a000 	C:\Windows\system32\pnrpnsp.dll
0x00007ffc98b90000 - 0x00007ffc98c5b000 	C:\Windows\SYSTEM32\DNSAPI.dll
0x00007ffc9bc50000 - 0x00007ffc9bc58000 	C:\Windows\System32\NSI.dll
0x00007ffc98b40000 - 0x00007ffc98b7a000 	C:\Windows\SYSTEM32\IPHLPAPI.DLL
0x00007ffc77190000 - 0x00007ffc7719e000 	C:\Windows\System32\winrnr.dll
0x00007ffc91de0000 - 0x00007ffc91dfc000 	C:\Windows\system32\NLAapi.dll
0x00007ffc91c80000 - 0x00007ffc91c95000 	C:\Windows\system32\wshbth.dll
0x00007ffc8f690000 - 0x00007ffc8f69a000 	C:\Windows\System32\rasadhlp.dll
0x00007ffc8f400000 - 0x00007ffc8f477000 	C:\Windows\System32\fwpuclnt.dll
0x00007ffc9a7c0000 - 0x00007ffc9a7e6000 	C:\Windows\System32\bcrypt.dll
0x00007ffc88a50000 - 0x00007ffc88a63000 	C:\Program Files\Java\jre1.8.0_261\bin\nio.dll
0x00007ffc989b0000 - 0x00007ffc989e3000 	C:\Windows\system32\rsaenh.dll
0x00007ffc994d0000 - 0x00007ffc994f5000 	C:\Windows\SYSTEM32\USERENV.dll
0x00007ffc99000000 - 0x00007ffc9900c000 	C:\Windows\SYSTEM32\CRYPTBASE.dll
0x00007ffc901a0000 - 0x00007ffc901b6000 	C:\Windows\SYSTEM32\dhcpcsvc6.DLL
0x00007ffc90b70000 - 0x00007ffc90b8c000 	C:\Windows\SYSTEM32\dhcpcsvc.DLL
0x00007ffc87190000 - 0x00007ffc871b4000 	C:\Program Files\Java\jre1.8.0_261\bin\sunec.dll
0x00007ffc5e4a0000 - 0x00007ffc5e512000 	C:\Users\YanZY\Desktop\Minecraft 1.16.3 - Fabric\.minecraft\versions\1.16.3 Fabric\natives\lwjgl.dll
0x00007ffc6da10000 - 0x00007ffc6da6e000 	C:\Users\YanZY\Desktop\Minecraft 1.16.3 - Fabric\.minecraft\versions\1.16.3 Fabric\natives\glfw.dll
0x00007ffc531f0000 - 0x00007ffc53441000 	C:\Users\YanZY\Desktop\Minecraft 1.16.3 - Fabric\.minecraft\versions\1.16.3 Fabric\natives\jemalloc.dll
0x00007ffc97560000 - 0x00007ffc975f9000 	C:\Windows\system32\uxtheme.dll
0x00007ffc993d0000 - 0x00007ffc993fa000 	C:\Windows\SYSTEM32\DEVOBJ.dll
0x00007ffc97970000 - 0x00007ffc9799d000 	C:\Windows\SYSTEM32\dwmapi.dll
0x00007ffc5d380000 - 0x00007ffc5d3ff000 	C:\Users\YanZY\Desktop\Minecraft 1.16.3 - Fabric\.minecraft\versions\1.16.3 Fabric\natives\lwjgl_stb.dll
0x00007ffc9b1c0000 - 0x00007ffc9b2f5000 	C:\Windows\System32\MSCTF.dll
0x00007ffc9b3f0000 - 0x00007ffc9b4b5000 	C:\Windows\System32\OLEAUT32.dll
0x00007ffc788d0000 - 0x00007ffc789ec000 	C:\Windows\SYSTEM32\inputhost.dll
0x00007ffc793f0000 - 0x00007ffc7971a000 	C:\Windows\SYSTEM32\CoreUIComponents.dll
0x00007ffc92d10000 - 0x00007ffc92e00000 	C:\Windows\SYSTEM32\PROPSYS.dll
0x00007ffc91fe0000 - 0x00007ffc92132000 	C:\Windows\SYSTEM32\wintypes.dll
0x00007ffc98790000 - 0x00007ffc987c1000 	C:\Windows\SYSTEM32\ntmarta.dll
0x00007ffc94050000 - 0x00007ffc94124000 	C:\Windows\SYSTEM32\CoreMessaging.dll
0x00007ffc667e0000 - 0x00007ffc66936000 	C:\Windows\SYSTEM32\opengl32.dll
0x00007ffc68320000 - 0x00007ffc6834c000 	C:\Windows\SYSTEM32\GLU32.dll
0x00007ffc98230000 - 0x00007ffc98250000 	C:\Windows\SYSTEM32\dxcore.dll
0x00007ffc32ee0000 - 0x00007ffc33e3c000 	C:\Windows\System32\DriverStore\FileRepository\iigd_dch.inf_amd64_bbd2c587f8c21bc5\ig9icd64.dll
0x00007ffc9c540000 - 0x00007ffc9c697000 	C:\Windows\System32\OLE32.DLL
0x00007ffc982c0000 - 0x00007ffc983ab000 	C:\Windows\system32\dxgi.dll
0x00007ffc72590000 - 0x00007ffc748e6000 	C:\Windows\System32\DriverStore\FileRepository\iigd_dch.inf_amd64_bbd2c587f8c21bc5\igc64.dll
0x00007ffc8d5e0000 - 0x00007ffc8d67d000 	C:\Windows\System32\TextInputFramework.dll
0x00007ffc849a0000 - 0x00007ffc84c47000 	C:\Windows\System32\iertutil.dll
0x00007ffc6ce60000 - 0x00007ffc6ceb8000 	C:\Users\YanZY\Desktop\Minecraft 1.16.3 - Fabric\.minecraft\versions\1.16.3 Fabric\natives\lwjgl_opengl.dll
0x00007ffc91a10000 - 0x00007ffc91abe000 	C:\Windows\SYSTEM32\mscms.dll
0x00007ffc919d0000 - 0x00007ffc919e7000 	C:\Windows\SYSTEM32\ColorAdapterClient.dll
0x00007ffc890b0000 - 0x00007ffc890f3000 	C:\Windows\SYSTEM32\icm32.dll
0x00007ffc860b0000 - 0x00007ffc860f2000 	C:\Users\YanZY\AppData\Local\Temp\jna-85191685\jna3512112983298532955.dll
0x00007ffc88480000 - 0x00007ffc8849a000 	C:\Users\YanZY\Desktop\Minecraft 1.16.3 - Fabric\.minecraft\versions\1.16.3 Fabric\natives\SAPIWrapper_x64.dll
0x00007ffc9b300000 - 0x00007ffc9b3a2000 	C:\Windows\System32\clbcatq.dll
0x00007ffc90120000 - 0x00007ffc90192000 	C:\Windows\System32\MMDevApi.dll
0x00007ffc5b640000 - 0x00007ffc5b7d4000 	C:\Program Files\Java\jre1.8.0_261\bin\awt.dll
0x00007ffc94260000 - 0x00007ffc942ef000 	C:\Windows\SYSTEM32\apphelp.dll
0x00007ffc5cff0000 - 0x00007ffc5d09c000 	C:\Program Files\Java\jre1.8.0_261\bin\mlib_image.dll
0x00007ffc5d6b0000 - 0x00007ffc5d7c4000 	C:\Users\YanZY\Desktop\Minecraft 1.16.3 - Fabric\.minecraft\versions\1.16.3 Fabric\natives\OpenAL.dll
0x00007ffc901c0000 - 0x00007ffc9031f000 	C:\Windows\SYSTEM32\AUDIOSES.DLL
0x00007ffc97ec0000 - 0x00007ffc980b4000 	C:\Windows\SYSTEM32\dbghelp.dll

VM Arguments:
jvm_args: -Dminecraft.client.jar=.minecraft\versions\1.16.3 Fabric\1.16.3 Fabric.jar -XX:+UnlockExperimentalVMOptions -XX:+UseG1GC -XX:G1NewSizePercent=20 -XX:G1ReservePercent=20 -XX:MaxGCPauseMillis=50 -XX:G1HeapRegionSize=16M -XX:-UseAdaptiveSizePolicy -XX:-OmitStackTraceInFastThrow -Xmn128m -Xmx7976m -Dfml.ignoreInvalidMinecraftCertificates=true -Dfml.ignorePatchDiscrepancies=true -XX:HeapDumpPath=MojangTricksIntelDriversForPerformance_javaw.exe_minecraft.exe.heapdump -Djava.library.path=C:\Users\YanZY\Desktop\Minecraft 1.16.3 - Fabric\.minecraft\versions\1.16.3 Fabric\natives -Dminecraft.launcher.brand=HMCL -Dminecraft.launcher.version=3.3.172 
java_command: net.fabricmc.loader.launch.knot.KnotClient --username test --version HMCL 3.3.172 --gameDir C:\Users\YanZY\Desktop\Minecraft 1.16.3 - Fabric\.minecraft --assetsDir C:\Users\YanZY\Desktop\Minecraft 1.16.3 - Fabric\.minecraft\assets --assetIndex 1.16 --uuid 530fa97a357f3c1994d30c5c65c18fe8 --accessToken 3b6f89ba68f645dfa54740ede8127901 --userType mojang --versionType HMCL 3.3.172 --width 854 --height 480
java_class_path (initial): C:\Users\YanZY\Desktop\Minecraft 1.16.3 - Fabric\.minecraft\libraries\net\fabricmc\tiny-mappings-parser\0.2.2.14\tiny-mappings-parser-0.2.2.14.jar;C:\Users\YanZY\Desktop\Minecraft 1.16.3 - Fabric\.minecraft\libraries\net\fabricmc\sponge-mixin\0.8.1+build.21\sponge-mixin-0.8.1+build.21.jar;C:\Users\YanZY\Desktop\Minecraft 1.16.3 - Fabric\.minecraft\libraries\net\fabricmc\tiny-remapper\0.3.0.70\tiny-remapper-0.3.0.70.jar;C:\Users\YanZY\Desktop\Minecraft 1.16.3 - Fabric\.minecraft\libraries\net\fabricmc\fabric-loader-sat4j\2.3.5.4\fabric-loader-sat4j-2.3.5.4.jar;C:\Users\YanZY\Desktop\Minecraft 1.16.3 - Fabric\.minecraft\libraries\com\google\jimfs\jimfs\1.2-fabric\jimfs-1.2-fabric.jar;C:\Users\YanZY\Desktop\Minecraft 1.16.3 - Fabric\.minecraft\libraries\org\ow2\asm\asm\9.0\asm-9.0.jar;C:\Users\YanZY\Desktop\Minecraft 1.16.3 - Fabric\.minecraft\libraries\org\ow2\asm\asm-analysis\9.0\asm-analysis-9.0.jar;C:\Users\YanZY\Desktop\Minecraft 1.16.3 - Fabric\.minecraft\libraries\org\ow2\asm\asm-commons\9.0\asm-commons-9.0.jar;C:\Users\YanZY\Desktop\Minecraft 1.16.3 - Fabric\.minecraft\libraries\org\ow2\asm\asm-tree\9.0\asm-tree-9.0.jar;C:\Users\YanZY\Desktop\Minecraft 1.16.3 - Fabric\.minecraft\libraries\org\ow2\asm\asm-util\9.0\asm-util-9.0.jar;C:\Users\YanZY\Desktop\Minecraft 1.16.3 - Fabric\.minecraft\libraries\com\google\guava\guava\21.0\guava-21.0.jar;C:\Users\YanZY\Desktop\Minecraft 1.16.3 - Fabric\.minecraft\libraries\net\fabricmc\intermediary\1.16.3\intermediary-1.16.3.jar;C:\Users\YanZY\Desktop\Minecraft 1.16.3 - Fabric\.minecraft\libraries\net\fabricmc\fabric-loader\0.10.0+build.208\fabric-loader-0.10.0+build.208.jar;C:\Users\YanZY\Desktop\Minecraft 1.16.3 - Fabric\.minecraft\libraries\com\mojang\patchy\1.1\patchy-1.1.jar;C:\Users\YanZY\Desktop\Minecraft 1.16.3 - Fabric\.minecraft\libraries\oshi-project\oshi-core\1.1\oshi-core-1.1.jar;C:\Users\YanZY\Desktop\Minecraft 1.16.3 - Fabric\.minecraft\libraries\net\java\dev\jna\jna\4.4.0\jna-4.4.
Launcher Type: SUN_STANDARD

Environment Variables:
PATH=C:\Program Files (x86)\Common Files\Intel\Shared Libraries\redist\intel64\compiler;C:\Program Files (x86)\Common Files\Oracle\Java\javapath;C:\Windows\system32;C:\Windows;C:\Windows\System32\Wbem;C:\Windows\System32\WindowsPowerShell\v1.0\;C:\Windows\System32\OpenSSH\;C:\Program Files (x86)\NVIDIA Corporation\PhysX\Common;C:\Program Files\NVIDIA Corporation\NVIDIA NvDLISR;C:\Users\YanZY\AppData\Local\Microsoft\WindowsApps;
USERNAME=YanZY
OS=Windows_NT
PROCESSOR_IDENTIFIER=Intel64 Family 6 Model 142 Stepping 12, GenuineIntel



---------------  S Y S T E M  ---------------

OS: Windows 10.0 , 64 bit Build 18362 (10.0.18362.1350)

CPU:total 8 (initial active 8) (4 cores per cpu, 2 threads per core) family 6 model 142 stepping 12, cmov, cx8, fxsr, mmx, sse, sse2, sse3, ssse3, sse4.1, sse4.2, popcnt, avx, avx2, aes, clmul, erms, 3dnowpref, lzcnt, ht, tsc, tscinvbit, bmi1, bmi2, adx

Memory: 4k page, physical 8167668k(1273360k free), swap 33333492k(14491528k free)

vm_info: Java HotSpot(TM) 64-Bit Server VM (25.261-b12) for windows-amd64 JRE (1.8.0_261-b12), built on Jun 18 2020 06:56:32 by "" with unknown MS VC++:1916

time: Tue Aug 24 10:30:53 2021
timezone: ?D1???
elapsed time: 2717 seconds (0d 0h 45m 17s)

