#
# There is insufficient memory for the Java Runtime Environment to continue.
# Native memory allocation (mmap) failed to map 520093696 bytes for Failed to commit area from 0x0000000726000000 to 0x0000000745000000 of length 520093696.
# Possible reasons:
#   The system is out of physical RAM or swap space
#   The process is running with CompressedOops enabled, and the Java Heap may be blocking the growth of the native heap
# Possible solutions:
#   Reduce memory load on the system
#   Increase physical memory or swap space
#   Check if swap backing store is full
#   Decrease Java heap size (-Xmx/-Xms)
#   Decrease number of Java threads
#   Decrease Java thread stack sizes (-Xss)
#   Set larger code cache with -XX:ReservedCodeCacheSize=
#   JVM is running with Zero Based Compressed Oops mode in which the Java heap is
#     placed in the first 32GB address space. The Java Heap base address is the
#     maximum limit for the native heap growth. Please use -XX:HeapBaseMinAddress
#     to set the Java Heap base and to place the Java Heap above 32GB virtual address.
# This output file may be truncated or incomplete.
#
#  Out of Memory Error (os_windows.cpp:3377), pid=8216, tid=0x00000000000067a8
#
# JRE version: Java(TM) SE Runtime Environment (8.0_261-b12) (build 1.8.0_261-b12)
# Java VM: Java HotSpot(TM) 64-Bit Server VM (25.261-b12 mixed mode windows-amd64 compressed oops)
# Failed to write core dump. Minidumps are not enabled by default on client versions of Windows
#

---------------  T H R E A D  ---------------

Current thread (0x00000239c5092800):  VMThread [stack: 0x000000efa2500000,0x000000efa2600000] [id=26536]

Stack: [0x000000efa2500000,0x000000efa2600000]
Native frames: (J=compiled Java code, j=interpreted, Vv=VM code, C=native code)
V  [jvm.dll+0x33e5f9]
V  [jvm.dll+0x2850e2]
V  [jvm.dll+0x285d8d]
V  [jvm.dll+0x27c895]
V  [jvm.dll+0x2a301e]
V  [jvm.dll+0x224e85]
V  [jvm.dll+0x3bfb37]
V  [jvm.dll+0x3bf919]
V  [jvm.dll+0x3c11ef]
V  [jvm.dll+0x3caa6c]
V  [jvm.dll+0x3ca48d]
V  [jvm.dll+0x3af7fc]
V  [jvm.dll+0x3acd49]
V  [jvm.dll+0x3d07df]
V  [jvm.dll+0x255637]
V  [jvm.dll+0x253da5]
V  [jvm.dll+0x25451c]
V  [jvm.dll+0x25482c]
V  [jvm.dll+0x2a1cfc]
C  [ucrtbase.dll+0x210b2]
C  [KERNEL32.DLL+0x17c24]
C  [ntdll.dll+0x6d721]

VM_Operation (0x000000efa10fbab0): G1IncCollectionPause, mode: safepoint, requested by thread 0x000002399bdea000


---------------  P R O C E S S  ---------------

Java Threads: ( => current thread )
  0x00000239c8b91800 JavaThread "Worker-Bootstrap-7" daemon [_thread_blocked, id=26060, stack(0x000000efa3700000,0x000000efa3800000)]
  0x00000239c8b90800 JavaThread "Worker-Bootstrap-6" daemon [_thread_blocked, id=15500, stack(0x000000efa3600000,0x000000efa3700000)]
  0x00000239c98dc000 JavaThread "Worker-Bootstrap-5" daemon [_thread_blocked, id=12060, stack(0x000000efa3500000,0x000000efa3600000)]
  0x00000239c98db800 JavaThread "Worker-Bootstrap-4" daemon [_thread_blocked, id=23500, stack(0x000000efa3400000,0x000000efa3500000)]
  0x00000239c6c55000 JavaThread "Worker-Bootstrap-3" daemon [_thread_blocked, id=26856, stack(0x000000efa3300000,0x000000efa3400000)]
  0x00000239c6c54800 JavaThread "Worker-Bootstrap-2" daemon [_thread_blocked, id=3568, stack(0x000000efa3200000,0x000000efa3300000)]
  0x00000239cbaff800 JavaThread "Worker-Bootstrap-1" daemon [_thread_blocked, id=24968, stack(0x000000efa3100000,0x000000efa3200000)]
  0x00000239c51b5800 JavaThread "Service Thread" daemon [_thread_blocked, id=23852, stack(0x000000efa2f00000,0x000000efa3000000)]
  0x00000239c513f800 JavaThread "C1 CompilerThread3" daemon [_thread_blocked, id=10764, stack(0x000000efa2e00000,0x000000efa2f00000)]
  0x00000239c512f000 JavaThread "C2 CompilerThread2" daemon [_thread_blocked, id=20036, stack(0x000000efa2d00000,0x000000efa2e00000)]
  0x00000239c5122000 JavaThread "C2 CompilerThread1" daemon [_thread_blocked, id=18876, stack(0x000000efa2c00000,0x000000efa2d00000)]
  0x00000239c511f800 JavaThread "C2 CompilerThread0" daemon [_thread_blocked, id=21600, stack(0x000000efa2b00000,0x000000efa2c00000)]
  0x00000239c511e800 JavaThread "Attach Listener" daemon [_thread_blocked, id=16012, stack(0x000000efa2a00000,0x000000efa2b00000)]
  0x00000239c5118000 JavaThread "Signal Dispatcher" daemon [_thread_blocked, id=1320, stack(0x000000efa2900000,0x000000efa2a00000)]
  0x00000239c5117000 JavaThread "Surrogate Locker Thread (Concurrent GC)" daemon [_thread_blocked, id=18564, stack(0x000000efa2800000,0x000000efa2900000)]
  0x00000239c509d000 JavaThread "Finalizer" daemon [_thread_blocked, id=6272, stack(0x000000efa2700000,0x000000efa2800000)]
  0x00000239c5093000 JavaThread "Reference Handler" daemon [_thread_blocked, id=5492, stack(0x000000efa2600000,0x000000efa2700000)]
  0x000002399bdea000 JavaThread "main" [_thread_blocked, id=19692, stack(0x000000efa1000000,0x000000efa1100000)]

Other Threads:
=>0x00000239c5092800 VMThread [stack: 0x000000efa2500000,0x000000efa2600000] [id=26536]
  0x00000239c5260800 WatcherThread [stack: 0x000000efa3000000,0x000000efa3100000] [id=26200]

VM state:at safepoint (normal execution)

VM Mutex/Monitor currently owned by a thread:  ([mutex/lock_event])
[0x000002399bde5eb0] Threads_lock - owner thread: 0x00000239c5092800
[0x000002399bde6bb0] Heap_lock - owner thread: 0x000002399bdea000

heap address: 0x00000005cd000000, size: 7984 MB, Compressed Oops mode: Zero based, Oop shift amount: 3
Narrow klass base: 0x0000000000000000, Narrow klass shift: 3
Compressed class space size: 1073741824 Address: 0x00000007c0000000

Heap:
 garbage-first heap   total 6160384K, used 290940K [0x00000005cd000000, 0x00000005ce000bc0, 0x00000007c0000000)
  region size 16384K, 1 young (16384K), 1 survivors (16384K)
 Metaspace       used 48354K, capacity 51919K, committed 52224K, reserved 1093632K
  class space    used 6903K, capacity 7912K, committed 7936K, reserved 1048576K

Heap Regions: (Y=young(eden), SU=young(survivor), HS=humongous(starts), HC=humongous(continues), CS=collection set, F=free, TS=gc time stamp, PTAMS=previous top-at-mark-start, NTAMS=next top-at-mark-start)
AC   0  O    TS     0 PTAMS 0x00000005ce000000 NTAMS 0x00000005ce000000 space 16384K, 100% used [0x00000005cd000000, 0x00000005ce000000)
AC   0  O    TS     0 PTAMS 0x00000005cf000000 NTAMS 0x00000005cf000000 space 16384K, 100% used [0x00000005ce000000, 0x00000005cf000000)
AC   0  O    TS     5 PTAMS 0x00000005cf000000 NTAMS 0x00000005cf000000 space 16384K, 100% used [0x00000005cf000000, 0x00000005d0000000)
AC   0  O    TS     0 PTAMS 0x00000005d1000000 NTAMS 0x00000005d1000000 space 16384K, 100% used [0x00000005d0000000, 0x00000005d1000000)
AC   0  O    TS     0 PTAMS 0x00000005d2000000 NTAMS 0x00000005d2000000 space 16384K, 100% used [0x00000005d1000000, 0x00000005d2000000)
AC   0  O    TS     0 PTAMS 0x00000005d3000000 NTAMS 0x00000005d3000000 space 16384K, 100% used [0x00000005d2000000, 0x00000005d3000000)
AC   0  O    TS     0 PTAMS 0x00000005d4000000 NTAMS 0x00000005d4000000 space 16384K, 100% used [0x00000005d3000000, 0x00000005d4000000)
AC   0  F    TS     3 PTAMS 0x00000005d4000000 NTAMS 0x00000005d4000000 space 16384K,   0% used [0x00000005d4000000, 0x00000005d5000000)
AC   0  O    TS    15 PTAMS 0x00000005d5000000 NTAMS 0x00000005d5000000 space 16384K,  10% used [0x00000005d5000000, 0x00000005d6000000)
AC   0  O    TS     0 PTAMS 0x00000005d7000000 NTAMS 0x00000005d7000000 space 16384K, 100% used [0x00000005d6000000, 0x00000005d7000000)
AC   0  O    TS     0 PTAMS 0x00000005d8000000 NTAMS 0x00000005d8000000 space 16384K, 100% used [0x00000005d7000000, 0x00000005d8000000)
AC   0  F    TS     0 PTAMS 0x00000005d8000000 NTAMS 0x00000005d8000000 space 16384K,   0% used [0x00000005d8000000, 0x00000005d9000000)
AC   0  F    TS     0 PTAMS 0x00000005d9000000 NTAMS 0x00000005d9000000 space 16384K,   0% used [0x00000005d9000000, 0x00000005da000000)
AC   0  F    TS     0 PTAMS 0x00000005da000000 NTAMS 0x00000005da000000 space 16384K,   0% used [0x00000005da000000, 0x00000005db000000)
AC   0  F    TS     0 PTAMS 0x00000005db000000 NTAMS 0x00000005db000000 space 16384K,   0% used [0x00000005db000000, 0x00000005dc000000)
AC   0  F    TS     0 PTAMS 0x00000005dc000000 NTAMS 0x00000005dc000000 space 16384K,   0% used [0x00000005dc000000, 0x00000005dd000000)
AC   0  O    TS     0 PTAMS 0x00000005de000000 NTAMS 0x00000005de000000 space 16384K, 100% used [0x00000005dd000000, 0x00000005de000000)
AC   0  F    TS     0 PTAMS 0x00000005de000000 NTAMS 0x00000005de000000 space 16384K,   0% used [0x00000005de000000, 0x00000005df000000)
AC   0  O    TS     0 PTAMS 0x00000005e0000000 NTAMS 0x00000005e0000000 space 16384K, 100% used [0x00000005df000000, 0x00000005e0000000)
AC   0  O    TS     0 PTAMS 0x00000005e1000000 NTAMS 0x00000005e1000000 space 16384K, 100% used [0x00000005e0000000, 0x00000005e1000000)
AC   0  F    TS     0 PTAMS 0x00000005e1000000 NTAMS 0x00000005e1000000 space 16384K,   0% used [0x00000005e1000000, 0x00000005e2000000)
AC   0  F    TS     0 PTAMS 0x00000005e2000000 NTAMS 0x00000005e2000000 space 16384K,   0% used [0x00000005e2000000, 0x00000005e3000000)
AC   0  O    TS     0 PTAMS 0x00000005e4000000 NTAMS 0x00000005e4000000 space 16384K, 100% used [0x00000005e3000000, 0x00000005e4000000)
AC   0  F    TS     0 PTAMS 0x00000005e4000000 NTAMS 0x00000005e4000000 space 16384K,   0% used [0x00000005e4000000, 0x00000005e5000000)
AC   0  O    TS     0 PTAMS 0x00000005e6000000 NTAMS 0x00000005e6000000 space 16384K, 100% used [0x00000005e5000000, 0x00000005e6000000)
AC   0  F    TS     0 PTAMS 0x00000005e6000000 NTAMS 0x00000005e6000000 space 16384K,   0% used [0x00000005e6000000, 0x00000005e7000000)
AC   0  F    TS     0 PTAMS 0x00000005e7000000 NTAMS 0x00000005e7000000 space 16384K,   0% used [0x00000005e7000000, 0x00000005e8000000)
AC   0  O    TS     0 PTAMS 0x00000005e81d0400 NTAMS 0x00000005e81d0400 space 16384K, 100% used [0x00000005e8000000, 0x00000005e9000000)
AC   0  O    TS     3 PTAMS 0x00000005e9000000 NTAMS 0x00000005e9000000 space 16384K, 100% used [0x00000005e9000000, 0x00000005ea000000)
AC   0  O    TS     5 PTAMS 0x00000005ea000000 NTAMS 0x00000005ea000000 space 16384K, 100% used [0x00000005ea000000, 0x00000005eb000000)
AC   0  F    TS     3 PTAMS 0x00000005eb000000 NTAMS 0x00000005eb000000 space 16384K,   0% used [0x00000005eb000000, 0x00000005ec000000)
AC   0  F    TS     3 PTAMS 0x00000005ec000000 NTAMS 0x00000005ec000000 space 16384K,   0% used [0x00000005ec000000, 0x00000005ed000000)
AC   0  F    TS     3 PTAMS 0x00000005ed000000 NTAMS 0x00000005ed000000 space 16384K,   0% used [0x00000005ed000000, 0x00000005ee000000)
AC   0  F    TS     3 PTAMS 0x00000005ee000000 NTAMS 0x00000005ee000000 space 16384K,   0% used [0x00000005ee000000, 0x00000005ef000000)
AC   0  F    TS     3 PTAMS 0x00000005ef000000 NTAMS 0x00000005ef000000 space 16384K,   0% used [0x00000005ef000000, 0x00000005f0000000)
AC   0  F    TS     3 PTAMS 0x00000005f0000000 NTAMS 0x00000005f0000000 space 16384K,   0% used [0x00000005f0000000, 0x00000005f1000000)
AC   0  F    TS     3 PTAMS 0x00000005f1000000 NTAMS 0x00000005f1000000 space 16384K,   0% used [0x00000005f1000000, 0x00000005f2000000)
AC   0  F    TS     3 PTAMS 0x00000005f2000000 NTAMS 0x00000005f2000000 space 16384K,   0% used [0x00000005f2000000, 0x00000005f3000000)
AC   0  F    TS     3 PTAMS 0x00000005f3000000 NTAMS 0x00000005f3000000 space 16384K,   0% used [0x00000005f3000000, 0x00000005f4000000)
AC   0  F    TS     3 PTAMS 0x00000005f4000000 NTAMS 0x00000005f4000000 space 16384K,   0% used [0x00000005f4000000, 0x00000005f5000000)
AC   0  F    TS     3 PTAMS 0x00000005f5000000 NTAMS 0x00000005f5000000 space 16384K,   0% used [0x00000005f5000000, 0x00000005f6000000)
AC   0  F    TS     3 PTAMS 0x00000005f6000000 NTAMS 0x00000005f6000000 space 16384K,   0% used [0x00000005f6000000, 0x00000005f7000000)
AC   0  F    TS     3 PTAMS 0x00000005f7000000 NTAMS 0x00000005f7000000 space 16384K,   0% used [0x00000005f7000000, 0x00000005f8000000)
AC   0  F    TS     3 PTAMS 0x00000005f8000000 NTAMS 0x00000005f8000000 space 16384K,   0% used [0x00000005f8000000, 0x00000005f9000000)
AC   0  F    TS     3 PTAMS 0x00000005f9000000 NTAMS 0x00000005f9000000 space 16384K,   0% used [0x00000005f9000000, 0x00000005fa000000)
AC   0  F    TS     3 PTAMS 0x00000005fa000000 NTAMS 0x00000005fa000000 space 16384K,   0% used [0x00000005fa000000, 0x00000005fb000000)
AC   0  F    TS     3 PTAMS 0x00000005fb000000 NTAMS 0x00000005fb000000 space 16384K,   0% used [0x00000005fb000000, 0x00000005fc000000)
AC   0  F    TS     3 PTAMS 0x00000005fc000000 NTAMS 0x00000005fc000000 space 16384K,   0% used [0x00000005fc000000, 0x00000005fd000000)
AC   0  F    TS     3 PTAMS 0x00000005fd000000 NTAMS 0x00000005fd000000 space 16384K,   0% used [0x00000005fd000000, 0x00000005fe000000)
AC   0  F    TS     3 PTAMS 0x00000005fe000000 NTAMS 0x00000005fe000000 space 16384K,   0% used [0x00000005fe000000, 0x00000005ff000000)
AC   0  F    TS     3 PTAMS 0x00000005ff000000 NTAMS 0x00000005ff000000 space 16384K,   0% used [0x00000005ff000000, 0x0000000600000000)
AC   0  F    TS     3 PTAMS 0x0000000600000000 NTAMS 0x0000000600000000 space 16384K,   0% used [0x0000000600000000, 0x0000000601000000)
AC   0  F    TS     5 PTAMS 0x0000000601000000 NTAMS 0x0000000601000000 space 16384K,   0% used [0x0000000601000000, 0x0000000602000000)
AC   0  F    TS     3 PTAMS 0x0000000602000000 NTAMS 0x0000000602000000 space 16384K,   0% used [0x0000000602000000, 0x0000000603000000)
AC   0  F    TS     3 PTAMS 0x0000000603000000 NTAMS 0x0000000603000000 space 16384K,   0% used [0x0000000603000000, 0x0000000604000000)
AC   0  F    TS     3 PTAMS 0x0000000604000000 NTAMS 0x0000000604000000 space 16384K,   0% used [0x0000000604000000, 0x0000000605000000)
AC   0  F    TS     3 PTAMS 0x0000000605000000 NTAMS 0x0000000605000000 space 16384K,   0% used [0x0000000605000000, 0x0000000606000000)
AC   0  F    TS     3 PTAMS 0x0000000606000000 NTAMS 0x0000000606000000 space 16384K,   0% used [0x0000000606000000, 0x0000000607000000)
AC   0  F    TS     3 PTAMS 0x0000000607000000 NTAMS 0x0000000607000000 space 16384K,   0% used [0x0000000607000000, 0x0000000608000000)
AC   0  F    TS     3 PTAMS 0x0000000608000000 NTAMS 0x0000000608000000 space 16384K,   0% used [0x0000000608000000, 0x0000000609000000)
AC   0  F    TS     5 PTAMS 0x0000000609000000 NTAMS 0x0000000609000000 space 16384K,   0% used [0x0000000609000000, 0x000000060a000000)
AC   0  F    TS     5 PTAMS 0x000000060a000000 NTAMS 0x000000060a000000 space 16384K,   0% used [0x000000060a000000, 0x000000060b000000)
AC   0  F    TS     5 PTAMS 0x000000060b000000 NTAMS 0x000000060b000000 space 16384K,   0% used [0x000000060b000000, 0x000000060c000000)
AC   0  F    TS     5 PTAMS 0x000000060c000000 NTAMS 0x000000060c000000 space 16384K,   0% used [0x000000060c000000, 0x000000060d000000)
AC   0  F    TS     5 PTAMS 0x000000060d000000 NTAMS 0x000000060d000000 space 16384K,   0% used [0x000000060d000000, 0x000000060e000000)
AC   0  F    TS     5 PTAMS 0x000000060e000000 NTAMS 0x000000060e000000 space 16384K,   0% used [0x000000060e000000, 0x000000060f000000)
AC   0  F    TS     5 PTAMS 0x000000060f000000 NTAMS 0x000000060f000000 space 16384K,   0% used [0x000000060f000000, 0x0000000610000000)
AC   0  F    TS     5 PTAMS 0x0000000610000000 NTAMS 0x0000000610000000 space 16384K,   0% used [0x0000000610000000, 0x0000000611000000)
AC   0  F    TS     5 PTAMS 0x0000000611000000 NTAMS 0x0000000611000000 space 16384K,   0% used [0x0000000611000000, 0x0000000612000000)
AC   0  F    TS     5 PTAMS 0x0000000612000000 NTAMS 0x0000000612000000 space 16384K,   0% used [0x0000000612000000, 0x0000000613000000)
AC   0  F    TS     5 PTAMS 0x0000000613000000 NTAMS 0x0000000613000000 space 16384K,   0% used [0x0000000613000000, 0x0000000614000000)
AC   0  F    TS     5 PTAMS 0x0000000614000000 NTAMS 0x0000000614000000 space 16384K,   0% used [0x0000000614000000, 0x0000000615000000)
AC   0  F    TS     5 PTAMS 0x0000000615000000 NTAMS 0x0000000615000000 space 16384K,   0% used [0x0000000615000000, 0x0000000616000000)
AC   0  F    TS     5 PTAMS 0x0000000616000000 NTAMS 0x0000000616000000 space 16384K,   0% used [0x0000000616000000, 0x0000000617000000)
AC   0  F    TS     5 PTAMS 0x0000000617000000 NTAMS 0x0000000617000000 space 16384K,   0% used [0x0000000617000000, 0x0000000618000000)
AC   0  F    TS     5 PTAMS 0x0000000618000000 NTAMS 0x0000000618000000 space 16384K,   0% used [0x0000000618000000, 0x0000000619000000)
AC   0  F    TS     5 PTAMS 0x0000000619000000 NTAMS 0x0000000619000000 space 16384K,   0% used [0x0000000619000000, 0x000000061a000000)
AC   0  F    TS     5 PTAMS 0x000000061a000000 NTAMS 0x000000061a000000 space 16384K,   0% used [0x000000061a000000, 0x000000061b000000)
AC   0  F    TS     5 PTAMS 0x000000061b000000 NTAMS 0x000000061b000000 space 16384K,   0% used [0x000000061b000000, 0x000000061c000000)
AC   0  F    TS     5 PTAMS 0x000000061c000000 NTAMS 0x000000061c000000 space 16384K,   0% used [0x000000061c000000, 0x000000061d000000)
AC   0  F    TS     5 PTAMS 0x000000061d000000 NTAMS 0x000000061d000000 space 16384K,   0% used [0x000000061d000000, 0x000000061e000000)
AC   0  F    TS     5 PTAMS 0x000000061e000000 NTAMS 0x000000061e000000 space 16384K,   0% used [0x000000061e000000, 0x000000061f000000)
AC   0  F    TS     5 PTAMS 0x000000061f000000 NTAMS 0x000000061f000000 space 16384K,   0% used [0x000000061f000000, 0x0000000620000000)
AC   0  F    TS     5 PTAMS 0x0000000620000000 NTAMS 0x0000000620000000 space 16384K,   0% used [0x0000000620000000, 0x0000000621000000)
AC   0  F    TS     5 PTAMS 0x0000000621000000 NTAMS 0x0000000621000000 space 16384K,   0% used [0x0000000621000000, 0x0000000622000000)
AC   0  F    TS     5 PTAMS 0x0000000622000000 NTAMS 0x0000000622000000 space 16384K,   0% used [0x0000000622000000, 0x0000000623000000)
AC   0  F    TS     5 PTAMS 0x0000000623000000 NTAMS 0x0000000623000000 space 16384K,   0% used [0x0000000623000000, 0x0000000624000000)
AC   0  F    TS     5 PTAMS 0x0000000624000000 NTAMS 0x0000000624000000 space 16384K,   0% used [0x0000000624000000, 0x0000000625000000)
AC   0  F    TS     5 PTAMS 0x0000000625000000 NTAMS 0x0000000625000000 space 16384K,   0% used [0x0000000625000000, 0x0000000626000000)
AC   0  F    TS     5 PTAMS 0x0000000626000000 NTAMS 0x0000000626000000 space 16384K,   0% used [0x0000000626000000, 0x0000000627000000)
AC   0  F    TS     5 PTAMS 0x0000000627000000 NTAMS 0x0000000627000000 space 16384K,   0% used [0x0000000627000000, 0x0000000628000000)
AC   0  F    TS     5 PTAMS 0x0000000628000000 NTAMS 0x0000000628000000 space 16384K,   0% used [0x0000000628000000, 0x0000000629000000)
AC   0  F    TS     5 PTAMS 0x0000000629000000 NTAMS 0x0000000629000000 space 16384K,   0% used [0x0000000629000000, 0x000000062a000000)
AC   0  F    TS     5 PTAMS 0x000000062a000000 NTAMS 0x000000062a000000 space 16384K,   0% used [0x000000062a000000, 0x000000062b000000)
AC   0  F    TS     5 PTAMS 0x000000062b000000 NTAMS 0x000000062b000000 space 16384K,   0% used [0x000000062b000000, 0x000000062c000000)
AC   0  F    TS     5 PTAMS 0x000000062c000000 NTAMS 0x000000062c000000 space 16384K,   0% used [0x000000062c000000, 0x000000062d000000)
AC   0  F    TS     5 PTAMS 0x000000062d000000 NTAMS 0x000000062d000000 space 16384K,   0% used [0x000000062d000000, 0x000000062e000000)
AC   0  F    TS     5 PTAMS 0x000000062e000000 NTAMS 0x000000062e000000 space 16384K,   0% used [0x000000062e000000, 0x000000062f000000)
AC   0  F    TS     5 PTAMS 0x000000062f000000 NTAMS 0x000000062f000000 space 16384K,   0% used [0x000000062f000000, 0x0000000630000000)
AC   0  F    TS     5 PTAMS 0x0000000630000000 NTAMS 0x0000000630000000 space 16384K,   0% used [0x0000000630000000, 0x0000000631000000)
AC   0  F    TS     5 PTAMS 0x0000000631000000 NTAMS 0x0000000631000000 space 16384K,   0% used [0x0000000631000000, 0x0000000632000000)
AC   0  F    TS     5 PTAMS 0x0000000632000000 NTAMS 0x0000000632000000 space 16384K,   0% used [0x0000000632000000, 0x0000000633000000)
AC   0  F    TS     5 PTAMS 0x0000000633000000 NTAMS 0x0000000633000000 space 16384K,   0% used [0x0000000633000000, 0x0000000634000000)
AC   0  F    TS     5 PTAMS 0x0000000634000000 NTAMS 0x0000000634000000 space 16384K,   0% used [0x0000000634000000, 0x0000000635000000)
AC   0  F    TS     5 PTAMS 0x0000000635000000 NTAMS 0x0000000635000000 space 16384K,   0% used [0x0000000635000000, 0x0000000636000000)
AC   0  F    TS     5 PTAMS 0x0000000636000000 NTAMS 0x0000000636000000 space 16384K,   0% used [0x0000000636000000, 0x0000000637000000)
AC   0  F    TS     5 PTAMS 0x0000000637000000 NTAMS 0x0000000637000000 space 16384K,   0% used [0x0000000637000000, 0x0000000638000000)
AC   0  F    TS     5 PTAMS 0x0000000638000000 NTAMS 0x0000000638000000 space 16384K,   0% used [0x0000000638000000, 0x0000000639000000)
AC   0  F    TS     5 PTAMS 0x0000000639000000 NTAMS 0x0000000639000000 space 16384K,   0% used [0x0000000639000000, 0x000000063a000000)
AC   0  F    TS     5 PTAMS 0x000000063a000000 NTAMS 0x000000063a000000 space 16384K,   0% used [0x000000063a000000, 0x000000063b000000)
AC   0  F    TS     5 PTAMS 0x000000063b000000 NTAMS 0x000000063b000000 space 16384K,   0% used [0x000000063b000000, 0x000000063c000000)
AC   0  F    TS     5 PTAMS 0x000000063c000000 NTAMS 0x000000063c000000 space 16384K,   0% used [0x000000063c000000, 0x000000063d000000)
AC   0  F    TS     7 PTAMS 0x000000063d000000 NTAMS 0x000000063d000000 space 16384K,   0% used [0x000000063d000000, 0x000000063e000000)
AC   0  F    TS     5 PTAMS 0x000000063e000000 NTAMS 0x000000063e000000 space 16384K,   0% used [0x000000063e000000, 0x000000063f000000)
AC   0  F    TS     5 PTAMS 0x000000063f000000 NTAMS 0x000000063f000000 space 16384K,   0% used [0x000000063f000000, 0x0000000640000000)
AC   0  F    TS     5 PTAMS 0x0000000640000000 NTAMS 0x0000000640000000 space 16384K,   0% used [0x0000000640000000, 0x0000000641000000)
AC   0  F    TS     5 PTAMS 0x0000000641000000 NTAMS 0x0000000641000000 space 16384K,   0% used [0x0000000641000000, 0x0000000642000000)
AC   0  F    TS     5 PTAMS 0x0000000642000000 NTAMS 0x0000000642000000 space 16384K,   0% used [0x0000000642000000, 0x0000000643000000)
AC   0  F    TS     5 PTAMS 0x0000000643000000 NTAMS 0x0000000643000000 space 16384K,   0% used [0x0000000643000000, 0x0000000644000000)
AC   0  F    TS     5 PTAMS 0x0000000644000000 NTAMS 0x0000000644000000 space 16384K,   0% used [0x0000000644000000, 0x0000000645000000)
AC   0  F    TS     7 PTAMS 0x0000000645000000 NTAMS 0x0000000645000000 space 16384K,   0% used [0x0000000645000000, 0x0000000646000000)
AC   0  F    TS     7 PTAMS 0x0000000646000000 NTAMS 0x0000000646000000 space 16384K,   0% used [0x0000000646000000, 0x0000000647000000)
AC   0  F    TS     7 PTAMS 0x0000000647000000 NTAMS 0x0000000647000000 space 16384K,   0% used [0x0000000647000000, 0x0000000648000000)
AC   0  F    TS     7 PTAMS 0x0000000648000000 NTAMS 0x0000000648000000 space 16384K,   0% used [0x0000000648000000, 0x0000000649000000)
AC   0  F    TS     7 PTAMS 0x0000000649000000 NTAMS 0x0000000649000000 space 16384K,   0% used [0x0000000649000000, 0x000000064a000000)
AC   0  F    TS     7 PTAMS 0x000000064a000000 NTAMS 0x000000064a000000 space 16384K,   0% used [0x000000064a000000, 0x000000064b000000)
AC   0  F    TS     7 PTAMS 0x000000064b000000 NTAMS 0x000000064b000000 space 16384K,   0% used [0x000000064b000000, 0x000000064c000000)
AC   0  F    TS     7 PTAMS 0x000000064c000000 NTAMS 0x000000064c000000 space 16384K,   0% used [0x000000064c000000, 0x000000064d000000)
AC   0  F    TS     7 PTAMS 0x000000064d000000 NTAMS 0x000000064d000000 space 16384K,   0% used [0x000000064d000000, 0x000000064e000000)
AC   0  F    TS     7 PTAMS 0x000000064e000000 NTAMS 0x000000064e000000 space 16384K,   0% used [0x000000064e000000, 0x000000064f000000)
AC   0  F    TS     7 PTAMS 0x000000064f000000 NTAMS 0x000000064f000000 space 16384K,   0% used [0x000000064f000000, 0x0000000650000000)
AC   0  F    TS     7 PTAMS 0x0000000650000000 NTAMS 0x0000000650000000 space 16384K,   0% used [0x0000000650000000, 0x0000000651000000)
AC   0  F    TS     7 PTAMS 0x0000000651000000 NTAMS 0x0000000651000000 space 16384K,   0% used [0x0000000651000000, 0x0000000652000000)
AC   0  F    TS     7 PTAMS 0x0000000652000000 NTAMS 0x0000000652000000 space 16384K,   0% used [0x0000000652000000, 0x0000000653000000)
AC   0  F    TS     7 PTAMS 0x0000000653000000 NTAMS 0x0000000653000000 space 16384K,   0% used [0x0000000653000000, 0x0000000654000000)
AC   0  F    TS     7 PTAMS 0x0000000654000000 NTAMS 0x0000000654000000 space 16384K,   0% used [0x0000000654000000, 0x0000000655000000)
AC   0  F    TS     7 PTAMS 0x0000000655000000 NTAMS 0x0000000655000000 space 16384K,   0% used [0x0000000655000000, 0x0000000656000000)
AC   0  F    TS     7 PTAMS 0x0000000656000000 NTAMS 0x0000000656000000 space 16384K,   0% used [0x0000000656000000, 0x0000000657000000)
AC   0  F    TS     7 PTAMS 0x0000000657000000 NTAMS 0x0000000657000000 space 16384K,   0% used [0x0000000657000000, 0x0000000658000000)
AC   0  F    TS     7 PTAMS 0x0000000658000000 NTAMS 0x0000000658000000 space 16384K,   0% used [0x0000000658000000, 0x0000000659000000)
AC   0  F    TS     7 PTAMS 0x0000000659000000 NTAMS 0x0000000659000000 space 16384K,   0% used [0x0000000659000000, 0x000000065a000000)
AC   0  F    TS     7 PTAMS 0x000000065a000000 NTAMS 0x000000065a000000 space 16384K,   0% used [0x000000065a000000, 0x000000065b000000)
AC   0  F    TS     7 PTAMS 0x000000065b000000 NTAMS 0x000000065b000000 space 16384K,   0% used [0x000000065b000000, 0x000000065c000000)
AC   0  F    TS     7 PTAMS 0x000000065c000000 NTAMS 0x000000065c000000 space 16384K,   0% used [0x000000065c000000, 0x000000065d000000)
AC   0  F    TS     7 PTAMS 0x000000065d000000 NTAMS 0x000000065d000000 space 16384K,   0% used [0x000000065d000000, 0x000000065e000000)
AC   0  F    TS     7 PTAMS 0x000000065e000000 NTAMS 0x000000065e000000 space 16384K,   0% used [0x000000065e000000, 0x000000065f000000)
AC   0  F    TS     7 PTAMS 0x000000065f000000 NTAMS 0x000000065f000000 space 16384K,   0% used [0x000000065f000000, 0x0000000660000000)
AC   0  F    TS     7 PTAMS 0x0000000660000000 NTAMS 0x0000000660000000 space 16384K,   0% used [0x0000000660000000, 0x0000000661000000)
AC   0  F    TS     7 PTAMS 0x0000000661000000 NTAMS 0x0000000661000000 space 16384K,   0% used [0x0000000661000000, 0x0000000662000000)
AC   0  F    TS     7 PTAMS 0x0000000662000000 NTAMS 0x0000000662000000 space 16384K,   0% used [0x0000000662000000, 0x0000000663000000)
AC   0  F    TS     7 PTAMS 0x0000000663000000 NTAMS 0x0000000663000000 space 16384K,   0% used [0x0000000663000000, 0x0000000664000000)
AC   0  F    TS     7 PTAMS 0x0000000664000000 NTAMS 0x0000000664000000 space 16384K,   0% used [0x0000000664000000, 0x0000000665000000)
AC   0  F    TS     7 PTAMS 0x0000000665000000 NTAMS 0x0000000665000000 space 16384K,   0% used [0x0000000665000000, 0x0000000666000000)
AC   0  F    TS     7 PTAMS 0x0000000666000000 NTAMS 0x0000000666000000 space 16384K,   0% used [0x0000000666000000, 0x0000000667000000)
AC   0  F    TS     7 PTAMS 0x0000000667000000 NTAMS 0x0000000667000000 space 16384K,   0% used [0x0000000667000000, 0x0000000668000000)
AC   0  F    TS     7 PTAMS 0x0000000668000000 NTAMS 0x0000000668000000 space 16384K,   0% used [0x0000000668000000, 0x0000000669000000)
AC   0  F    TS     7 PTAMS 0x0000000669000000 NTAMS 0x0000000669000000 space 16384K,   0% used [0x0000000669000000, 0x000000066a000000)
AC   0  F    TS     7 PTAMS 0x000000066a000000 NTAMS 0x000000066a000000 space 16384K,   0% used [0x000000066a000000, 0x000000066b000000)
AC   0  F    TS     7 PTAMS 0x000000066b000000 NTAMS 0x000000066b000000 space 16384K,   0% used [0x000000066b000000, 0x000000066c000000)
AC   0  F    TS     7 PTAMS 0x000000066c000000 NTAMS 0x000000066c000000 space 16384K,   0% used [0x000000066c000000, 0x000000066d000000)
AC   0  F    TS     7 PTAMS 0x000000066d000000 NTAMS 0x000000066d000000 space 16384K,   0% used [0x000000066d000000, 0x000000066e000000)
AC   0  F    TS     7 PTAMS 0x000000066e000000 NTAMS 0x000000066e000000 space 16384K,   0% used [0x000000066e000000, 0x000000066f000000)
AC   0  F    TS     7 PTAMS 0x000000066f000000 NTAMS 0x000000066f000000 space 16384K,   0% used [0x000000066f000000, 0x0000000670000000)
AC   0  F    TS     7 PTAMS 0x0000000670000000 NTAMS 0x0000000670000000 space 16384K,   0% used [0x0000000670000000, 0x0000000671000000)
AC   0  F    TS     7 PTAMS 0x0000000671000000 NTAMS 0x0000000671000000 space 16384K,   0% used [0x0000000671000000, 0x0000000672000000)
AC   0  F    TS     7 PTAMS 0x0000000672000000 NTAMS 0x0000000672000000 space 16384K,   0% used [0x0000000672000000, 0x0000000673000000)
AC   0  F    TS     7 PTAMS 0x0000000673000000 NTAMS 0x0000000673000000 space 16384K,   0% used [0x0000000673000000, 0x0000000674000000)
AC   0  F    TS     7 PTAMS 0x0000000674000000 NTAMS 0x0000000674000000 space 16384K,   0% used [0x0000000674000000, 0x0000000675000000)
AC   0  F    TS     7 PTAMS 0x0000000675000000 NTAMS 0x0000000675000000 space 16384K,   0% used [0x0000000675000000, 0x0000000676000000)
AC   0  F    TS     7 PTAMS 0x0000000676000000 NTAMS 0x0000000676000000 space 16384K,   0% used [0x0000000676000000, 0x0000000677000000)
AC   0  F    TS     7 PTAMS 0x0000000677000000 NTAMS 0x0000000677000000 space 16384K,   0% used [0x0000000677000000, 0x0000000678000000)
AC   0  F    TS     7 PTAMS 0x0000000678000000 NTAMS 0x0000000678000000 space 16384K,   0% used [0x0000000678000000, 0x0000000679000000)
AC   0  F    TS     7 PTAMS 0x0000000679000000 NTAMS 0x0000000679000000 space 16384K,   0% used [0x0000000679000000, 0x000000067a000000)
AC   0  F    TS     7 PTAMS 0x000000067a000000 NTAMS 0x000000067a000000 space 16384K,   0% used [0x000000067a000000, 0x000000067b000000)
AC   0  F    TS     7 PTAMS 0x000000067b000000 NTAMS 0x000000067b000000 space 16384K,   0% used [0x000000067b000000, 0x000000067c000000)
AC   0  F    TS     7 PTAMS 0x000000067c000000 NTAMS 0x000000067c000000 space 16384K,   0% used [0x000000067c000000, 0x000000067d000000)
AC   0  F    TS     7 PTAMS 0x000000067d000000 NTAMS 0x000000067d000000 space 16384K,   0% used [0x000000067d000000, 0x000000067e000000)
AC   0  F    TS     7 PTAMS 0x000000067e000000 NTAMS 0x000000067e000000 space 16384K,   0% used [0x000000067e000000, 0x000000067f000000)
AC   0  F    TS     7 PTAMS 0x000000067f000000 NTAMS 0x000000067f000000 space 16384K,   0% used [0x000000067f000000, 0x0000000680000000)
AC   0  F    TS     7 PTAMS 0x0000000680000000 NTAMS 0x0000000680000000 space 16384K,   0% used [0x0000000680000000, 0x0000000681000000)
AC   0  F    TS     7 PTAMS 0x0000000681000000 NTAMS 0x0000000681000000 space 16384K,   0% used [0x0000000681000000, 0x0000000682000000)
AC   0  F    TS     7 PTAMS 0x0000000682000000 NTAMS 0x0000000682000000 space 16384K,   0% used [0x0000000682000000, 0x0000000683000000)
AC   0  F    TS     7 PTAMS 0x0000000683000000 NTAMS 0x0000000683000000 space 16384K,   0% used [0x0000000683000000, 0x0000000684000000)
AC   0  F    TS     7 PTAMS 0x0000000684000000 NTAMS 0x0000000684000000 space 16384K,   0% used [0x0000000684000000, 0x0000000685000000)
AC   0  F    TS     7 PTAMS 0x0000000685000000 NTAMS 0x0000000685000000 space 16384K,   0% used [0x0000000685000000, 0x0000000686000000)
AC   0  F    TS     7 PTAMS 0x0000000686000000 NTAMS 0x0000000686000000 space 16384K,   0% used [0x0000000686000000, 0x0000000687000000)
AC   0  F    TS     7 PTAMS 0x0000000687000000 NTAMS 0x0000000687000000 space 16384K,   0% used [0x0000000687000000, 0x0000000688000000)
AC   0  F    TS     7 PTAMS 0x0000000688000000 NTAMS 0x0000000688000000 space 16384K,   0% used [0x0000000688000000, 0x0000000689000000)
AC   0  F    TS     9 PTAMS 0x0000000689000000 NTAMS 0x0000000689000000 space 16384K,   0% used [0x0000000689000000, 0x000000068a000000)
AC   0  F    TS     7 PTAMS 0x000000068a000000 NTAMS 0x000000068a000000 space 16384K,   0% used [0x000000068a000000, 0x000000068b000000)
AC   0  F    TS     7 PTAMS 0x000000068b000000 NTAMS 0x000000068b000000 space 16384K,   0% used [0x000000068b000000, 0x000000068c000000)
AC   0  F    TS     7 PTAMS 0x000000068c000000 NTAMS 0x000000068c000000 space 16384K,   0% used [0x000000068c000000, 0x000000068d000000)
AC   0  F    TS     7 PTAMS 0x000000068d000000 NTAMS 0x000000068d000000 space 16384K,   0% used [0x000000068d000000, 0x000000068e000000)
AC   0  F    TS     7 PTAMS 0x000000068e000000 NTAMS 0x000000068e000000 space 16384K,   0% used [0x000000068e000000, 0x000000068f000000)
AC   0  F    TS     7 PTAMS 0x000000068f000000 NTAMS 0x000000068f000000 space 16384K,   0% used [0x000000068f000000, 0x0000000690000000)
AC   0  F    TS     7 PTAMS 0x0000000690000000 NTAMS 0x0000000690000000 space 16384K,   0% used [0x0000000690000000, 0x0000000691000000)
AC   0  F    TS     9 PTAMS 0x0000000691000000 NTAMS 0x0000000691000000 space 16384K,   0% used [0x0000000691000000, 0x0000000692000000)
AC   0  F    TS     9 PTAMS 0x0000000692000000 NTAMS 0x0000000692000000 space 16384K,   0% used [0x0000000692000000, 0x0000000693000000)
AC   0  F    TS     9 PTAMS 0x0000000693000000 NTAMS 0x0000000693000000 space 16384K,   0% used [0x0000000693000000, 0x0000000694000000)
AC   0  F    TS     9 PTAMS 0x0000000694000000 NTAMS 0x0000000694000000 space 16384K,   0% used [0x0000000694000000, 0x0000000695000000)
AC   0  F    TS     9 PTAMS 0x0000000695000000 NTAMS 0x0000000695000000 space 16384K,   0% used [0x0000000695000000, 0x0000000696000000)
AC   0  F    TS     9 PTAMS 0x0000000696000000 NTAMS 0x0000000696000000 space 16384K,   0% used [0x0000000696000000, 0x0000000697000000)
AC   0  F    TS     9 PTAMS 0x0000000697000000 NTAMS 0x0000000697000000 space 16384K,   0% used [0x0000000697000000, 0x0000000698000000)
AC   0  F    TS     9 PTAMS 0x0000000698000000 NTAMS 0x0000000698000000 space 16384K,   0% used [0x0000000698000000, 0x0000000699000000)
AC   0  F    TS     9 PTAMS 0x0000000699000000 NTAMS 0x0000000699000000 space 16384K,   0% used [0x0000000699000000, 0x000000069a000000)
AC   0  F    TS     9 PTAMS 0x000000069a000000 NTAMS 0x000000069a000000 space 16384K,   0% used [0x000000069a000000, 0x000000069b000000)
AC   0  F    TS     9 PTAMS 0x000000069b000000 NTAMS 0x000000069b000000 space 16384K,   0% used [0x000000069b000000, 0x000000069c000000)
AC   0  F    TS     9 PTAMS 0x000000069c000000 NTAMS 0x000000069c000000 space 16384K,   0% used [0x000000069c000000, 0x000000069d000000)
AC   0  F    TS     9 PTAMS 0x000000069d000000 NTAMS 0x000000069d000000 space 16384K,   0% used [0x000000069d000000, 0x000000069e000000)
AC   0  F    TS     9 PTAMS 0x000000069e000000 NTAMS 0x000000069e000000 space 16384K,   0% used [0x000000069e000000, 0x000000069f000000)
AC   0  F    TS     9 PTAMS 0x000000069f000000 NTAMS 0x000000069f000000 space 16384K,   0% used [0x000000069f000000, 0x00000006a0000000)
AC   0  F    TS     9 PTAMS 0x00000006a0000000 NTAMS 0x00000006a0000000 space 16384K,   0% used [0x00000006a0000000, 0x00000006a1000000)
AC   0  F    TS     9 PTAMS 0x00000006a1000000 NTAMS 0x00000006a1000000 space 16384K,   0% used [0x00000006a1000000, 0x00000006a2000000)
AC   0  F    TS     9 PTAMS 0x00000006a2000000 NTAMS 0x00000006a2000000 space 16384K,   0% used [0x00000006a2000000, 0x00000006a3000000)
AC   0  F    TS     9 PTAMS 0x00000006a3000000 NTAMS 0x00000006a3000000 space 16384K,   0% used [0x00000006a3000000, 0x00000006a4000000)
AC   0  F    TS     9 PTAMS 0x00000006a4000000 NTAMS 0x00000006a4000000 space 16384K,   0% used [0x00000006a4000000, 0x00000006a5000000)
AC   0  F    TS     9 PTAMS 0x00000006a5000000 NTAMS 0x00000006a5000000 space 16384K,   0% used [0x00000006a5000000, 0x00000006a6000000)
AC   0  F    TS     9 PTAMS 0x00000006a6000000 NTAMS 0x00000006a6000000 space 16384K,   0% used [0x00000006a6000000, 0x00000006a7000000)
AC   0  F    TS     9 PTAMS 0x00000006a7000000 NTAMS 0x00000006a7000000 space 16384K,   0% used [0x00000006a7000000, 0x00000006a8000000)
AC   0  F    TS     9 PTAMS 0x00000006a8000000 NTAMS 0x00000006a8000000 space 16384K,   0% used [0x00000006a8000000, 0x00000006a9000000)
AC   0  F    TS     9 PTAMS 0x00000006a9000000 NTAMS 0x00000006a9000000 space 16384K,   0% used [0x00000006a9000000, 0x00000006aa000000)
AC   0  F    TS     9 PTAMS 0x00000006aa000000 NTAMS 0x00000006aa000000 space 16384K,   0% used [0x00000006aa000000, 0x00000006ab000000)
AC   0  F    TS     9 PTAMS 0x00000006ab000000 NTAMS 0x00000006ab000000 space 16384K,   0% used [0x00000006ab000000, 0x00000006ac000000)
AC   0  F    TS     9 PTAMS 0x00000006ac000000 NTAMS 0x00000006ac000000 space 16384K,   0% used [0x00000006ac000000, 0x00000006ad000000)
AC   0  F    TS     9 PTAMS 0x00000006ad000000 NTAMS 0x00000006ad000000 space 16384K,   0% used [0x00000006ad000000, 0x00000006ae000000)
AC   0  F    TS     9 PTAMS 0x00000006ae000000 NTAMS 0x00000006ae000000 space 16384K,   0% used [0x00000006ae000000, 0x00000006af000000)
AC   0  F    TS     9 PTAMS 0x00000006af000000 NTAMS 0x00000006af000000 space 16384K,   0% used [0x00000006af000000, 0x00000006b0000000)
AC   0  F    TS     9 PTAMS 0x00000006b0000000 NTAMS 0x00000006b0000000 space 16384K,   0% used [0x00000006b0000000, 0x00000006b1000000)
AC   0  F    TS     9 PTAMS 0x00000006b1000000 NTAMS 0x00000006b1000000 space 16384K,   0% used [0x00000006b1000000, 0x00000006b2000000)
AC   0  F    TS     9 PTAMS 0x00000006b2000000 NTAMS 0x00000006b2000000 space 16384K,   0% used [0x00000006b2000000, 0x00000006b3000000)
AC   0  F    TS     9 PTAMS 0x00000006b3000000 NTAMS 0x00000006b3000000 space 16384K,   0% used [0x00000006b3000000, 0x00000006b4000000)
AC   0  F    TS     9 PTAMS 0x00000006b4000000 NTAMS 0x00000006b4000000 space 16384K,   0% used [0x00000006b4000000, 0x00000006b5000000)
AC   0  F    TS     9 PTAMS 0x00000006b5000000 NTAMS 0x00000006b5000000 space 16384K,   0% used [0x00000006b5000000, 0x00000006b6000000)
AC   0  F    TS     9 PTAMS 0x00000006b6000000 NTAMS 0x00000006b6000000 space 16384K,   0% used [0x00000006b6000000, 0x00000006b7000000)
AC   0  F    TS     9 PTAMS 0x00000006b7000000 NTAMS 0x00000006b7000000 space 16384K,   0% used [0x00000006b7000000, 0x00000006b8000000)
AC   0  F    TS     9 PTAMS 0x00000006b8000000 NTAMS 0x00000006b8000000 space 16384K,   0% used [0x00000006b8000000, 0x00000006b9000000)
AC   0  F    TS     9 PTAMS 0x00000006b9000000 NTAMS 0x00000006b9000000 space 16384K,   0% used [0x00000006b9000000, 0x00000006ba000000)
AC   0  F    TS     9 PTAMS 0x00000006ba000000 NTAMS 0x00000006ba000000 space 16384K,   0% used [0x00000006ba000000, 0x00000006bb000000)
AC   0  F    TS     9 PTAMS 0x00000006bb000000 NTAMS 0x00000006bb000000 space 16384K,   0% used [0x00000006bb000000, 0x00000006bc000000)
AC   0  F    TS     9 PTAMS 0x00000006bc000000 NTAMS 0x00000006bc000000 space 16384K,   0% used [0x00000006bc000000, 0x00000006bd000000)
AC   0  F    TS     9 PTAMS 0x00000006bd000000 NTAMS 0x00000006bd000000 space 16384K,   0% used [0x00000006bd000000, 0x00000006be000000)
AC   0  F    TS     9 PTAMS 0x00000006be000000 NTAMS 0x00000006be000000 space 16384K,   0% used [0x00000006be000000, 0x00000006bf000000)
AC   0  F    TS     9 PTAMS 0x00000006bf000000 NTAMS 0x00000006bf000000 space 16384K,   0% used [0x00000006bf000000, 0x00000006c0000000)
AC   0  F    TS     9 PTAMS 0x00000006c0000000 NTAMS 0x00000006c0000000 space 16384K,   0% used [0x00000006c0000000, 0x00000006c1000000)
AC   0  F    TS     9 PTAMS 0x00000006c1000000 NTAMS 0x00000006c1000000 space 16384K,   0% used [0x00000006c1000000, 0x00000006c2000000)
AC   0  F    TS     9 PTAMS 0x00000006c2000000 NTAMS 0x00000006c2000000 space 16384K,   0% used [0x00000006c2000000, 0x00000006c3000000)
AC   0  F    TS     9 PTAMS 0x00000006c3000000 NTAMS 0x00000006c3000000 space 16384K,   0% used [0x00000006c3000000, 0x00000006c4000000)
AC   0  F    TS     9 PTAMS 0x00000006c4000000 NTAMS 0x00000006c4000000 space 16384K,   0% used [0x00000006c4000000, 0x00000006c5000000)
AC   0  F    TS     9 PTAMS 0x00000006c5000000 NTAMS 0x00000006c5000000 space 16384K,   0% used [0x00000006c5000000, 0x00000006c6000000)
AC   0  F    TS    11 PTAMS 0x00000006c6000000 NTAMS 0x00000006c6000000 space 16384K,   0% used [0x00000006c6000000, 0x00000006c7000000)
AC   0  F    TS     9 PTAMS 0x00000006c7000000 NTAMS 0x00000006c7000000 space 16384K,   0% used [0x00000006c7000000, 0x00000006c8000000)
AC   0  F    TS     9 PTAMS 0x00000006c8000000 NTAMS 0x00000006c8000000 space 16384K,   0% used [0x00000006c8000000, 0x00000006c9000000)
AC   0  F    TS     9 PTAMS 0x00000006c9000000 NTAMS 0x00000006c9000000 space 16384K,   0% used [0x00000006c9000000, 0x00000006ca000000)
AC   0  F    TS     9 PTAMS 0x00000006ca000000 NTAMS 0x00000006ca000000 space 16384K,   0% used [0x00000006ca000000, 0x00000006cb000000)
AC   0  F    TS     9 PTAMS 0x00000006cb000000 NTAMS 0x00000006cb000000 space 16384K,   0% used [0x00000006cb000000, 0x00000006cc000000)
AC   0  F    TS     9 PTAMS 0x00000006cc000000 NTAMS 0x00000006cc000000 space 16384K,   0% used [0x00000006cc000000, 0x00000006cd000000)
AC   0  F    TS     9 PTAMS 0x00000006cd000000 NTAMS 0x00000006cd000000 space 16384K,   0% used [0x00000006cd000000, 0x00000006ce000000)
AC   0  F    TS    11 PTAMS 0x00000006ce000000 NTAMS 0x00000006ce000000 space 16384K,   0% used [0x00000006ce000000, 0x00000006cf000000)
AC   0  F    TS    11 PTAMS 0x00000006cf000000 NTAMS 0x00000006cf000000 space 16384K,   0% used [0x00000006cf000000, 0x00000006d0000000)
AC   0  F    TS    11 PTAMS 0x00000006d0000000 NTAMS 0x00000006d0000000 space 16384K,   0% used [0x00000006d0000000, 0x00000006d1000000)
AC   0  F    TS    11 PTAMS 0x00000006d1000000 NTAMS 0x00000006d1000000 space 16384K,   0% used [0x00000006d1000000, 0x00000006d2000000)
AC   0  F    TS    11 PTAMS 0x00000006d2000000 NTAMS 0x00000006d2000000 space 16384K,   0% used [0x00000006d2000000, 0x00000006d3000000)
AC   0  F    TS    11 PTAMS 0x00000006d3000000 NTAMS 0x00000006d3000000 space 16384K,   0% used [0x00000006d3000000, 0x00000006d4000000)
AC   0  F    TS    11 PTAMS 0x00000006d4000000 NTAMS 0x00000006d4000000 space 16384K,   0% used [0x00000006d4000000, 0x00000006d5000000)
AC   0  F    TS    11 PTAMS 0x00000006d5000000 NTAMS 0x00000006d5000000 space 16384K,   0% used [0x00000006d5000000, 0x00000006d6000000)
AC   0  F    TS    11 PTAMS 0x00000006d6000000 NTAMS 0x00000006d6000000 space 16384K,   0% used [0x00000006d6000000, 0x00000006d7000000)
AC   0  F    TS    11 PTAMS 0x00000006d7000000 NTAMS 0x00000006d7000000 space 16384K,   0% used [0x00000006d7000000, 0x00000006d8000000)
AC   0  F    TS    11 PTAMS 0x00000006d8000000 NTAMS 0x00000006d8000000 space 16384K,   0% used [0x00000006d8000000, 0x00000006d9000000)
AC   0  F    TS    11 PTAMS 0x00000006d9000000 NTAMS 0x00000006d9000000 space 16384K,   0% used [0x00000006d9000000, 0x00000006da000000)
AC   0  F    TS    11 PTAMS 0x00000006da000000 NTAMS 0x00000006da000000 space 16384K,   0% used [0x00000006da000000, 0x00000006db000000)
AC   0  F    TS    11 PTAMS 0x00000006db000000 NTAMS 0x00000006db000000 space 16384K,   0% used [0x00000006db000000, 0x00000006dc000000)
AC   0  F    TS    11 PTAMS 0x00000006dc000000 NTAMS 0x00000006dc000000 space 16384K,   0% used [0x00000006dc000000, 0x00000006dd000000)
AC   0  F    TS    11 PTAMS 0x00000006dd000000 NTAMS 0x00000006dd000000 space 16384K,   0% used [0x00000006dd000000, 0x00000006de000000)
AC   0  F    TS    11 PTAMS 0x00000006de000000 NTAMS 0x00000006de000000 space 16384K,   0% used [0x00000006de000000, 0x00000006df000000)
AC   0  F    TS    11 PTAMS 0x00000006df000000 NTAMS 0x00000006df000000 space 16384K,   0% used [0x00000006df000000, 0x00000006e0000000)
AC   0  F    TS    11 PTAMS 0x00000006e0000000 NTAMS 0x00000006e0000000 space 16384K,   0% used [0x00000006e0000000, 0x00000006e1000000)
AC   0  F    TS    11 PTAMS 0x00000006e1000000 NTAMS 0x00000006e1000000 space 16384K,   0% used [0x00000006e1000000, 0x00000006e2000000)
AC   0  F    TS    11 PTAMS 0x00000006e2000000 NTAMS 0x00000006e2000000 space 16384K,   0% used [0x00000006e2000000, 0x00000006e3000000)
AC   0  F    TS    11 PTAMS 0x00000006e3000000 NTAMS 0x00000006e3000000 space 16384K,   0% used [0x00000006e3000000, 0x00000006e4000000)
AC   0  F    TS    11 PTAMS 0x00000006e4000000 NTAMS 0x00000006e4000000 space 16384K,   0% used [0x00000006e4000000, 0x00000006e5000000)
AC   0  F    TS    11 PTAMS 0x00000006e5000000 NTAMS 0x00000006e5000000 space 16384K,   0% used [0x00000006e5000000, 0x00000006e6000000)
AC   0  F    TS    11 PTAMS 0x00000006e6000000 NTAMS 0x00000006e6000000 space 16384K,   0% used [0x00000006e6000000, 0x00000006e7000000)
AC   0  F    TS    11 PTAMS 0x00000006e7000000 NTAMS 0x00000006e7000000 space 16384K,   0% used [0x00000006e7000000, 0x00000006e8000000)
AC   0  F    TS    11 PTAMS 0x00000006e8000000 NTAMS 0x00000006e8000000 space 16384K,   0% used [0x00000006e8000000, 0x00000006e9000000)
AC   0  F    TS    11 PTAMS 0x00000006e9000000 NTAMS 0x00000006e9000000 space 16384K,   0% used [0x00000006e9000000, 0x00000006ea000000)
AC   0  F    TS    11 PTAMS 0x00000006ea000000 NTAMS 0x00000006ea000000 space 16384K,   0% used [0x00000006ea000000, 0x00000006eb000000)
AC   0  F    TS    11 PTAMS 0x00000006eb000000 NTAMS 0x00000006eb000000 space 16384K,   0% used [0x00000006eb000000, 0x00000006ec000000)
AC   0  F    TS    11 PTAMS 0x00000006ec000000 NTAMS 0x00000006ec000000 space 16384K,   0% used [0x00000006ec000000, 0x00000006ed000000)
AC   0  F    TS    11 PTAMS 0x00000006ed000000 NTAMS 0x00000006ed000000 space 16384K,   0% used [0x00000006ed000000, 0x00000006ee000000)
AC   0  F    TS    11 PTAMS 0x00000006ee000000 NTAMS 0x00000006ee000000 space 16384K,   0% used [0x00000006ee000000, 0x00000006ef000000)
AC   0  F    TS    11 PTAMS 0x00000006ef000000 NTAMS 0x00000006ef000000 space 16384K,   0% used [0x00000006ef000000, 0x00000006f0000000)
AC   0  F    TS    11 PTAMS 0x00000006f0000000 NTAMS 0x00000006f0000000 space 16384K,   0% used [0x00000006f0000000, 0x00000006f1000000)
AC   0  F    TS    11 PTAMS 0x00000006f1000000 NTAMS 0x00000006f1000000 space 16384K,   0% used [0x00000006f1000000, 0x00000006f2000000)
AC   0  F    TS    11 PTAMS 0x00000006f2000000 NTAMS 0x00000006f2000000 space 16384K,   0% used [0x00000006f2000000, 0x00000006f3000000)
AC   0  F    TS    11 PTAMS 0x00000006f3000000 NTAMS 0x00000006f3000000 space 16384K,   0% used [0x00000006f3000000, 0x00000006f4000000)
AC   0  F    TS    11 PTAMS 0x00000006f4000000 NTAMS 0x00000006f4000000 space 16384K,   0% used [0x00000006f4000000, 0x00000006f5000000)
AC   0  F    TS    11 PTAMS 0x00000006f5000000 NTAMS 0x00000006f5000000 space 16384K,   0% used [0x00000006f5000000, 0x00000006f6000000)
AC   0  F    TS    11 PTAMS 0x00000006f6000000 NTAMS 0x00000006f6000000 space 16384K,   0% used [0x00000006f6000000, 0x00000006f7000000)
AC   0  F    TS    13 PTAMS 0x00000006f7000000 NTAMS 0x00000006f7000000 space 16384K,   0% used [0x00000006f7000000, 0x00000006f8000000)
AC   0  F    TS    11 PTAMS 0x00000006f8000000 NTAMS 0x00000006f8000000 space 16384K,   0% used [0x00000006f8000000, 0x00000006f9000000)
AC   0  F    TS    11 PTAMS 0x00000006f9000000 NTAMS 0x00000006f9000000 space 16384K,   0% used [0x00000006f9000000, 0x00000006fa000000)
AC   0  F    TS    11 PTAMS 0x00000006fa000000 NTAMS 0x00000006fa000000 space 16384K,   0% used [0x00000006fa000000, 0x00000006fb000000)
AC   0  F    TS    11 PTAMS 0x00000006fb000000 NTAMS 0x00000006fb000000 space 16384K,   0% used [0x00000006fb000000, 0x00000006fc000000)
AC   0  F    TS    11 PTAMS 0x00000006fc000000 NTAMS 0x00000006fc000000 space 16384K,   0% used [0x00000006fc000000, 0x00000006fd000000)
AC   0  F    TS    11 PTAMS 0x00000006fd000000 NTAMS 0x00000006fd000000 space 16384K,   0% used [0x00000006fd000000, 0x00000006fe000000)
AC   0  F    TS    11 PTAMS 0x00000006fe000000 NTAMS 0x00000006fe000000 space 16384K,   0% used [0x00000006fe000000, 0x00000006ff000000)
AC   0  F    TS    13 PTAMS 0x00000006ff000000 NTAMS 0x00000006ff000000 space 16384K,   0% used [0x00000006ff000000, 0x0000000700000000)
AC   0  F    TS    13 PTAMS 0x0000000700000000 NTAMS 0x0000000700000000 space 16384K,   0% used [0x0000000700000000, 0x0000000701000000)
AC   0  F    TS    13 PTAMS 0x0000000701000000 NTAMS 0x0000000701000000 space 16384K,   0% used [0x0000000701000000, 0x0000000702000000)
AC   0  F    TS    13 PTAMS 0x0000000702000000 NTAMS 0x0000000702000000 space 16384K,   0% used [0x0000000702000000, 0x0000000703000000)
AC   0  F    TS    13 PTAMS 0x0000000703000000 NTAMS 0x0000000703000000 space 16384K,   0% used [0x0000000703000000, 0x0000000704000000)
AC   0  F    TS    13 PTAMS 0x0000000704000000 NTAMS 0x0000000704000000 space 16384K,   0% used [0x0000000704000000, 0x0000000705000000)
AC   0  F    TS    13 PTAMS 0x0000000705000000 NTAMS 0x0000000705000000 space 16384K,   0% used [0x0000000705000000, 0x0000000706000000)
AC   0  F    TS    13 PTAMS 0x0000000706000000 NTAMS 0x0000000706000000 space 16384K,   0% used [0x0000000706000000, 0x0000000707000000)
AC   0  F    TS    13 PTAMS 0x0000000707000000 NTAMS 0x0000000707000000 space 16384K,   0% used [0x0000000707000000, 0x0000000708000000)
AC   0  F    TS    13 PTAMS 0x0000000708000000 NTAMS 0x0000000708000000 space 16384K,   0% used [0x0000000708000000, 0x0000000709000000)
AC   0  F    TS    13 PTAMS 0x0000000709000000 NTAMS 0x0000000709000000 space 16384K,   0% used [0x0000000709000000, 0x000000070a000000)
AC   0  F    TS    13 PTAMS 0x000000070a000000 NTAMS 0x000000070a000000 space 16384K,   0% used [0x000000070a000000, 0x000000070b000000)
AC   0  F    TS    13 PTAMS 0x000000070b000000 NTAMS 0x000000070b000000 space 16384K,   0% used [0x000000070b000000, 0x000000070c000000)
AC   0  F    TS    13 PTAMS 0x000000070c000000 NTAMS 0x000000070c000000 space 16384K,   0% used [0x000000070c000000, 0x000000070d000000)
AC   0  F    TS    13 PTAMS 0x000000070d000000 NTAMS 0x000000070d000000 space 16384K,   0% used [0x000000070d000000, 0x000000070e000000)
AC   0  F    TS    13 PTAMS 0x000000070e000000 NTAMS 0x000000070e000000 space 16384K,   0% used [0x000000070e000000, 0x000000070f000000)
AC   0  F    TS    13 PTAMS 0x000000070f000000 NTAMS 0x000000070f000000 space 16384K,   0% used [0x000000070f000000, 0x0000000710000000)
AC   0  F    TS    13 PTAMS 0x0000000710000000 NTAMS 0x0000000710000000 space 16384K,   0% used [0x0000000710000000, 0x0000000711000000)
AC   0  F    TS    13 PTAMS 0x0000000711000000 NTAMS 0x0000000711000000 space 16384K,   0% used [0x0000000711000000, 0x0000000712000000)
AC   0  F    TS    13 PTAMS 0x0000000712000000 NTAMS 0x0000000712000000 space 16384K,   0% used [0x0000000712000000, 0x0000000713000000)
AC   0  F    TS    13 PTAMS 0x0000000713000000 NTAMS 0x0000000713000000 space 16384K,   0% used [0x0000000713000000, 0x0000000714000000)
AC   0  F    TS    13 PTAMS 0x0000000714000000 NTAMS 0x0000000714000000 space 16384K,   0% used [0x0000000714000000, 0x0000000715000000)
AC   0  F    TS    13 PTAMS 0x0000000715000000 NTAMS 0x0000000715000000 space 16384K,   0% used [0x0000000715000000, 0x0000000716000000)
AC   0  F    TS    13 PTAMS 0x0000000716000000 NTAMS 0x0000000716000000 space 16384K,   0% used [0x0000000716000000, 0x0000000717000000)
AC   0  F    TS    13 PTAMS 0x0000000717000000 NTAMS 0x0000000717000000 space 16384K,   0% used [0x0000000717000000, 0x0000000718000000)
AC   0  F    TS    13 PTAMS 0x0000000718000000 NTAMS 0x0000000718000000 space 16384K,   0% used [0x0000000718000000, 0x0000000719000000)
AC   0  F    TS    13 PTAMS 0x0000000719000000 NTAMS 0x0000000719000000 space 16384K,   0% used [0x0000000719000000, 0x000000071a000000)
AC   0  F    TS    13 PTAMS 0x000000071a000000 NTAMS 0x000000071a000000 space 16384K,   0% used [0x000000071a000000, 0x000000071b000000)
AC   0  F    TS    13 PTAMS 0x000000071b000000 NTAMS 0x000000071b000000 space 16384K,   0% used [0x000000071b000000, 0x000000071c000000)
AC   0  F    TS    13 PTAMS 0x000000071c000000 NTAMS 0x000000071c000000 space 16384K,   0% used [0x000000071c000000, 0x000000071d000000)
AC   0  F    TS    13 PTAMS 0x000000071d000000 NTAMS 0x000000071d000000 space 16384K,   0% used [0x000000071d000000, 0x000000071e000000)
AC   0  S CS TS    15 PTAMS 0x000000071e000000 NTAMS 0x000000071e000000 space 16384K,  65% used [0x000000071e000000, 0x000000071f000000)
AC   0  F    TS    13 PTAMS 0x000000071f000000 NTAMS 0x000000071f000000 space 16384K,   0% used [0x000000071f000000, 0x0000000720000000)
AC   0  F    TS    13 PTAMS 0x0000000720000000 NTAMS 0x0000000720000000 space 16384K,   0% used [0x0000000720000000, 0x0000000721000000)
AC   0  F    TS    13 PTAMS 0x0000000721000000 NTAMS 0x0000000721000000 space 16384K,   0% used [0x0000000721000000, 0x0000000722000000)
AC   0  F    TS    13 PTAMS 0x0000000722000000 NTAMS 0x0000000722000000 space 16384K,   0% used [0x0000000722000000, 0x0000000723000000)
AC   0  F    TS    13 PTAMS 0x0000000723000000 NTAMS 0x0000000723000000 space 16384K,   0% used [0x0000000723000000, 0x0000000724000000)
AC   0  F    TS    13 PTAMS 0x0000000724000000 NTAMS 0x0000000724000000 space 16384K,   0% used [0x0000000724000000, 0x0000000725000000)
AC   0  F    TS    13 PTAMS 0x0000000725000000 NTAMS 0x0000000725000000 space 16384K,   0% used [0x0000000725000000, 0x0000000726000000)

Card table byte_map: [0x00000239af360000,0x00000239b0300000] byte_map_base: 0x00000239ac4f8000

Marking Bits (Prev, Next): (CMBitMap*) 0x000002399be7bb18, (CMBitMap*) 0x000002399be7bb70
 Prev Bits: [0x00000239b12a0000, 0x00000239b8f60000)
 Next Bits: [0x00000239b8f60000, 0x00000239c0c20000)

Polling page: 0x000002399d7b0000

CodeCache: size=245760Kb used=18845Kb max_used=18869Kb free=226914Kb
 bounds [0x000002399d7e0000, 0x000002399ea80000, 0x00000239ac7e0000]
 total_blobs=6414 nmethods=5729 adapters=595
 compilation: enabled

Compilation events (10 events):
Event: 19.173 Thread 0x00000239c512f000 nmethod 7222 0x000002399d8f2950 code [0x000002399d8f2aa0, 0x000002399d8f2b58]
Event: 19.175 Thread 0x00000239c513f800 7223       3       org.spongepowered.asm.transformers.TreeTransformer::readClass (38 bytes)
Event: 19.176 Thread 0x00000239c513f800 nmethod 7223 0x000002399df7e710 code [0x000002399df7e8e0, 0x000002399df7f060]
Event: 19.176 Thread 0x00000239c513f800 7224       3       java.lang.invoke.InnerClassLambdaMetafactory::getOpcodeOffset (38 bytes)
Event: 19.176 Thread 0x00000239c513f800 nmethod 7224 0x000002399dca38d0 code [0x000002399dca3a40, 0x000002399dca3d90]
Event: 19.178 Thread 0x00000239c5122000 7225       4       java.util.HashMap$EntrySpliterator::forEachRemaining (183 bytes)
Event: 19.190 Thread 0x00000239c5122000 nmethod 7225 0x000002399ddbf210 code [0x000002399ddbf3a0, 0x000002399ddbf8c8]
Event: 19.208 Thread 0x00000239c511f800 7226       4       org.objectweb.asm.tree.MethodNode::visitInvokeDynamicInsn (20 bytes)
Event: 19.221 Thread 0x00000239c512f000 7227       4       sun.net.www.protocol.file.Handler::parseURL (18 bytes)
Event: 19.223 Thread 0x00000239c511f800 nmethod 7226 0x000002399dbb7550 code [0x000002399dbb76a0, 0x000002399dbb8018]

GC Heap History (10 events):
Event: 18.500 GC heap after
Heap after GC invocations=29 (full 0):
 garbage-first heap   total 1966080K, used 290131K [0x00000005cd000000, 0x00000005ce0003c0, 0x00000007c0000000)
  region size 16384K, 1 young (16384K), 1 survivors (16384K)
 Metaspace       used 47745K, capacity 51241K, committed 51584K, reserved 1093632K
  class space    used 6779K, capacity 7735K, committed 7808K, reserved 1048576K
}
Event: 18.650 GC heap before
{Heap before GC invocations=29 (full 0):
 garbage-first heap   total 1966080K, used 404819K [0x00000005cd000000, 0x00000005ce0003c0, 0x00000007c0000000)
  region size 16384K, 8 young (131072K), 1 survivors (16384K)
 Metaspace       used 47866K, capacity 51399K, committed 51840K, reserved 1093632K
  class space    used 6805K, capacity 7750K, committed 7808K, reserved 1048576K
Event: 18.678 GC heap after
Heap after GC invocations=30 (full 0):
 garbage-first heap   total 3211264K, used 293128K [0x00000005cd000000, 0x00000005ce000620, 0x00000007c0000000)
  region size 16384K, 1 young (16384K), 1 survivors (16384K)
 Metaspace       used 47866K, capacity 51399K, committed 51840K, reserved 1093632K
  class space    used 6805K, capacity 7750K, committed 7808K, reserved 1048576K
}
Event: 18.800 GC heap before
{Heap before GC invocations=30 (full 0):
 garbage-first heap   total 3211264K, used 407816K [0x00000005cd000000, 0x00000005ce000620, 0x00000007c0000000)
  region size 16384K, 8 young (131072K), 1 survivors (16384K)
 Metaspace       used 47985K, capacity 51525K, committed 51840K, reserved 1093632K
  class space    used 6829K, capacity 7797K, committed 7808K, reserved 1048576K
Event: 18.823 GC heap after
Heap after GC invocations=31 (full 0):
 garbage-first heap   total 4210688K, used 289081K [0x00000005cd000000, 0x00000005ce000808, 0x00000007c0000000)
  region size 16384K, 1 young (16384K), 1 survivors (16384K)
 Metaspace       used 47985K, capacity 51525K, committed 51840K, reserved 1093632K
  class space    used 6829K, capacity 7797K, committed 7808K, reserved 1048576K
}
Event: 18.950 GC heap before
{Heap before GC invocations=31 (full 0):
 garbage-first heap   total 4210688K, used 403769K [0x00000005cd000000, 0x00000005ce000808, 0x00000007c0000000)
  region size 16384K, 8 young (131072K), 1 survivors (16384K)
 Metaspace       used 48167K, capacity 51679K, committed 51968K, reserved 1093632K
  class space    used 6865K, capacity 7834K, committed 7936K, reserved 1048576K
Event: 18.973 GC heap after
Heap after GC invocations=32 (full 0):
 garbage-first heap   total 5013504K, used 292168K [0x00000005cd000000, 0x00000005ce000990, 0x00000007c0000000)
  region size 16384K, 1 young (16384K), 1 survivors (16384K)
 Metaspace       used 48167K, capacity 51679K, committed 51968K, reserved 1093632K
  class space    used 6865K, capacity 7834K, committed 7936K, reserved 1048576K
}
Event: 19.089 GC heap before
{Heap before GC invocations=32 (full 0):
 garbage-first heap   total 5013504K, used 406856K [0x00000005cd000000, 0x00000005ce000990, 0x00000007c0000000)
  region size 16384K, 8 young (131072K), 1 survivors (16384K)
 Metaspace       used 48209K, capacity 51811K, committed 52224K, reserved 1093632K
  class space    used 6874K, capacity 7874K, committed 7936K, reserved 1048576K
Event: 19.113 GC heap after
Heap after GC invocations=33 (full 0):
 garbage-first heap   total 5652480K, used 293946K [0x00000005cd000000, 0x00000005ce000ac8, 0x00000007c0000000)
  region size 16384K, 1 young (16384K), 1 survivors (16384K)
 Metaspace       used 48209K, capacity 51811K, committed 52224K, reserved 1093632K
  class space    used 6874K, capacity 7874K, committed 7936K, reserved 1048576K
}
Event: 19.225 GC heap before
{Heap before GC invocations=33 (full 0):
 garbage-first heap   total 5652480K, used 408634K [0x00000005cd000000, 0x00000005ce000ac8, 0x00000007c0000000)
  region size 16384K, 8 young (131072K), 1 survivors (16384K)
 Metaspace       used 48354K, capacity 51919K, committed 52224K, reserved 1093632K
  class space    used 6903K, capacity 7912K, committed 7936K, reserved 1048576K

Deoptimization events (10 events):
Event: 18.289 Thread 0x000002399bdea000 Uncommon trap: reason=unstable_if action=reinterpret pc=0x000002399e0b38b0 method=java.util.Locale.hashCode()I @ 6
Event: 18.631 Thread 0x00000239c6c55000 Uncommon trap: reason=bimorphic action=maybe_recompile pc=0x000002399e38e720 method=java.util.Map.computeIfAbsent(Ljava/lang/Object;Ljava/util/function/Function;)Ljava/lang/Object; @ 34
Event: 18.758 Thread 0x000002399bdea000 Uncommon trap: reason=unstable_if action=reinterpret pc=0x000002399e7eb1d4 method=java.lang.invoke.InnerClassLambdaMetafactory.getOpcodeOffset(Ljava/lang/Class;)I @ 20
Event: 18.910 Thread 0x000002399bdea000 Uncommon trap: reason=null_check action=none pc=0x000002399dede840 method=sun.misc.URLClassPath$Loader.findResource(Ljava/lang/String;Z)Ljava/net/URL; @ 87
Event: 19.025 Thread 0x000002399bdea000 Uncommon trap: reason=null_check action=none pc=0x000002399dede840 method=sun.misc.URLClassPath$Loader.findResource(Ljava/lang/String;Z)Ljava/net/URL; @ 87
Event: 19.027 Thread 0x000002399bdea000 Uncommon trap: reason=class_check action=maybe_recompile pc=0x000002399dc96304 method=java.util.HashMap$EntrySpliterator.forEachRemaining(Ljava/util/function/Consumer;)V @ 142
Event: 19.029 Thread 0x000002399bdea000 Uncommon trap: reason=null_check action=none pc=0x000002399dede840 method=sun.misc.URLClassPath$Loader.findResource(Ljava/lang/String;Z)Ljava/net/URL; @ 87
Event: 19.032 Thread 0x000002399bdea000 Uncommon trap: reason=class_check action=maybe_recompile pc=0x000002399dc96304 method=java.util.HashMap$EntrySpliterator.forEachRemaining(Ljava/util/function/Consumer;)V @ 142
Event: 19.032 Thread 0x000002399bdea000 Uncommon trap: reason=class_check action=maybe_recompile pc=0x000002399dc96304 method=java.util.HashMap$EntrySpliterator.forEachRemaining(Ljava/util/function/Consumer;)V @ 142
Event: 19.032 Thread 0x000002399bdea000 Uncommon trap: reason=class_check action=maybe_recompile pc=0x000002399dc96304 method=java.util.HashMap$EntrySpliterator.forEachRemaining(Ljava/util/function/Consumer;)V @ 142

Classes redefined (0 events):
No events

Internal exceptions (10 events):
Event: 18.352 Thread 0x000002399bdea000 Exception <a 'java/lang/NoSuchMethodError': java.lang.Object.method_28997(Lcom/mojang/serialization/Codec;)Lcom/mojang/serialization/Codec;> (0x0000000606f73b88) thrown at [C:\jenkins\workspace\8-2-build-windows-amd64-cygwin\jdk8u261\295\hotspot\src\share
Event: 18.357 Thread 0x000002399bdea000 Exception <a 'java/lang/NoSuchMethodError': java.lang.Object.method_28983(Lcom/mojang/serialization/Codec;)Lcom/mojang/serialization/Codec;> (0x00000006051afff0) thrown at [C:\jenkins\workspace\8-2-build-windows-amd64-cygwin\jdk8u261\295\hotspot\src\share
Event: 18.831 Thread 0x000002399bdea000 Implicit null exception at 0x000002399e4cc99e to 0x000002399e4ccd06
Event: 18.831 Thread 0x000002399bdea000 Exception <a 'java/lang/NullPointerException'> (0x00000006cda76188) thrown at [C:\jenkins\workspace\8-2-build-windows-amd64-cygwin\jdk8u261\295\hotspot\src\share\vm\runtime\sharedRuntime.cpp, line 605]
Event: 18.832 Thread 0x000002399bdea000 Implicit null exception at 0x000002399e4cc99e to 0x000002399e4ccd06
Event: 18.832 Thread 0x000002399bdea000 Exception <a 'java/lang/NullPointerException'> (0x00000006cda7cc50) thrown at [C:\jenkins\workspace\8-2-build-windows-amd64-cygwin\jdk8u261\295\hotspot\src\share\vm\runtime\sharedRuntime.cpp, line 605]
Event: 18.844 Thread 0x000002399bdea000 Implicit null exception at 0x000002399e4cc99e to 0x000002399e4ccd06
Event: 18.844 Thread 0x000002399bdea000 Exception <a 'java/lang/NullPointerException'> (0x00000006cc6cc968) thrown at [C:\jenkins\workspace\8-2-build-windows-amd64-cygwin\jdk8u261\295\hotspot\src\share\vm\runtime\sharedRuntime.cpp, line 605]
Event: 19.176 Thread 0x000002399bdea000 Exception <a 'java/lang/NoSuchMethodError': java.lang.Object.method_16775(Lnet/minecraft/class_47;Ljava/util/function/Consumer;)Z> (0x0000000722ae0bb0) thrown at [C:\jenkins\workspace\8-2-build-windows-amd64-cygwin\jdk8u261\295\hotspot\src\share\vm\interp
Event: 19.177 Thread 0x000002399bdea000 Exception <a 'java/lang/NoSuchMethodError': java.lang.Object.method_16776(Lnet/minecraft/class_47;Ljava/util/function/Consumer;)Z> (0x0000000722ae3118) thrown at [C:\jenkins\workspace\8-2-build-windows-amd64-cygwin\jdk8u261\295\hotspot\src\share\vm\interp

Events (10 events):
Event: 19.188 loading class net/minecraft/class_79 done
Event: 19.188 loading class net/minecraft/class_79
Event: 19.188 loading class net/minecraft/class_79 done
Event: 19.188 loading class net/minecraft/class_69$class_70
Event: 19.188 loading class net/minecraft/class_69$class_70 done
Event: 19.193 loading class net/minecraft/class_1799
Event: 19.193 loading class net/minecraft/class_1799 done
Event: 19.193 loading class net/minecraft/class_1799
Event: 19.193 loading class net/minecraft/class_1799 done
Event: 19.225 Executing VM operation: G1IncCollectionPause


Dynamic libraries:
0x00007ff6a8480000 - 0x00007ff6a84c7000 	C:\Program Files\Java\jre1.8.0_261\bin\java.exe
0x00007ffb4f4a0000 - 0x00007ffb4f690000 	C:\Windows\SYSTEM32\ntdll.dll
0x00007ffb4f3a0000 - 0x00007ffb4f452000 	C:\Windows\System32\KERNEL32.DLL
0x00007ffb4c510000 - 0x00007ffb4c7b5000 	C:\Windows\System32\KERNELBASE.dll
0x00007ffb4ebe0000 - 0x00007ffb4ec83000 	C:\Windows\System32\ADVAPI32.dll
0x00007ffb4f300000 - 0x00007ffb4f39e000 	C:\Windows\System32\msvcrt.dll
0x00007ffb4ec90000 - 0x00007ffb4ed27000 	C:\Windows\System32\sechost.dll
0x00007ffb4e1e0000 - 0x00007ffb4e2ff000 	C:\Windows\System32\RPCRT4.dll
0x00007ffb4e950000 - 0x00007ffb4eae4000 	C:\Windows\System32\USER32.dll
0x00007ffb4c7c0000 - 0x00007ffb4c7e1000 	C:\Windows\System32\win32u.dll
0x00007ffb4ed30000 - 0x00007ffb4ed56000 	C:\Windows\System32\GDI32.dll
0x00007ffb4d010000 - 0x00007ffb4d1a8000 	C:\Windows\System32\gdi32full.dll
0x00007ffb4cf70000 - 0x00007ffb4d00e000 	C:\Windows\System32\msvcp_win.dll
0x00007ffb4c410000 - 0x00007ffb4c50a000 	C:\Windows\System32\ucrtbase.dll
0x00007ffb33f60000 - 0x00007ffb341e4000 	C:\Windows\WinSxS\amd64_microsoft.windows.common-controls_6595b64144ccf1df_6.0.18362.1440_none_9e7dbfb9e45e8e67\COMCTL32.dll
0x00007ffb4ed60000 - 0x00007ffb4f096000 	C:\Windows\System32\combase.dll
0x00007ffb4d2e0000 - 0x00007ffb4d361000 	C:\Windows\System32\bcryptPrimitives.dll
0x00007ffb4f110000 - 0x00007ffb4f13e000 	C:\Windows\System32\IMM32.DLL
0x00007ffb39f90000 - 0x00007ffb39fa5000 	C:\Program Files\Java\jre1.8.0_261\bin\vcruntime140.dll
0x00007ffb381c0000 - 0x00007ffb3825b000 	C:\Program Files\Java\jre1.8.0_261\bin\msvcp140.dll
0x000000006ae10000 - 0x000000006b67c000 	C:\Program Files\Java\jre1.8.0_261\bin\server\jvm.dll
0x00007ffb4d930000 - 0x00007ffb4d938000 	C:\Windows\System32\PSAPI.DLL
0x00007ffb42a10000 - 0x00007ffb42a1a000 	C:\Windows\SYSTEM32\VERSION.dll
0x00007ffb31500000 - 0x00007ffb31509000 	C:\Windows\SYSTEM32\WSOCK32.dll
0x00007ffb48c00000 - 0x00007ffb48c24000 	C:\Windows\SYSTEM32\WINMM.dll
0x00007ffb4eb70000 - 0x00007ffb4ebdf000 	C:\Windows\System32\WS2_32.dll
0x00007ffb48bd0000 - 0x00007ffb48bfd000 	C:\Windows\SYSTEM32\WINMMBASE.dll
0x00007ffb4d1b0000 - 0x00007ffb4d1fa000 	C:\Windows\System32\cfgmgr32.dll
0x00007ffb4c380000 - 0x00007ffb4c391000 	C:\Windows\System32\kernel.appcore.dll
0x00007ffb3ffc0000 - 0x00007ffb3ffd0000 	C:\Program Files\Java\jre1.8.0_261\bin\verify.dll
0x00007ffb39de0000 - 0x00007ffb39e0b000 	C:\Program Files\Java\jre1.8.0_261\bin\java.dll
0x00007ffb39c30000 - 0x00007ffb39c48000 	C:\Program Files\Java\jre1.8.0_261\bin\zip.dll
0x00007ffb4daf0000 - 0x00007ffb4e1d8000 	C:\Windows\System32\SHELL32.dll
0x00007ffb4f1f0000 - 0x00007ffb4f297000 	C:\Windows\System32\shcore.dll
0x00007ffb4c7f0000 - 0x00007ffb4cf6b000 	C:\Windows\System32\windows.storage.dll
0x00007ffb4c3f0000 - 0x00007ffb4c40e000 	C:\Windows\System32\profapi.dll
0x00007ffb4c3a0000 - 0x00007ffb4c3ea000 	C:\Windows\System32\powrprof.dll
0x00007ffb4c350000 - 0x00007ffb4c360000 	C:\Windows\System32\UMPDC.dll
0x00007ffb4f2a0000 - 0x00007ffb4f2f2000 	C:\Windows\System32\shlwapi.dll
0x00007ffb4d4d0000 - 0x00007ffb4d4e7000 	C:\Windows\System32\cryptsp.dll
0x00007ffb3a070000 - 0x00007ffb3a07d000 	C:\Program Files\Java\jre1.8.0_261\bin\management.dll
0x00007ffb394f0000 - 0x00007ffb3950c000 	C:\Program Files\Java\jre1.8.0_261\bin\net.dll
0x00007ffb4bb90000 - 0x00007ffb4bbf7000 	C:\Windows\system32\mswsock.dll
0x00007ffae45d0000 - 0x00007ffae45e6000 	C:\Windows\system32\napinsp.dll
0x00007ffae45b0000 - 0x00007ffae45ca000 	C:\Windows\system32\pnrpnsp.dll
0x00007ffb4b8f0000 - 0x00007ffb4b9bb000 	C:\Windows\SYSTEM32\DNSAPI.dll
0x00007ffb4da10000 - 0x00007ffb4da18000 	C:\Windows\System32\NSI.dll
0x00007ffb4b8a0000 - 0x00007ffb4b8da000 	C:\Windows\SYSTEM32\IPHLPAPI.DLL
0x00007ffae45a0000 - 0x00007ffae45ae000 	C:\Windows\System32\winrnr.dll
0x00007ffb48a10000 - 0x00007ffb48a2c000 	C:\Windows\system32\NLAapi.dll
0x00007ffb1e300000 - 0x00007ffb1e315000 	C:\Windows\system32\wshbth.dll
0x00007ffb3cf20000 - 0x00007ffb3cf2a000 	C:\Windows\System32\rasadhlp.dll
0x00007ffb3cb20000 - 0x00007ffb3cb97000 	C:\Windows\System32\fwpuclnt.dll
0x00007ffb4d200000 - 0x00007ffb4d226000 	C:\Windows\System32\bcrypt.dll
0x00007ffb394a0000 - 0x00007ffb394b3000 	C:\Program Files\Java\jre1.8.0_261\bin\nio.dll
0x00007ffb4b500000 - 0x00007ffb4b531000 	C:\Windows\SYSTEM32\ntmarta.dll
0x00007ffb4b710000 - 0x00007ffb4b743000 	C:\Windows\system32\rsaenh.dll
0x00007ffb4c230000 - 0x00007ffb4c255000 	C:\Windows\SYSTEM32\USERENV.dll
0x00007ffb4bd60000 - 0x00007ffb4bd6c000 	C:\Windows\SYSTEM32\CRYPTBASE.dll
0x00007ffb3d660000 - 0x00007ffb3d676000 	C:\Windows\SYSTEM32\dhcpcsvc6.DLL
0x00007ffb3d640000 - 0x00007ffb3d65c000 	C:\Windows\SYSTEM32\dhcpcsvc.DLL
0x00007ffb38b70000 - 0x00007ffb38b94000 	C:\Program Files\Java\jre1.8.0_261\bin\sunec.dll
0x00007ffb4ac30000 - 0x00007ffb4ae24000 	C:\Windows\SYSTEM32\dbghelp.dll

VM Arguments:
jvm_args: -Dminecraft.client.jar=.minecraft\versions\1.16.3 Fabric\1.16.3 Fabric.jar -XX:+UnlockExperimentalVMOptions -XX:+UseG1GC -XX:G1NewSizePercent=20 -XX:G1ReservePercent=20 -XX:MaxGCPauseMillis=50 -XX:G1HeapRegionSize=16M -XX:-UseAdaptiveSizePolicy -XX:-OmitStackTraceInFastThrow -Xmn128m -Xmx7976m -Dfml.ignoreInvalidMinecraftCertificates=true -Dfml.ignorePatchDiscrepancies=true -XX:HeapDumpPath=MojangTricksIntelDriversForPerformance_javaw.exe_minecraft.exe.heapdump -Djava.library.path=C:\Users\YanZY\Videos\iQiyiVideos\Captures\Minecraft 1.16.3 - Fabric - \.minecraft\versions\1.16.3 Fabric\natives -Dminecraft.launcher.brand=HMCL -Dminecraft.launcher.version=3.3.172 
java_command: net.fabricmc.loader.launch.knot.KnotClient --username test --version HMCL 3.3.172 --gameDir C:\Users\YanZY\Videos\iQiyiVideos\Captures\Minecraft 1.16.3 - Fabric - \.minecraft --assetsDir C:\Users\YanZY\Videos\iQiyiVideos\Captures\Minecraft 1.16.3 - Fabric - \.minecraft\assets --assetIndex 1.16 --uuid 530fa97a357f3c1994d30c5c65c18fe8 --accessToken fb8d9c9393644c479e1f867cbd85438d --userType mojang --versionType HMCL 3.3.172 --width 854 --height 480
java_class_path (initial): C:\Users\YanZY\Videos\iQiyiVideos\Captures\Minecraft 1.16.3 - Fabric - \.minecraft\libraries\net\fabricmc\tiny-mappings-parser\0.2.2.14\tiny-mappings-parser-0.2.2.14.jar;C:\Users\YanZY\Videos\iQiyiVideos\Captures\Minecraft 1.16.3 - Fabric - \.minecraft\libraries\net\fabricmc\sponge-mixin\0.8.1+build.21\sponge-mixin-0.8.1+build.21.jar;C:\Users\YanZY\Videos\iQiyiVideos\Captures\Minecraft 1.16.3 - Fabric - \.minecraft\libraries\net\fabricmc\tiny-remapper\0.3.0.70\tiny-remapper-0.3.0.70.jar;C:\Users\YanZY\Videos\iQiyiVideos\Captures\Minecraft 1.16.3 - Fabric - \.minecraft\libraries\net\fabricmc\fabric-loader-sat4j\2.3.5.4\fabric-loader-sat4j-2.3.5.4.jar;C:\Users\YanZY\Videos\iQiyiVideos\Captures\Minecraft 1.16.3 - Fabric - \.minecraft\libraries\com\google\jimfs\jimfs\1.2-fabric\jimfs-1.2-fabric.jar;C:\Users\YanZY\Videos\iQiyiVideos\Captures\Minecraft 1.16.3 - Fabric - \.minecraft\libraries\org\ow2\asm\asm\9.0\asm-9.0.jar;C:\Users\YanZY\Videos\iQiyiVideos\Captures\Minecraft 1.16.3 - Fabric - \.minecraft\libraries\org\ow2\asm\asm-analysis\9.0\asm-analysis-9.0.jar;C:\Users\YanZY\Videos\iQiyiVideos\Captures\Minecraft 1.16.3 - Fabric - \.minecraft\libraries\org\ow2\asm\asm-commons\9.0\asm-commons-9.0.jar;C:\Users\YanZY\Videos\iQiyiVideos\Captures\Minecraft 1.16.3 - Fabric - \.minecraft\libraries\org\ow2\asm\asm-tree\9.0\asm-tree-9.0.jar;C:\Users\YanZY\Videos\iQiyiVideos\Captures\Minecraft 1.16.3 - Fabric - \.minecraft\libraries\org\ow2\asm\asm-util\9.0\asm-util-9.0.jar;C:\Users\YanZY\Videos\iQiyiVideos\Captures\Minecraft 1.16.3 - Fabric - \.minecraft\libraries\com\google\guava\guava\21.0\guava-21.0.jar;C:\Users\YanZY\Videos\iQiyiVideos\Captures\Minecraft 1.16.3 - Fabric - \.minecraft\libraries\net\fabricmc\intermediary\1.16.3\intermediary-1.16.3.jar;C:\Users\YanZY\Videos\iQiyiVideos\Captures\Minecraft 1.16.3 - Fabric - \.minecraft\libraries\net\fabricmc\fabric-loader\0.10.0+build.208\fabric-load
Launcher Type: SUN_STANDARD

Environment Variables:
PATH=C:\Program Files (x86)\Common Files\Intel\Shared Libraries\redist\intel64\compiler;C:\Program Files (x86)\Common Files\Oracle\Java\javapath;C:\Windows\system32;C:\Windows;C:\Windows\System32\Wbem;C:\Windows\System32\WindowsPowerShell\v1.0\;C:\Windows\System32\OpenSSH\;C:\Program Files (x86)\NVIDIA Corporation\PhysX\Common;C:\Program Files\NVIDIA Corporation\NVIDIA NvDLISR;C:\Program Files (x86)\ZeroTier\One\;C:\Users\YanZY\AppData\Local\Microsoft\WindowsApps;
USERNAME=YanZY
OS=Windows_NT
PROCESSOR_IDENTIFIER=Intel64 Family 6 Model 142 Stepping 12, GenuineIntel



---------------  S Y S T E M  ---------------

OS: Windows 10.0 , 64 bit Build 18362 (10.0.18362.1350)

CPU:total 8 (initial active 8) (4 cores per cpu, 2 threads per core) family 6 model 142 stepping 12, cmov, cx8, fxsr, mmx, sse, sse2, sse3, ssse3, sse4.1, sse4.2, popcnt, avx, avx2, aes, clmul, erms, 3dnowpref, lzcnt, ht, tsc, tscinvbit, bmi1, bmi2, adx

Memory: 4k page, physical 8167668k(783936k free), swap 33272832k(170004k free)

vm_info: Java HotSpot(TM) 64-Bit Server VM (25.261-b12) for windows-amd64 JRE (1.8.0_261-b12), built on Jun 18 2020 06:56:32 by "" with unknown MS VC++:1916

time: Mon Feb 14 15:42:38 2022
timezone: ?D1???
elapsed time: 19 seconds (0d 0h 0m 19s)

