[15:41:37] [main/INFO]: Loading for game Minecraft 1.16.3
[15:41:39] [main/WARN]: Warnings were found! 
 - Conflicting versions found for fabric-keybindings-v0: used 0.2.0+3fa9f7c595, also found 0.2.0+3fa9f7c53a
 - Conflicting versions found for fabric-key-binding-api-v1: used 1.0.1+730711c63a, also found 1.0.1+730711c695
 - Conflicting versions found for fabric-resource-loader-v0: used 0.3.1+facf3bbf3a, also found 0.3.1+facf3bbf95
 - Conflicting versions found for fabric-networking-v0: used 0.1.10+e00ecb5f95, also found 0.1.10+e00ecb5f3a
[15:41:39] [main/INFO]: [FabricLoader] Loading 48 mods: fabric-renderer-api-v1@0.3.1+f8ac1db295, minecraft@1.16.3, fabric-screen-handler-api-v1@1.1.0+8724984195, fabric-networking-blockentity-v0@0.2.5+b50ffc7b95, fabric-keybindings-v0@0.2.0+3fa9f7c595, fabric-command-api-v1@1.0.8+5ce5339895, fabricloader@0.10.0+build.208, fabric-tool-attribute-api-v1@1.2.3+f8ac1db295, fabric-structure-api-v1@1.1.0+f8ac1db295, fabric-renderer-indigo@0.4.1+f8ac1db295, fabric-containers-v0@0.1.8+045df74f95, fabric-object-builder-api-v1@1.8.1+f8ac1db295, fabric-crash-report-info-v1@0.1.2+b7f9825d95, fabric-events-interaction-v0@0.4.1+f8ac1db295, fabric-item-api-v1@1.2.0+f8ac1db295, fabric-game-rule-api-v1@1.0.2+f8ac1db295, fabric-api-base@0.2.0+9f0fb4b83a, fabric-rendering-v0@1.1.1+f8ac1db295, fabric-key-binding-api-v1@1.0.1+730711c63a, fabric-rendering-v1@1.3.1+f8ac1db295, replaymod@1.16.4-2.5.1, fabric-rendering-data-attachment-v1@0.1.4+f8ac1db295, mm@2.1, fabric-resource-loader-v0@0.3.1+facf3bbf3a, fabric-textures-v0@1.0.4+eae12eb895, malilib@0.10.0-dev.21+arne.1, fabric-content-registries-v0@0.1.9+059ea86695, fabric-tag-extensions-v0@1.0.3+ac8e8c5995, fabric-rendering-fluids-v1@0.1.12+f8ac1db295, optifabric@1.6.4, fabric-biome-api-v1@2.0.0+c29459ab95, litematica@0.0.0-dev.20200913.215807, fabric-registry-sync-v0@0.5.2+3c53fe3395, fabric-commands-v0@0.2.0+52d3083695, fabric-blockrenderlayer-v1@1.1.4+c6a8ea8995, itemscroller@0.15.0-dev.20200912.221805, fabric-lifecycle-events-v1@1.2.0+74cc3b2095, fabric-mining-levels-v0@0.1.2+b764ce9995, fabric-renderer-registries-v1@2.2.0+f8ac1db295, voxelmap@1.10.11, fabric-loot-tables-v1@1.0.1+432ea18895, fabric-events-lifecycle-v0@0.2.0+16acbe5b95, fabric@0.22.1+build.409-1.16, fabric-particles-v1@0.2.2+fb0d9b0e95, fabric-item-groups-v0@0.2.0+438f963695, fabric-models-v0@0.1.1+f8ac1db295, fabric-networking-v0@0.1.10+e00ecb5f95, fabric-object-builders-v0@0.7.0+432ea18895
[15:41:39] [main/INFO]: SpongePowered MIXIN Subsystem Version=0.8.1 Source=file:/E:/MINECRAFT/Minecraft%201.16.3%20-%20Fabric%20-%20%e5%89%af%e6%9c%ac/.minecraft/libraries/net/fabricmc/sponge-mixin/0.8.1+build.21/sponge-mixin-0.8.1+build.21.jar Service=Knot/Fabric Env=CLIENT
[15:41:40] [main/WARN]: Reference map 'mixins.nonmmlauncher.replaymod.refmap.json' for mixins.nonmmlauncher.replaymod.json could not be read. If this is a development environment you can ignore this message
[15:41:45] [main/WARN]: Error loading class: shadersmod/client/ShadersRender (java.lang.ClassNotFoundException: shadersmod/client/ShadersRender)
[15:41:47] [main/INFO]: [OptiFine] (Reflector) Field not found: World.tileEntitiesToBeRemoved
[15:41:57] [main/INFO]: Environment: authHost='https://authserver.mojang.com', accountsHost='https://api.mojang.com', sessionHost='https://sessionserver.mojang.com', name='PROD'
[15:41:57] [main/INFO]: Setting user: test
[15:41:57] [main/INFO]: Definitely not up to no good
[15:41:58] [main/INFO]: [Indigo] Registering Indigo renderer!
[15:41:58] [main/INFO]: [Indigo] Compatibility mode enabled.
[15:42:00] [main/INFO]: Backend library: LWJGL version 3.2.2 build 10
[15:42:01] [Thread-50/ERROR]: Failed to check for OpenEye availability:
javax.net.ssl.SSLHandshakeException: PKIX path building failed: sun.security.provider.certpath.SunCertPathBuilderException: unable to find valid certification path to requested target
	at sun.security.ssl.Alert.createSSLException(Unknown Source) ~[?:1.8.0_261]
	at sun.security.ssl.TransportContext.fatal(Unknown Source) ~[?:1.8.0_261]
	at sun.security.ssl.TransportContext.fatal(Unknown Source) ~[?:1.8.0_261]
	at sun.security.ssl.TransportContext.fatal(Unknown Source) ~[?:1.8.0_261]
	at sun.security.ssl.CertificateMessage$T12CertificateConsumer.checkServerCerts(Unknown Source) ~[?:1.8.0_261]
	at sun.security.ssl.CertificateMessage$T12CertificateConsumer.onCertificate(Unknown Source) ~[?:1.8.0_261]
	at sun.security.ssl.CertificateMessage$T12CertificateConsumer.consume(Unknown Source) ~[?:1.8.0_261]
	at sun.security.ssl.SSLHandshake.consume(Unknown Source) ~[?:1.8.0_261]
	at sun.security.ssl.HandshakeContext.dispatch(Unknown Source) ~[?:1.8.0_261]
	at sun.security.ssl.HandshakeContext.dispatch(Unknown Source) ~[?:1.8.0_261]
	at sun.security.ssl.TransportContext.dispatch(Unknown Source) ~[?:1.8.0_261]
	at sun.security.ssl.SSLTransport.decode(Unknown Source) ~[?:1.8.0_261]
	at sun.security.ssl.SSLSocketImpl.decode(Unknown Source) ~[?:1.8.0_261]
	at sun.security.ssl.SSLSocketImpl.readHandshakeRecord(Unknown Source) ~[?:1.8.0_261]
	at sun.security.ssl.SSLSocketImpl.startHandshake(Unknown Source) ~[?:1.8.0_261]
	at sun.security.ssl.SSLSocketImpl.startHandshake(Unknown Source) ~[?:1.8.0_261]
	at sun.net.www.protocol.https.HttpsClient.afterConnect(Unknown Source) ~[?:1.8.0_261]
	at sun.net.www.protocol.https.AbstractDelegateHttpsURLConnection.connect(Unknown Source) ~[?:1.8.0_261]
	at sun.net.www.protocol.https.HttpsURLConnectionImpl.connect(Unknown Source) ~[?:1.8.0_261]
	at com.replaymod.extras.OpenEyeExtra.lambda$register$1(OpenEyeExtra.java:47) ~[replaymod-1.16.4-2.5.1.jar:?]
	at java.lang.Thread.run(Unknown Source) [?:1.8.0_261]
Caused by: sun.security.validator.ValidatorException: PKIX path building failed: sun.security.provider.certpath.SunCertPathBuilderException: unable to find valid certification path to requested target
	at sun.security.validator.PKIXValidator.doBuild(Unknown Source) ~[?:1.8.0_261]
	at sun.security.validator.PKIXValidator.engineValidate(Unknown Source) ~[?:1.8.0_261]
	at sun.security.validator.Validator.validate(Unknown Source) ~[?:1.8.0_261]
	at sun.security.ssl.X509TrustManagerImpl.validate(Unknown Source) ~[?:1.8.0_261]
	at sun.security.ssl.X509TrustManagerImpl.checkTrusted(Unknown Source) ~[?:1.8.0_261]
	at sun.security.ssl.X509TrustManagerImpl.checkServerTrusted(Unknown Source) ~[?:1.8.0_261]
	... 17 more
Caused by: sun.security.provider.certpath.SunCertPathBuilderException: unable to find valid certification path to requested target
	at sun.security.provider.certpath.SunCertPathBuilder.build(Unknown Source) ~[?:1.8.0_261]
	at sun.security.provider.certpath.SunCertPathBuilder.engineBuild(Unknown Source) ~[?:1.8.0_261]
	at java.security.cert.CertPathBuilder.build(Unknown Source) ~[?:1.8.0_261]
	at sun.security.validator.PKIXValidator.doBuild(Unknown Source) ~[?:1.8.0_261]
	at sun.security.validator.PKIXValidator.engineValidate(Unknown Source) ~[?:1.8.0_261]
	at sun.security.validator.Validator.validate(Unknown Source) ~[?:1.8.0_261]
	at sun.security.ssl.X509TrustManagerImpl.validate(Unknown Source) ~[?:1.8.0_261]
	at sun.security.ssl.X509TrustManagerImpl.checkTrusted(Unknown Source) ~[?:1.8.0_261]
	at sun.security.ssl.X509TrustManagerImpl.checkServerTrusted(Unknown Source) ~[?:1.8.0_261]
	... 17 more
[15:42:04] [main/INFO]: [OptiFine] 
[15:42:04] [main/INFO]: [OptiFine] OptiFine_1.16.3_HD_U_G3
[15:42:05] [main/INFO]: [OptiFine] Build: 20200916-082411
[15:42:05] [main/INFO]: [OptiFine] OS: Windows 10 (amd64) version 10.0
[15:42:05] [main/INFO]: [OptiFine] Java: 1.8.0_261, Oracle Corporation
[15:42:05] [main/INFO]: [OptiFine] VM: Java HotSpot(TM) 64-Bit Server VM (mixed mode), Oracle Corporation
[15:42:05] [main/INFO]: [OptiFine] LWJGL: 3.3.0 Win32 WGL EGL OSMesa VisualC DLL
[15:42:05] [main/INFO]: [OptiFine] OpenGL: Intel(R) UHD Graphics, version 4.6.0 - Build 26.20.100.7262, Intel
[15:42:05] [main/INFO]: [OptiFine] OpenGL Version: 4.6.0
[15:42:05] [main/INFO]: [OptiFine] OpenGL Fancy fog: Not available (GL_NV_fog_distance)
[15:42:05] [main/INFO]: [OptiFine] Maximum texture size: 16384x16384
[15:42:05] [VersionCheck/INFO]: [OptiFine] Checking for new version
[15:42:05] [main/INFO]: [Shaders] OpenGL Version: 4.6.0 - Build 26.20.100.7262
[15:42:05] [main/INFO]: [Shaders] Vendor:  Intel
[15:42:05] [main/INFO]: [Shaders] Renderer: Intel(R) UHD Graphics
[15:42:05] [main/INFO]: [Shaders] Capabilities:  2.0  2.1  3.0  3.2  4.0 
[15:42:05] [main/INFO]: [Shaders] GL_MAX_DRAW_BUFFERS: 8
[15:42:05] [main/INFO]: [Shaders] GL_MAX_COLOR_ATTACHMENTS_EXT: 8
[15:42:05] [main/INFO]: [Shaders] GL_MAX_TEXTURE_IMAGE_UNITS: 32
[15:42:05] [main/INFO]: [Shaders] Load shaders configuration.
[15:42:05] [main/INFO]: [Shaders] No shaderpack loaded.
[15:42:05] [VersionCheck/INFO]: [OptiFine] Version found: G5
[15:42:07] [main/INFO]: Narrator library for x64 successfully loaded
[15:42:08] [main/INFO]: Reloading ResourceManager: replaymod_lang, Default, Fabric API, Fabric API Base, Fabric Biome API (v1), Fabric BlockRenderLayer Registration (v1), Fabric Containers (v0), Fabric Content Registries (v0), Fabric Crash Report Info (v1), Fabric Events Interaction (v0), Fabric Events Lifecycle (v0), Fabric Game Rule API (v1), Fabric Item API (v1), Fabric Item Groups (v0), Fabric Key Binding API (v1), Fabric Key Bindings (v0), Fabric Lifecycle Events (v1), Fabric Loot Tables (v1), Fabric Mining Levels (v0), Fabric Models (v0), Fabric Networking Block Entity (v0), Fabric Networking (v0), Fabric Object Builder API (v1), Fabric Object Builders (v0), Fabric Registry Sync (v0), Fabric Renderer API (v1), Fabric Renderer - Indigo, Fabric Renderer Registries (v1), Fabric Rendering Data Attachment (v1), Fabric Rendering Fluids (v1), Fabric Rendering (v0), Fabric Rendering (v1), Fabric Resource Loader (v0), Fabric Screen Handler API (v1), Fabric Tag Extensions (v0), Fabric Textures (v0), Fabric Tool Attribute API (v1), Fabric Loader, Item Scroller, Litematica, MaLiLib, Manningham Mills, OptiFabric, VoxelMap, Replay Mod
[15:42:08] [main/INFO]: [OptiFine] *** Reloading textures ***
[15:42:08] [main/INFO]: [OptiFine] Resource packs: replaymod_lang, Fabric API, Fabric API Base, Fabric Biome API (v1), Fabric BlockRenderLayer Registration (v1), Fabric Containers (v0), Fabric Content Registries (v0), Fabric Crash Report Info (v1), Fabric Events Interaction (v0), Fabric Events Lifecycle (v0), Fabric Game Rule API (v1), Fabric Item API (v1), Fabric Item Groups (v0), Fabric Key Binding API (v1), Fabric Key Bindings (v0), Fabric Lifecycle Events (v1), Fabric Loot Tables (v1), Fabric Mining Levels (v0), Fabric Models (v0), Fabric Networking Block Entity (v0), Fabric Networking (v0), Fabric Object Builder API (v1), Fabric Object Builders (v0), Fabric Registry Sync (v0), Fabric Renderer API (v1), Fabric Renderer - Indigo, Fabric Renderer Registries (v1), Fabric Rendering Data Attachment (v1), Fabric Rendering Fluids (v1), Fabric Rendering (v0), Fabric Rendering (v1), Fabric Resource Loader (v0), Fabric Screen Handler API (v1), Fabric Tag Extensions (v0), Fabric Textures (v0), Fabric Tool Attribute API (v1), Fabric Loader, Item Scroller, Litematica, MaLiLib, Manningham Mills, OptiFabric, VoxelMap, Replay Mod
[15:42:08] [main/WARN]: Unable to read property: east with value: false for blockstate: {Properties:{east:"false",south:"false",north:"false",west:"false",up:"false"},Name:"minecraft:cobblestone_wall"}
[15:42:08] [main/WARN]: Unable to read property: south with value: false for blockstate: {Properties:{east:"false",south:"false",north:"false",west:"false",up:"false"},Name:"minecraft:cobblestone_wall"}
[15:42:08] [main/WARN]: Unable to read property: north with value: false for blockstate: {Properties:{east:"false",south:"false",north:"false",west:"false",up:"false"},Name:"minecraft:cobblestone_wall"}
[15:42:08] [main/WARN]: Unable to read property: west with value: false for blockstate: {Properties:{east:"false",south:"false",north:"false",west:"false",up:"false"},Name:"minecraft:cobblestone_wall"}
[15:42:08] [main/WARN]: Unable to read property: east with value: false for blockstate: {Properties:{east:"false",south:"false",north:"false",west:"false",up:"false"},Name:"minecraft:mossy_cobblestone_wall"}
[15:42:08] [main/WARN]: Unable to read property: south with value: false for blockstate: {Properties:{east:"false",south:"false",north:"false",west:"false",up:"false"},Name:"minecraft:mossy_cobblestone_wall"}
[15:42:08] [main/WARN]: Unable to read property: north with value: false for blockstate: {Properties:{east:"false",south:"false",north:"false",west:"false",up:"false"},Name:"minecraft:mossy_cobblestone_wall"}
[15:42:08] [main/WARN]: Unable to read property: west with value: false for blockstate: {Properties:{east:"false",south:"false",north:"false",west:"false",up:"false"},Name:"minecraft:mossy_cobblestone_wall"}
[15:42:09] [Worker-Main-13/INFO]: [OptiFine] Multitexture: false
[15:42:09] [Worker-Main-11/INFO]: [OptiFine] Multitexture: false
[15:42:09] [Worker-Main-12/INFO]: [OptiFine] Multitexture: false
[15:42:09] [main/INFO]: [STDOUT]: CATEGORY ORDER IS 8
[15:42:09] [Realms Notification Availability checker #1/INFO]: Could not authorize you against Realms server: java.lang.RuntimeException: Failed to parse into SignedJWT: a24022728d30463a8ab88ccf259a7bdc
[15:42:13] [main/INFO]: Created: 256x256 waypoints-atlas
[15:42:14] [main/INFO]: Created: 256x128 chooser-atlas
[15:42:17] [Worker-Main-14/WARN]: [OptiFine] Unknown resource pack file: replaymod_lang
[15:42:17] [Worker-Main-14/WARN]: [OptiFine] Unknown resource pack file: replaymod_lang
[15:42:17] [Worker-Main-14/WARN]: [OptiFine] Unknown resource pack file: replaymod_lang
[15:42:17] [Worker-Main-14/WARN]: [OptiFine] Unknown resource pack file: replaymod_lang
[15:42:17] [Worker-Main-14/INFO]: [OptiFine] Multitexture: false
[15:42:17] [Worker-Main-14/INFO]: [OptiFine] Multipass connected textures: false
[15:42:17] [Worker-Main-14/INFO]: [OptiFine] Multipass connected textures: false
[15:42:17] [Worker-Main-14/INFO]: [OptiFine] Multipass connected textures: false
[15:42:17] [Worker-Main-14/INFO]: [OptiFine] Multipass connected textures: false
[15:42:17] [Worker-Main-14/INFO]: [OptiFine] Multipass connected textures: false
[15:42:18] [Worker-Main-14/INFO]: [OptiFine] Multipass connected textures: false
[15:42:18] [Worker-Main-14/INFO]: [OptiFine] Multipass connected textures: false
[15:42:18] [Worker-Main-14/INFO]: [OptiFine] Multipass connected textures: false
[15:42:18] [Worker-Main-14/INFO]: [OptiFine] Multipass connected textures: false
[15:42:18] [Worker-Main-14/INFO]: [OptiFine] Multipass connected textures: false
[15:42:18] [Worker-Main-14/INFO]: [OptiFine] Multipass connected textures: false
[15:42:18] [Worker-Main-14/INFO]: [OptiFine] Multipass connected textures: false
[15:42:18] [Worker-Main-14/INFO]: [OptiFine] Multipass connected textures: false
[15:42:18] [Worker-Main-14/INFO]: [OptiFine] Multipass connected textures: false
[15:42:18] [Worker-Main-14/INFO]: [OptiFine] Multipass connected textures: false
[15:42:18] [main/INFO]: Created: 512x512 mobs-atlas
[15:42:18] [Worker-Main-14/INFO]: [OptiFine] Multipass connected textures: false
[15:42:18] [Worker-Main-14/INFO]: [OptiFine] Multipass connected textures: false
[15:42:18] [Worker-Main-14/INFO]: [OptiFine] Multipass connected textures: false
[15:42:18] [Worker-Main-14/INFO]: [OptiFine] Multipass connected textures: false
[15:42:18] [Worker-Main-14/INFO]: [OptiFine] Multipass connected textures: false
[15:42:18] [Worker-Main-14/INFO]: [OptiFine] Multipass connected textures: false
[15:42:18] [Worker-Main-14/INFO]: [OptiFine] Multipass connected textures: false
[15:42:18] [Worker-Main-14/INFO]: [OptiFine] Multipass connected textures: false
[15:42:18] [Worker-Main-14/INFO]: [OptiFine] Multipass connected textures: false
[15:42:18] [Worker-Main-14/INFO]: [OptiFine] Multipass connected textures: false
[15:42:18] [Worker-Main-14/INFO]: [OptiFine] Multipass connected textures: false
[15:42:18] [main/INFO]: Created: 64x64 pings-atlas
[15:42:18] [Worker-Main-14/INFO]: [OptiFine] Multipass connected textures: false
[15:42:19] [Worker-Main-14/INFO]: [OptiFine] Multipass connected textures: false
[15:42:19] [main/INFO]: [OptiFine] (Reflector) Method not present: net.minecraft.class_4696.canRenderInLayer
[15:42:19] [main/INFO]: [OptiFine] *** Reflector Forge ***
[15:42:19] [main/INFO]: [OptiFine] (Reflector) Class not present: mods.betterfoliage.client.BetterFoliageClient
[15:42:19] [main/INFO]: [OptiFine] (Reflector) Method not present: net.minecraft.class_773.getTexture
[15:42:19] [main/INFO]: [OptiFine] (Reflector) Method not present: net.minecraft.class_1299.getTags
[15:42:19] [main/INFO]: [OptiFine] (Reflector) Method not present: net.minecraft.class_3611.getTags
[15:42:19] [main/INFO]: [OptiFine] (Reflector) Method not present: net.minecraft.class_2791.getWorldForge
[15:42:19] [main/INFO]: [OptiFine] (Reflector) Method not present: net.minecraft.class_304.setKeyConflictContext
[15:42:19] [main/INFO]: [OptiFine] (Reflector) Method not present: net.minecraft.class_304.setKeyModifierAndCode
[15:42:19] [main/INFO]: [OptiFine] (Reflector) Method not present: net.minecraft.class_304.getKeyModifier
[15:42:19] [main/INFO]: [OptiFine] (Reflector) Method not present: net.minecraft.class_4696.canRenderInLayer
[15:42:19] [main/INFO]: [OptiFine] *** Reflector Vanilla ***
[15:42:19] [Worker-Main-14/INFO]: [OptiFine] Multipass connected textures: false
[15:42:19] [Worker-Main-14/INFO]: [OptiFine] Multipass connected textures: false
[15:42:19] [Worker-Main-14/INFO]: [OptiFine] Multipass connected textures: false
[15:42:19] [Worker-Main-14/INFO]: [OptiFine] Multipass connected textures: false
[15:42:19] [Worker-Main-14/INFO]: [OptiFine] Multipass connected textures: false
[15:42:19] [Worker-Main-14/INFO]: [OptiFine] Multipass connected textures: false
[15:42:19] [Worker-Main-14/INFO]: [OptiFine] Multipass connected textures: false
[15:42:19] [Worker-Main-14/INFO]: [OptiFine] Multipass connected textures: false
[15:42:19] [Worker-Main-14/INFO]: [OptiFine] Multipass connected textures: false
[15:42:19] [Worker-Main-14/INFO]: [OptiFine] Multipass connected textures: false
[15:42:19] [Worker-Main-14/INFO]: [OptiFine] Multipass connected textures: false
[15:42:19] [Worker-Main-14/INFO]: [OptiFine] Multipass connected textures: false
[15:42:19] [Worker-Main-14/INFO]: [OptiFine] Multipass connected textures: false
[15:42:19] [Worker-Main-14/INFO]: [OptiFine] Multipass connected textures: false
[15:42:19] [Worker-Main-14/INFO]: [OptiFine] Multipass connected textures: false
[15:42:19] [Worker-Main-14/WARN]: [OptiFine] Unknown resource pack file: replaymod_lang
[15:42:19] [Worker-Main-14/INFO]: [OptiFine] Multipass connected textures: false
[15:42:19] [Worker-Main-14/INFO]: [OptiFine] ConnectedTextures: optifine/ctm/default/00_glass_white/glass_pane_white.properties
[15:42:19] [Worker-Main-14/INFO]: [OptiFine] ConnectedTextures: optifine/ctm/default/00_glass_white/glass_white.properties
[15:42:19] [Worker-Main-14/INFO]: [OptiFine] ConnectedTextures: optifine/ctm/default/01_glass_orange/glass_orange.properties
[15:42:20] [Worker-Main-14/INFO]: [OptiFine] ConnectedTextures: optifine/ctm/default/01_glass_orange/glass_pane_orange.properties
[15:42:20] [Worker-Main-14/INFO]: [OptiFine] ConnectedTextures: optifine/ctm/default/02_glass_magenta/glass_magenta.properties
[15:42:20] [Worker-Main-14/INFO]: [OptiFine] ConnectedTextures: optifine/ctm/default/02_glass_magenta/glass_pane_magenta.properties
[15:42:20] [Worker-Main-14/INFO]: [OptiFine] ConnectedTextures: optifine/ctm/default/03_glass_light_blue/glass_light_blue.properties
[15:42:20] [Worker-Main-14/INFO]: [OptiFine] ConnectedTextures: optifine/ctm/default/03_glass_light_blue/glass_pane_light_blue.properties
[15:42:20] [Worker-Main-14/INFO]: [OptiFine] ConnectedTextures: optifine/ctm/default/04_glass_yellow/glass_pane_yellow.properties
[15:42:20] [Worker-Main-14/INFO]: [OptiFine] ConnectedTextures: optifine/ctm/default/04_glass_yellow/glass_yellow.properties
[15:42:20] [Worker-Main-14/INFO]: [OptiFine] ConnectedTextures: optifine/ctm/default/05_glass_lime/glass_lime.properties
[15:42:20] [Worker-Main-14/INFO]: [OptiFine] ConnectedTextures: optifine/ctm/default/05_glass_lime/glass_pane_lime.properties
[15:42:20] [Worker-Main-14/INFO]: [OptiFine] ConnectedTextures: optifine/ctm/default/06_glass_pink/glass_pane_pink.properties
[15:42:20] [Worker-Main-14/INFO]: [OptiFine] ConnectedTextures: optifine/ctm/default/06_glass_pink/glass_pink.properties
[15:42:20] [Worker-Main-14/INFO]: [OptiFine] ConnectedTextures: optifine/ctm/default/07_glass_gray/glass_gray.properties
[15:42:20] [Worker-Main-14/INFO]: [OptiFine] ConnectedTextures: optifine/ctm/default/07_glass_gray/glass_pane_gray.properties
[15:42:20] [Worker-Main-14/INFO]: [OptiFine] ConnectedTextures: optifine/ctm/default/08_glass_light_gray/glass_light_gray.properties
[15:42:20] [Worker-Main-14/INFO]: [OptiFine] ConnectedTextures: optifine/ctm/default/08_glass_light_gray/glass_pane_light_gray.properties
[15:42:20] [Worker-Main-14/INFO]: [OptiFine] ConnectedTextures: optifine/ctm/default/09_glass_cyan/glass_cyan.properties
[15:42:20] [Worker-Main-14/INFO]: [OptiFine] ConnectedTextures: optifine/ctm/default/09_glass_cyan/glass_pane_cyan.properties
[15:42:20] [Worker-Main-14/INFO]: [OptiFine] ConnectedTextures: optifine/ctm/default/10_glass_purple/glass_pane_purple.properties
[15:42:20] [Worker-Main-14/INFO]: [OptiFine] ConnectedTextures: optifine/ctm/default/10_glass_purple/glass_purple.properties
[15:42:20] [Worker-Main-14/INFO]: [OptiFine] ConnectedTextures: optifine/ctm/default/11_glass_blue/glass_blue.properties
[15:42:20] [Worker-Main-14/INFO]: [OptiFine] ConnectedTextures: optifine/ctm/default/11_glass_blue/glass_pane_blue.properties
[15:42:21] [Worker-Main-14/INFO]: [OptiFine] ConnectedTextures: optifine/ctm/default/12_glass_brown/glass_brown.properties
[15:42:21] [Worker-Main-14/INFO]: [OptiFine] ConnectedTextures: optifine/ctm/default/12_glass_brown/glass_pane_brown.properties
[15:42:21] [Worker-Main-14/INFO]: [OptiFine] ConnectedTextures: optifine/ctm/default/13_glass_green/glass_green.properties
[15:42:21] [Worker-Main-14/INFO]: [OptiFine] ConnectedTextures: optifine/ctm/default/13_glass_green/glass_pane_green.properties
[15:42:21] [Worker-Main-14/INFO]: [OptiFine] ConnectedTextures: optifine/ctm/default/14_glass_red/glass_pane_red.properties
[15:42:21] [Worker-Main-14/INFO]: [OptiFine] ConnectedTextures: optifine/ctm/default/14_glass_red/glass_red.properties
[15:42:21] [Worker-Main-14/INFO]: [OptiFine] ConnectedTextures: optifine/ctm/default/15_glass_black/glass_black.properties
[15:42:21] [Worker-Main-14/INFO]: [OptiFine] ConnectedTextures: optifine/ctm/default/15_glass_black/glass_pane_black.properties
[15:42:21] [Worker-Main-14/INFO]: [OptiFine] ConnectedTextures: optifine/ctm/default/20_glass/glass.properties
[15:42:21] [Worker-Main-14/INFO]: [OptiFine] ConnectedTextures: optifine/ctm/default/20_glass/glass_pane.properties
[15:42:21] [Worker-Main-14/INFO]: [OptiFine] ConnectedTextures: optifine/ctm/default/30_bookshelf/bookshelf.properties
[15:42:21] [Worker-Main-14/INFO]: [OptiFine] ConnectedTextures: optifine/ctm/default/40_sandstone/sandstone.properties
[15:42:21] [Worker-Main-14/INFO]: [OptiFine] ConnectedTextures: optifine/ctm/default/41_red_sandstone/red_sandstone.properties
[15:42:21] [Worker-Main-14/INFO]: [OptiFine] Multipass connected textures: false
[15:42:21] [Worker-Main-14/INFO]: [OptiFine] BetterGrass: Parsing default configuration optifine/bettergrass.properties
[15:42:39] [Worker-Main-14/INFO]: [OptiFine] Mipmap levels: 4
[15:42:40] [Worker-Main-14/INFO]: [OptiFine] Multitexture: false
[15:42:40] [Worker-Main-14/INFO]: [OptiFine] Sprite size: 64
[15:42:40] [Worker-Main-14/INFO]: [OptiFine] Mipmap levels: 6
[15:42:40] [Worker-Main-14/INFO]: [OptiFine] Multitexture: false
[15:42:41] [Worker-Main-14/INFO]: [OptiFine] Sprite size: 64
[15:42:41] [Worker-Main-14/INFO]: [OptiFine] Mipmap levels: 6
[15:42:41] [Worker-Main-14/INFO]: [OptiFine] Multitexture: false
[15:42:41] [Worker-Main-14/INFO]: [OptiFine] Sprite size: 64
[15:42:41] [Worker-Main-14/INFO]: [OptiFine] Mipmap levels: 6
[15:42:41] [Worker-Main-14/INFO]: [OptiFine] Multitexture: false
[15:42:41] [Worker-Main-14/INFO]: [OptiFine] Sprite size: 64
[15:42:41] [Worker-Main-14/INFO]: [OptiFine] Mipmap levels: 6
[15:42:41] [Worker-Main-14/INFO]: [OptiFine] Multitexture: false
[15:42:41] [Worker-Main-14/INFO]: [OptiFine] Sprite size: 64
[15:42:41] [Worker-Main-14/INFO]: [OptiFine] Mipmap levels: 6
[15:42:41] [Worker-Main-14/INFO]: [OptiFine] Multitexture: false
[15:42:41] [Worker-Main-14/INFO]: [OptiFine] Sprite size: 64
[15:42:41] [Worker-Main-14/INFO]: [OptiFine] Mipmap levels: 6
[15:42:43] [main/INFO]: OpenAL initialized.
[15:42:43] [main/INFO]: Sound engine started
[15:42:44] [main/INFO]: Created: 1024x512x4 minecraft:textures/atlas/blocks.png-atlas
[15:42:44] [main/INFO]: [OptiFine] Animated sprites: 43
[15:42:44] [main/INFO]: Created: 256x128x4 minecraft:textures/atlas/signs.png-atlas
[15:42:44] [main/INFO]: [OptiFine] Animated sprites: 0
[15:42:44] [main/INFO]: Created: 512x512x4 minecraft:textures/atlas/banner_patterns.png-atlas
[15:42:44] [main/INFO]: [OptiFine] Animated sprites: 0
[15:42:44] [main/INFO]: Created: 512x512x4 minecraft:textures/atlas/shield_patterns.png-atlas
[15:42:44] [main/INFO]: [OptiFine] Animated sprites: 0
[15:42:44] [main/INFO]: Created: 256x256x4 minecraft:textures/atlas/chest.png-atlas
[15:42:44] [main/INFO]: [OptiFine] Animated sprites: 0
[15:42:44] [main/INFO]: Created: 512x256x4 minecraft:textures/atlas/beds.png-atlas
[15:42:44] [main/INFO]: [OptiFine] Animated sprites: 0
[15:42:44] [main/INFO]: Created: 512x256x4 minecraft:textures/atlas/shulker_boxes.png-atlas
[15:42:44] [main/INFO]: [OptiFine] Animated sprites: 0
[15:42:46] [main/INFO]: Created: 256x256x0 minecraft:textures/atlas/particles.png-atlas
[15:42:46] [main/INFO]: [OptiFine] Animated sprites: 0
[15:42:46] [main/INFO]: Created: 256x256x0 minecraft:textures/atlas/paintings.png-atlas
[15:42:46] [main/INFO]: [OptiFine] Animated sprites: 0
[15:42:46] [main/INFO]: Created: 128x128x0 minecraft:textures/atlas/mob_effects.png-atlas
[15:42:46] [main/INFO]: [OptiFine] Animated sprites: 0
[15:42:46] [main/INFO]: [OptiFine] *** Reloading custom textures ***
[15:42:46] [main/INFO]: [OptiFine] Natural Textures: Parsing default configuration "optifine/natural.properties"
[15:42:46] [main/INFO]: [OptiFine] Natural Textures: Valid only for textures from default resource pack
[15:42:46] [main/INFO]: [OptiFine] NaturalTextures: 54
[15:42:46] [main/WARN]: [OptiFine] Unknown resource pack file: replaymod_lang
[15:42:46] [main/WARN]: [OptiFine] Unknown resource pack file: replaymod_lang
[15:42:46] [main/WARN]: [OptiFine] Unknown resource pack file: replaymod_lang
[15:42:52] [main/WARN]: [OptiFine] Unknown resource pack file: replaymod_lang
[15:42:53] [main/WARN]: [OptiFine] Unknown resource pack file: replaymod_lang
[15:42:53] [main/WARN]: [OptiFine] Unknown resource pack file: replaymod_lang
[15:42:53] [main/INFO]: [OptiFine] Disable Forge light pipeline
[15:43:02] [main/WARN]: Ambiguity between arguments [teleport, destination] and [teleport, targets] with inputs: [Player, 0123, @e, dd12be42-52a9-4a91-a8a1-11c01849e498]
[15:43:02] [main/WARN]: Ambiguity between arguments [teleport, location] and [teleport, destination] with inputs: [0.1 -0.5 .9, 0 0 0]
[15:43:02] [main/WARN]: Ambiguity between arguments [teleport, location] and [teleport, targets] with inputs: [0.1 -0.5 .9, 0 0 0]
[15:43:02] [main/WARN]: Ambiguity between arguments [teleport, targets] and [teleport, destination] with inputs: [Player, 0123, dd12be42-52a9-4a91-a8a1-11c01849e498]
[15:43:02] [main/WARN]: Ambiguity between arguments [teleport, targets, location] and [teleport, targets, destination] with inputs: [0.1 -0.5 .9, 0 0 0]
[15:43:02] [main/INFO]: Reloading ResourceManager: Default, Fabric Tool Attribute API (v1)
[15:43:03] [main/INFO]: Loaded 7 recipes
[15:43:04] [main/INFO]: Loaded 927 advancements
[15:43:05] [main/INFO]: Environment: authHost='https://authserver.mojang.com', accountsHost='https://api.mojang.com', sessionHost='https://sessionserver.mojang.com', name='PROD'
[15:43:05] [Server thread/INFO]: Starting integrated minecraft server version 1.16.3
[15:43:05] [Server thread/INFO]: Generating keypair
[15:43:06] [Server thread/INFO]: Preparing start region for dimension minecraft:overworld
[15:43:07] [main/INFO]: ◊º±∏…˙≥…«¯”Ú÷–£∫0%
[15:43:07] [main/INFO]: ◊º±∏…˙≥…«¯”Ú÷–£∫0%
[15:43:07] [main/INFO]: ◊º±∏…˙≥…«¯”Ú÷–£∫0%
[15:43:08] [main/INFO]: ◊º±∏…˙≥…«¯”Ú÷–£∫0%
[15:43:08] [main/INFO]: Time elapsed: 2114 ms
[15:43:09] [Server thread/INFO]: Changing view distance to 9, from 10
[15:43:12] [Netty Local Client IO #0/INFO]: Singleplayer Recording is disabled
[15:43:12] [Server thread/INFO]: test[local:E:28a9ef37] logged in with entity id 212 at (178.82848610462025, 8.782615905122, 214.9267680533633)
[15:43:12] [Server thread/INFO]: testº”»Î¡À”Œœ∑
[15:43:12] [main/INFO]: [STDOUT]: Replacement `renderBlock` call:  method_3355.(Lnet/minecraft/class_2680;Lnet/minecraft/class_2338;Lnet/minecraft/class_1920;Lnet/minecraft/class_4587;Lnet/minecraft/class_4588;ZLjava/util/Random;)Z
[15:43:13] [Server thread/INFO]: Saving and pausing game...
[15:43:13] [Server thread/INFO]: Saving chunks for level 'ServerLevel[≥¢ ‘]'/minecraft:overworld
[15:43:13] [Server thread/INFO]: Saving chunks for level 'ServerLevel[≥¢ ‘]'/minecraft:the_nether
[15:43:13] [Server thread/INFO]: Saving chunks for level 'ServerLevel[≥¢ ‘]'/minecraft:the_end
[15:43:15] [main/WARN]: Received passengers for unknown entity
[15:43:15] [main/WARN]: Received passengers for unknown entity
[15:43:15] [main/INFO]: [CHAT] –¬µƒ°ÏeOptiFine°Ïf∞Ê±æœ÷“—ø…”√£∫°Ïe°ÏnHD Ultra G5°Ïr°Ïf
[15:43:16] [main/INFO]: Loaded 386 advancements
[15:43:20] [Server thread/INFO]: Saving and pausing game...
[15:43:20] [Server thread/INFO]: Saving chunks for level 'ServerLevel[≥¢ ‘]'/minecraft:overworld
[15:43:20] [Server thread/INFO]: Saving chunks for level 'ServerLevel[≥¢ ‘]'/minecraft:the_nether
[15:43:20] [Server thread/INFO]: Saving chunks for level 'ServerLevel[≥¢ ‘]'/minecraft:the_end
[15:43:31] [Server thread/WARN]: Can't keep up! Is the server overloaded? Running 2053ms or 41 ticks behind
[15:43:34] [Server thread/INFO]: Saving and pausing game...
[15:43:34] [Server thread/INFO]: Saving chunks for level 'ServerLevel[≥¢ ‘]'/minecraft:overworld
[15:43:34] [Server thread/INFO]: Saving chunks for level 'ServerLevel[≥¢ ‘]'/minecraft:the_nether
[15:43:34] [Server thread/INFO]: Saving chunks for level 'ServerLevel[≥¢ ‘]'/minecraft:the_end
[15:43:55] [Server thread/INFO]: Saving and pausing game...
[15:43:55] [Server thread/INFO]: Saving chunks for level 'ServerLevel[≥¢ ‘]'/minecraft:overworld
[15:43:55] [Server thread/INFO]: Saving chunks for level 'ServerLevel[≥¢ ‘]'/minecraft:the_nether
[15:43:55] [Server thread/INFO]: Saving chunks for level 'ServerLevel[≥¢ ‘]'/minecraft:the_end
[15:44:44] [Server thread/INFO]: Saving and pausing game...
[15:44:44] [Server thread/INFO]: Saving chunks for level 'ServerLevel[≥¢ ‘]'/minecraft:overworld
[15:44:44] [Server thread/INFO]: Saving chunks for level 'ServerLevel[≥¢ ‘]'/minecraft:the_nether
[15:44:44] [Server thread/INFO]: Saving chunks for level 'ServerLevel[≥¢ ‘]'/minecraft:the_end
[15:45:35] [Server thread/INFO]: Saving and pausing game...
[15:45:35] [Server thread/INFO]: Saving chunks for level 'ServerLevel[≥¢ ‘]'/minecraft:overworld
[15:45:35] [Server thread/INFO]: Saving chunks for level 'ServerLevel[≥¢ ‘]'/minecraft:the_nether
[15:45:35] [Server thread/INFO]: Saving chunks for level 'ServerLevel[≥¢ ‘]'/minecraft:the_end
[15:45:39] [Server thread/INFO]: Changing view distance to 5, from 9
[15:46:48] [Server thread/INFO]: Saving and pausing game...
[15:46:48] [Server thread/INFO]: Saving chunks for level 'ServerLevel[≥¢ ‘]'/minecraft:overworld
[15:46:48] [Server thread/INFO]: Saving chunks for level 'ServerLevel[≥¢ ‘]'/minecraft:the_nether
[15:46:48] [Server thread/INFO]: Saving chunks for level 'ServerLevel[≥¢ ‘]'/minecraft:the_end
[15:47:07] [Server thread/INFO]: [test: Ω´ ±º‰…ËŒ™1000]
[15:47:31] [Server thread/INFO]: Saving and pausing game...
[15:47:31] [Server thread/INFO]: Saving chunks for level 'ServerLevel[≥¢ ‘]'/minecraft:overworld
[15:47:31] [Server thread/INFO]: Saving chunks for level 'ServerLevel[≥¢ ‘]'/minecraft:the_nether
[15:47:31] [Server thread/INFO]: Saving chunks for level 'ServerLevel[≥¢ ‘]'/minecraft:the_end
[15:47:35] [Server thread/INFO]: Saving and pausing game...
[15:47:35] [Server thread/INFO]: Saving chunks for level 'ServerLevel[≥¢ ‘]'/minecraft:overworld
[15:47:35] [Server thread/INFO]: Saving chunks for level 'ServerLevel[≥¢ ‘]'/minecraft:the_nether
[15:47:35] [Server thread/INFO]: Saving chunks for level 'ServerLevel[≥¢ ‘]'/minecraft:the_end
[15:47:43] [Server thread/INFO]: Saving and pausing game...
[15:47:43] [Server thread/INFO]: Saving chunks for level 'ServerLevel[≥¢ ‘]'/minecraft:overworld
[15:47:43] [Server thread/INFO]: Saving chunks for level 'ServerLevel[≥¢ ‘]'/minecraft:the_nether
[15:47:43] [Server thread/INFO]: Saving chunks for level 'ServerLevel[≥¢ ‘]'/minecraft:the_end
[15:48:26] [Server thread/INFO]: Saving and pausing game...
[15:48:26] [Server thread/INFO]: Saving chunks for level 'ServerLevel[≥¢ ‘]'/minecraft:overworld
[15:48:26] [Server thread/INFO]: Saving chunks for level 'ServerLevel[≥¢ ‘]'/minecraft:the_nether
[15:48:26] [Server thread/INFO]: Saving chunks for level 'ServerLevel[≥¢ ‘]'/minecraft:the_end
[15:48:41] [main/WARN]: Received passengers for unknown entity
[15:48:41] [main/WARN]: Received passengers for unknown entity
[15:48:43] [Server thread/INFO]: Saving and pausing game...
[15:48:43] [Server thread/INFO]: Saving chunks for level 'ServerLevel[≥¢ ‘]'/minecraft:overworld
[15:48:43] [Server thread/INFO]: Saving chunks for level 'ServerLevel[≥¢ ‘]'/minecraft:the_nether
[15:48:43] [Server thread/INFO]: Saving chunks for level 'ServerLevel[≥¢ ‘]'/minecraft:the_end
[15:49:13] [main/WARN]: Received passengers for unknown entity
[15:49:13] [main/WARN]: Received passengers for unknown entity
[15:49:14] [Server thread/INFO]: Saving and pausing game...
[15:49:14] [Server thread/INFO]: Saving chunks for level 'ServerLevel[≥¢ ‘]'/minecraft:overworld
[15:49:14] [Server thread/INFO]: Saving chunks for level 'ServerLevel[≥¢ ‘]'/minecraft:the_nether
[15:49:14] [Server thread/INFO]: Saving chunks for level 'ServerLevel[≥¢ ‘]'/minecraft:the_end
[15:49:20] [Server thread/INFO]: Saving and pausing game...
[15:49:20] [Server thread/INFO]: Saving chunks for level 'ServerLevel[≥¢ ‘]'/minecraft:overworld
[15:49:20] [Server thread/INFO]: Saving chunks for level 'ServerLevel[≥¢ ‘]'/minecraft:the_nether
[15:49:20] [Server thread/INFO]: Saving chunks for level 'ServerLevel[≥¢ ‘]'/minecraft:the_end
[15:49:27] [Server thread/INFO]: Saving and pausing game...
[15:49:27] [Server thread/INFO]: Saving chunks for level 'ServerLevel[≥¢ ‘]'/minecraft:overworld
[15:49:27] [Server thread/INFO]: Saving chunks for level 'ServerLevel[≥¢ ‘]'/minecraft:the_nether
[15:49:27] [Server thread/INFO]: Saving chunks for level 'ServerLevel[≥¢ ‘]'/minecraft:the_end
[15:50:08] [main/WARN]: Received passengers for unknown entity
[15:50:08] [main/WARN]: Received passengers for unknown entity
[15:52:01] [main/WARN]: Received passengers for unknown entity
[15:52:01] [main/WARN]: Received passengers for unknown entity
[15:52:14] [main/WARN]: Received passengers for unknown entity
[15:52:14] [main/WARN]: Received passengers for unknown entity
[15:55:26] [Server thread/INFO]: Saving and pausing game...
[15:55:26] [Server thread/INFO]: Saving chunks for level 'ServerLevel[≥¢ ‘]'/minecraft:overworld
[15:55:26] [Server thread/INFO]: Saving chunks for level 'ServerLevel[≥¢ ‘]'/minecraft:the_nether
[15:55:26] [Server thread/INFO]: Saving chunks for level 'ServerLevel[≥¢ ‘]'/minecraft:the_end
[15:58:20] [Server thread/INFO]: [test: Ω´ ±º‰…ËŒ™1000]
[15:58:32] [Server thread/INFO]: [test: ”Œœ∑πÊ‘ÚdoDaylightCycle“—±ª…ËŒ™£∫false]
[16:02:50] [main/WARN]: Received passengers for unknown entity
[16:02:50] [main/WARN]: Received passengers for unknown entity
[16:03:02] [main/WARN]: Received passengers for unknown entity
[16:03:02] [main/WARN]: Received passengers for unknown entity
[16:03:45] [main/WARN]: Received passengers for unknown entity
[16:03:45] [main/WARN]: Received passengers for unknown entity
[16:04:12] [main/WARN]: Received passengers for unknown entity
[16:04:12] [main/WARN]: Received passengers for unknown entity
[16:05:06] [main/WARN]: Received passengers for unknown entity
[16:05:06] [main/WARN]: Received passengers for unknown entity
[16:05:10] [main/WARN]: Received passengers for unknown entity
[16:05:10] [main/WARN]: Received passengers for unknown entity
[16:05:19] [main/WARN]: Received passengers for unknown entity
[16:05:19] [main/WARN]: Received passengers for unknown entity
[16:05:24] [main/WARN]: Received passengers for unknown entity
[16:05:24] [main/WARN]: Received passengers for unknown entity
[16:06:01] [main/WARN]: Received passengers for unknown entity
[16:06:01] [main/WARN]: Received passengers for unknown entity
[16:06:05] [main/WARN]: Received passengers for unknown entity
[16:06:05] [main/WARN]: Received passengers for unknown entity
[16:06:22] [main/WARN]: Received passengers for unknown entity
[16:06:22] [main/WARN]: Received passengers for unknown entity
[16:07:19] [main/WARN]: Received passengers for unknown entity
[16:07:19] [main/WARN]: Received passengers for unknown entity
[16:07:24] [main/WARN]: Received passengers for unknown entity
[16:07:24] [main/WARN]: Received passengers for unknown entity
[16:07:29] [main/WARN]: Received passengers for unknown entity
[16:07:29] [main/WARN]: Received passengers for unknown entity
[16:07:38] [main/WARN]: Received passengers for unknown entity
[16:07:38] [main/WARN]: Received passengers for unknown entity
[16:07:49] [main/WARN]: Received passengers for unknown entity
[16:07:49] [main/WARN]: Received passengers for unknown entity
[16:07:54] [main/WARN]: Received passengers for unknown entity
[16:07:54] [main/WARN]: Received passengers for unknown entity
[16:07:55] [main/WARN]: Received passengers for unknown entity
[16:07:55] [main/WARN]: Received passengers for unknown entity
[16:08:19] [main/WARN]: Received passengers for unknown entity
[16:08:19] [main/WARN]: Received passengers for unknown entity
[16:08:22] [main/WARN]: Received passengers for unknown entity
[16:08:22] [main/WARN]: Received passengers for unknown entity
[16:08:26] [main/WARN]: Received passengers for unknown entity
[16:08:26] [main/WARN]: Received passengers for unknown entity
[16:08:28] [main/WARN]: Received passengers for unknown entity
[16:08:28] [main/WARN]: Received passengers for unknown entity
[16:08:29] [main/WARN]: Received passengers for unknown entity
[16:08:29] [main/WARN]: Received passengers for unknown entity
[16:09:02] [main/WARN]: Received passengers for unknown entity
[16:09:02] [main/WARN]: Received passengers for unknown entity
[16:09:11] [main/WARN]: Received passengers for unknown entity
[16:09:11] [main/WARN]: Received passengers for unknown entity
[16:09:18] [main/WARN]: Received passengers for unknown entity
[16:09:18] [main/WARN]: Received passengers for unknown entity
[16:09:24] [main/WARN]: Received passengers for unknown entity
[16:09:24] [main/WARN]: Received passengers for unknown entity
[16:09:35] [main/WARN]: Received passengers for unknown entity
[16:09:35] [main/WARN]: Received passengers for unknown entity
[16:10:56] [main/WARN]: Received passengers for unknown entity
[16:10:56] [main/WARN]: Received passengers for unknown entity
[16:11:33] [main/WARN]: Received passengers for unknown entity
[16:11:33] [main/WARN]: Received passengers for unknown entity
[16:11:37] [main/WARN]: Received passengers for unknown entity
[16:11:37] [main/WARN]: Received passengers for unknown entity
[16:11:42] [main/WARN]: Received passengers for unknown entity
[16:11:42] [main/WARN]: Received passengers for unknown entity
[16:12:01] [main/WARN]: Received passengers for unknown entity
[16:12:01] [main/WARN]: Received passengers for unknown entity
[16:13:48] [main/WARN]: Received passengers for unknown entity
[16:13:48] [main/WARN]: Received passengers for unknown entity
[16:18:47] [Server thread/INFO]: Saving and pausing game...
[16:18:47] [Server thread/INFO]: Saving chunks for level 'ServerLevel[≥¢ ‘]'/minecraft:overworld
[16:18:47] [Server thread/INFO]: Saving chunks for level 'ServerLevel[≥¢ ‘]'/minecraft:the_nether
[16:18:47] [Server thread/INFO]: Saving chunks for level 'ServerLevel[≥¢ ‘]'/minecraft:the_end
[16:18:48] [Server thread/INFO]: test lost connection: ¡¨Ω”÷–÷π
[16:18:48] [Server thread/INFO]: testÕÀ≥ˆ¡À”Œœ∑
[16:18:48] [Server thread/INFO]: Stopping singleplayer server as player logged out
[16:18:48] [Server thread/INFO]: Stopping server
[16:18:48] [Server thread/INFO]: Saving players
[16:18:48] [Server thread/INFO]: Saving worlds
[16:18:48] [Server thread/INFO]: Saving chunks for level 'ServerLevel[≥¢ ‘]'/minecraft:overworld
[16:18:48] [Server thread/INFO]: ThreadedAnvilChunkStorage (≥¢ ‘ (1)): All chunks are saved
[16:18:48] [Server thread/INFO]: Saving chunks for level 'ServerLevel[≥¢ ‘]'/minecraft:the_nether
[16:18:48] [Server thread/INFO]: ThreadedAnvilChunkStorage (DIM-1): All chunks are saved
[16:18:48] [Server thread/INFO]: Saving chunks for level 'ServerLevel[≥¢ ‘]'/minecraft:the_end
[16:18:48] [Server thread/INFO]: ThreadedAnvilChunkStorage (DIM1): All chunks are saved
[16:18:48] [Server thread/INFO]: ThreadedAnvilChunkStorage (≥¢ ‘ (1)): All chunks are saved
[16:18:48] [Server thread/INFO]: ThreadedAnvilChunkStorage (DIM-1): All chunks are saved
[16:18:48] [Server thread/INFO]: ThreadedAnvilChunkStorage (DIM1): All chunks are saved
[16:18:56] [main/INFO]: Stopping!
